CRITICAL - 2022-03-23 01:33:08 --> Undefined variable: file
#0 D:\xampp\htdocs\codeigniter4\app\Views\admin\memokeluar.php(88): CodeIgniter\Debug\Exceptions->errorHandler(8, 'Undefined varia...', 'D:\\xampp\\htdocs...', 88, Array)
#1 D:\xampp\htdocs\codeigniter4\system\View\View.php(210): include('D:\\xampp\\htdocs...')
#2 D:\xampp\htdocs\codeigniter4\system\View\View.php(213): CodeIgniter\View\View->CodeIgniter\View\{closure}()
#3 D:\xampp\htdocs\codeigniter4\system\Common.php(1089): CodeIgniter\View\View->render('admin/memokelua...', Array, true)
#4 D:\xampp\htdocs\codeigniter4\app\Controllers\MemoKeluar.php(32): view('admin/memokelua...', Array)
#5 D:\xampp\htdocs\codeigniter4\system\CodeIgniter.php(825): App\Controllers\MemoKeluar->index()
#6 D:\xampp\htdocs\codeigniter4\system\CodeIgniter.php(412): CodeIgniter\CodeIgniter->runController(Object(App\Controllers\MemoKeluar))
#7 D:\xampp\htdocs\codeigniter4\system\CodeIgniter.php(320): CodeIgniter\CodeIgniter->handleRequest(NULL, Object(Config\Cache), false)
#8 D:\xampp\htdocs\codeigniter4\public\index.php(37): CodeIgniter\CodeIgniter->run()
#9 D:\xampp\htdocs\codeigniter4\system\Commands\Server\rewrite.php(43): require_once('D:\\xampp\\htdocs...')
#10 {main}
CRITICAL - 2022-03-23 01:34:10 --> Undefined variable: file
#0 D:\xampp\htdocs\codeigniter4\app\Views\admin\memokeluar.php(88): CodeIgniter\Debug\Exceptions->errorHandler(8, 'Undefined varia...', 'D:\\xampp\\htdocs...', 88, Array)
#1 D:\xampp\htdocs\codeigniter4\system\View\View.php(210): include('D:\\xampp\\htdocs...')
#2 D:\xampp\htdocs\codeigniter4\system\View\View.php(213): CodeIgniter\View\View->CodeIgniter\View\{closure}()
#3 D:\xampp\htdocs\codeigniter4\system\Common.php(1089): CodeIgniter\View\View->render('admin/memokelua...', Array, true)
#4 D:\xampp\htdocs\codeigniter4\app\Controllers\MemoKeluar.php(32): view('admin/memokelua...', Array)
#5 D:\xampp\htdocs\codeigniter4\system\CodeIgniter.php(825): App\Controllers\MemoKeluar->index()
#6 D:\xampp\htdocs\codeigniter4\system\CodeIgniter.php(412): CodeIgniter\CodeIgniter->runController(Object(App\Controllers\MemoKeluar))
#7 D:\xampp\htdocs\codeigniter4\system\CodeIgniter.php(320): CodeIgniter\CodeIgniter->handleRequest(NULL, Object(Config\Cache), false)
#8 D:\xampp\htdocs\codeigniter4\public\index.php(37): CodeIgniter\CodeIgniter->run()
#9 D:\xampp\htdocs\codeigniter4\system\Commands\Server\rewrite.php(43): require_once('D:\\xampp\\htdocs...')
#10 {main}
CRITICAL - 2022-03-23 01:34:51 --> Undefined variable: file
#0 D:\xampp\htdocs\codeigniter4\app\Views\admin\memokeluar.php(88): CodeIgniter\Debug\Exceptions->errorHandler(8, 'Undefined varia...', 'D:\\xampp\\htdocs...', 88, Array)
#1 D:\xampp\htdocs\codeigniter4\system\View\View.php(210): include('D:\\xampp\\htdocs...')
#2 D:\xampp\htdocs\codeigniter4\system\View\View.php(213): CodeIgniter\View\View->CodeIgniter\View\{closure}()
#3 D:\xampp\htdocs\codeigniter4\system\Common.php(1089): CodeIgniter\View\View->render('admin/memokelua...', Array, true)
#4 D:\xampp\htdocs\codeigniter4\app\Controllers\MemoKeluar.php(32): view('admin/memokelua...', Array)
#5 D:\xampp\htdocs\codeigniter4\system\CodeIgniter.php(825): App\Controllers\MemoKeluar->index()
#6 D:\xampp\htdocs\codeigniter4\system\CodeIgniter.php(412): CodeIgniter\CodeIgniter->runController(Object(App\Controllers\MemoKeluar))
#7 D:\xampp\htdocs\codeigniter4\system\CodeIgniter.php(320): CodeIgniter\CodeIgniter->handleRequest(NULL, Object(Config\Cache), false)
#8 D:\xampp\htdocs\codeigniter4\public\index.php(37): CodeIgniter\CodeIgniter->run()
#9 D:\xampp\htdocs\codeigniter4\system\Commands\Server\rewrite.php(43): require_once('D:\\xampp\\htdocs...')
#10 {main}
CRITICAL - 2022-03-23 02:04:29 --> Undefined variable: memokeluar
#0 D:\xampp\htdocs\codeigniter4\app\Views\admin\formulir.php(72): CodeIgniter\Debug\Exceptions->errorHandler(8, 'Undefined varia...', 'D:\\xampp\\htdocs...', 72, Array)
#1 D:\xampp\htdocs\codeigniter4\system\View\View.php(210): include('D:\\xampp\\htdocs...')
#2 D:\xampp\htdocs\codeigniter4\system\View\View.php(213): CodeIgniter\View\View->CodeIgniter\View\{closure}()
#3 D:\xampp\htdocs\codeigniter4\system\Common.php(1089): CodeIgniter\View\View->render('admin/formulir', Array, true)
#4 D:\xampp\htdocs\codeigniter4\app\Controllers\Formulir.php(32): view('admin/formulir', Array)
#5 D:\xampp\htdocs\codeigniter4\system\CodeIgniter.php(825): App\Controllers\Formulir->index()
#6 D:\xampp\htdocs\codeigniter4\system\CodeIgniter.php(412): CodeIgniter\CodeIgniter->runController(Object(App\Controllers\Formulir))
#7 D:\xampp\htdocs\codeigniter4\system\CodeIgniter.php(320): CodeIgniter\CodeIgniter->handleRequest(NULL, Object(Config\Cache), false)
#8 D:\xampp\htdocs\codeigniter4\public\index.php(37): CodeIgniter\CodeIgniter->run()
#9 D:\xampp\htdocs\codeigniter4\system\Commands\Server\rewrite.php(43): require_once('D:\\xampp\\htdocs...')
#10 {main}
CRITICAL - 2022-03-23 02:04:48 --> Undefined variable: row
#0 D:\xampp\htdocs\codeigniter4\app\Views\admin\formulir.php(137): CodeIgniter\Debug\Exceptions->errorHandler(8, 'Undefined varia...', 'D:\\xampp\\htdocs...', 137, Array)
#1 D:\xampp\htdocs\codeigniter4\system\View\View.php(210): include('D:\\xampp\\htdocs...')
#2 D:\xampp\htdocs\codeigniter4\system\View\View.php(213): CodeIgniter\View\View->CodeIgniter\View\{closure}()
#3 D:\xampp\htdocs\codeigniter4\system\Common.php(1089): CodeIgniter\View\View->render('admin/formulir', Array, true)
#4 D:\xampp\htdocs\codeigniter4\app\Controllers\Formulir.php(32): view('admin/formulir', Array)
#5 D:\xampp\htdocs\codeigniter4\system\CodeIgniter.php(825): App\Controllers\Formulir->index()
#6 D:\xampp\htdocs\codeigniter4\system\CodeIgniter.php(412): CodeIgniter\CodeIgniter->runController(Object(App\Controllers\Formulir))
#7 D:\xampp\htdocs\codeigniter4\system\CodeIgniter.php(320): CodeIgniter\CodeIgniter->handleRequest(NULL, Object(Config\Cache), false)
#8 D:\xampp\htdocs\codeigniter4\public\index.php(37): CodeIgniter\CodeIgniter->run()
#9 D:\xampp\htdocs\codeigniter4\system\Commands\Server\rewrite.php(43): require_once('D:\\xampp\\htdocs...')
#10 {main}
CRITICAL - 2022-03-23 02:05:20 --> Call to undefined method App\Models\Formulir_Model::getdata
#0 D:\xampp\htdocs\codeigniter4\app\Controllers\Formulir.php(58): CodeIgniter\Model->__call('getdata', Array)
#1 D:\xampp\htdocs\codeigniter4\system\CodeIgniter.php(825): App\Controllers\Formulir->addformulir()
#2 D:\xampp\htdocs\codeigniter4\system\CodeIgniter.php(412): CodeIgniter\CodeIgniter->runController(Object(App\Controllers\Formulir))
#3 D:\xampp\htdocs\codeigniter4\system\CodeIgniter.php(320): CodeIgniter\CodeIgniter->handleRequest(NULL, Object(Config\Cache), false)
#4 D:\xampp\htdocs\codeigniter4\public\index.php(37): CodeIgniter\CodeIgniter->run()
#5 D:\xampp\htdocs\codeigniter4\system\Commands\Server\rewrite.php(43): require_once('D:\\xampp\\htdocs...')
#6 {main}
CRITICAL - 2022-03-23 02:08:35 --> Undefined index: id
#0 D:\xampp\htdocs\codeigniter4\app\Views\admin\formulir.php(78): CodeIgniter\Debug\Exceptions->errorHandler(8, 'Undefined index...', 'D:\\xampp\\htdocs...', 78, Array)
#1 D:\xampp\htdocs\codeigniter4\system\View\View.php(210): include('D:\\xampp\\htdocs...')
#2 D:\xampp\htdocs\codeigniter4\system\View\View.php(213): CodeIgniter\View\View->CodeIgniter\View\{closure}()
#3 D:\xampp\htdocs\codeigniter4\system\Common.php(1089): CodeIgniter\View\View->render('admin/formulir', Array, true)
#4 D:\xampp\htdocs\codeigniter4\app\Controllers\Formulir.php(32): view('admin/formulir', Array)
#5 D:\xampp\htdocs\codeigniter4\system\CodeIgniter.php(825): App\Controllers\Formulir->index()
#6 D:\xampp\htdocs\codeigniter4\system\CodeIgniter.php(412): CodeIgniter\CodeIgniter->runController(Object(App\Controllers\Formulir))
#7 D:\xampp\htdocs\codeigniter4\system\CodeIgniter.php(320): CodeIgniter\CodeIgniter->handleRequest(NULL, Object(Config\Cache), false)
#8 D:\xampp\htdocs\codeigniter4\public\index.php(37): CodeIgniter\CodeIgniter->run()
#9 D:\xampp\htdocs\codeigniter4\system\Commands\Server\rewrite.php(43): require_once('D:\\xampp\\htdocs...')
#10 {main}
CRITICAL - 2022-03-23 02:09:01 --> Undefined index: id
#0 D:\xampp\htdocs\codeigniter4\app\Views\admin\formulir.php(78): CodeIgniter\Debug\Exceptions->errorHandler(8, 'Undefined index...', 'D:\\xampp\\htdocs...', 78, Array)
#1 D:\xampp\htdocs\codeigniter4\system\View\View.php(210): include('D:\\xampp\\htdocs...')
#2 D:\xampp\htdocs\codeigniter4\system\View\View.php(213): CodeIgniter\View\View->CodeIgniter\View\{closure}()
#3 D:\xampp\htdocs\codeigniter4\system\Common.php(1089): CodeIgniter\View\View->render('admin/formulir', Array, true)
#4 D:\xampp\htdocs\codeigniter4\app\Controllers\Formulir.php(32): view('admin/formulir', Array)
#5 D:\xampp\htdocs\codeigniter4\system\CodeIgniter.php(825): App\Controllers\Formulir->index()
#6 D:\xampp\htdocs\codeigniter4\system\CodeIgniter.php(412): CodeIgniter\CodeIgniter->runController(Object(App\Controllers\Formulir))
#7 D:\xampp\htdocs\codeigniter4\system\CodeIgniter.php(320): CodeIgniter\CodeIgniter->handleRequest(NULL, Object(Config\Cache), false)
#8 D:\xampp\htdocs\codeigniter4\public\index.php(37): CodeIgniter\CodeIgniter->run()
#9 D:\xampp\htdocs\codeigniter4\system\Commands\Server\rewrite.php(43): require_once('D:\\xampp\\htdocs...')
#10 {main}
CRITICAL - 2022-03-23 02:09:51 --> Undefined index: id
#0 D:\xampp\htdocs\codeigniter4\app\Views\admin\formulir.php(78): CodeIgniter\Debug\Exceptions->errorHandler(8, 'Undefined index...', 'D:\\xampp\\htdocs...', 78, Array)
#1 D:\xampp\htdocs\codeigniter4\system\View\View.php(210): include('D:\\xampp\\htdocs...')
#2 D:\xampp\htdocs\codeigniter4\system\View\View.php(213): CodeIgniter\View\View->CodeIgniter\View\{closure}()
#3 D:\xampp\htdocs\codeigniter4\system\Common.php(1089): CodeIgniter\View\View->render('admin/formulir', Array, true)
#4 D:\xampp\htdocs\codeigniter4\app\Controllers\Formulir.php(32): view('admin/formulir', Array)
#5 D:\xampp\htdocs\codeigniter4\system\CodeIgniter.php(825): App\Controllers\Formulir->index()
#6 D:\xampp\htdocs\codeigniter4\system\CodeIgniter.php(412): CodeIgniter\CodeIgniter->runController(Object(App\Controllers\Formulir))
#7 D:\xampp\htdocs\codeigniter4\system\CodeIgniter.php(320): CodeIgniter\CodeIgniter->handleRequest(NULL, Object(Config\Cache), false)
#8 D:\xampp\htdocs\codeigniter4\public\index.php(37): CodeIgniter\CodeIgniter->run()
#9 D:\xampp\htdocs\codeigniter4\system\Commands\Server\rewrite.php(43): require_once('D:\\xampp\\htdocs...')
#10 {main}
CRITICAL - 2022-03-23 02:13:12 --> Undefined variable: pager
#0 D:\xampp\htdocs\codeigniter4\app\Views\admin\formulir.php(87): CodeIgniter\Debug\Exceptions->errorHandler(8, 'Undefined varia...', 'D:\\xampp\\htdocs...', 87, Array)
#1 D:\xampp\htdocs\codeigniter4\system\View\View.php(210): include('D:\\xampp\\htdocs...')
#2 D:\xampp\htdocs\codeigniter4\system\View\View.php(213): CodeIgniter\View\View->CodeIgniter\View\{closure}()
#3 D:\xampp\htdocs\codeigniter4\system\Common.php(1089): CodeIgniter\View\View->render('admin/formulir', Array, true)
#4 D:\xampp\htdocs\codeigniter4\app\Controllers\Formulir.php(103): view('admin/formulir', Array)
#5 D:\xampp\htdocs\codeigniter4\system\CodeIgniter.php(825): App\Controllers\Formulir->ubahformulir()
#6 D:\xampp\htdocs\codeigniter4\system\CodeIgniter.php(412): CodeIgniter\CodeIgniter->runController(Object(App\Controllers\Formulir))
#7 D:\xampp\htdocs\codeigniter4\system\CodeIgniter.php(320): CodeIgniter\CodeIgniter->handleRequest(NULL, Object(Config\Cache), false)
#8 D:\xampp\htdocs\codeigniter4\public\index.php(37): CodeIgniter\CodeIgniter->run()
#9 D:\xampp\htdocs\codeigniter4\system\Commands\Server\rewrite.php(43): require_once('D:\\xampp\\htdocs...')
#10 {main}
CRITICAL - 2022-03-23 02:13:57 --> Undefined variable: pager
#0 D:\xampp\htdocs\codeigniter4\app\Views\admin\formulir.php(87): CodeIgniter\Debug\Exceptions->errorHandler(8, 'Undefined varia...', 'D:\\xampp\\htdocs...', 87, Array)
#1 D:\xampp\htdocs\codeigniter4\system\View\View.php(210): include('D:\\xampp\\htdocs...')
#2 D:\xampp\htdocs\codeigniter4\system\View\View.php(213): CodeIgniter\View\View->CodeIgniter\View\{closure}()
#3 D:\xampp\htdocs\codeigniter4\system\Common.php(1089): CodeIgniter\View\View->render('admin/formulir', Array, true)
#4 D:\xampp\htdocs\codeigniter4\app\Controllers\Formulir.php(103): view('admin/formulir', Array)
#5 D:\xampp\htdocs\codeigniter4\system\CodeIgniter.php(825): App\Controllers\Formulir->ubahformulir()
#6 D:\xampp\htdocs\codeigniter4\system\CodeIgniter.php(412): CodeIgniter\CodeIgniter->runController(Object(App\Controllers\Formulir))
#7 D:\xampp\htdocs\codeigniter4\system\CodeIgniter.php(320): CodeIgniter\CodeIgniter->handleRequest(NULL, Object(Config\Cache), false)
#8 D:\xampp\htdocs\codeigniter4\public\index.php(37): CodeIgniter\CodeIgniter->run()
#9 D:\xampp\htdocs\codeigniter4\system\Commands\Server\rewrite.php(43): require_once('D:\\xampp\\htdocs...')
#10 {main}
CRITICAL - 2022-03-23 02:14:09 --> Undefined variable: pager
#0 D:\xampp\htdocs\codeigniter4\app\Views\admin\formulir.php(87): CodeIgniter\Debug\Exceptions->errorHandler(8, 'Undefined varia...', 'D:\\xampp\\htdocs...', 87, Array)
#1 D:\xampp\htdocs\codeigniter4\system\View\View.php(210): include('D:\\xampp\\htdocs...')
#2 D:\xampp\htdocs\codeigniter4\system\View\View.php(213): CodeIgniter\View\View->CodeIgniter\View\{closure}()
#3 D:\xampp\htdocs\codeigniter4\system\Common.php(1089): CodeIgniter\View\View->render('admin/formulir', Array, true)
#4 D:\xampp\htdocs\codeigniter4\app\Controllers\Formulir.php(103): view('admin/formulir', Array)
#5 D:\xampp\htdocs\codeigniter4\system\CodeIgniter.php(825): App\Controllers\Formulir->ubahformulir()
#6 D:\xampp\htdocs\codeigniter4\system\CodeIgniter.php(412): CodeIgniter\CodeIgniter->runController(Object(App\Controllers\Formulir))
#7 D:\xampp\htdocs\codeigniter4\system\CodeIgniter.php(320): CodeIgniter\CodeIgniter->handleRequest(NULL, Object(Config\Cache), false)
#8 D:\xampp\htdocs\codeigniter4\public\index.php(37): CodeIgniter\CodeIgniter->run()
#9 D:\xampp\htdocs\codeigniter4\system\Commands\Server\rewrite.php(43): require_once('D:\\xampp\\htdocs...')
#10 {main}
CRITICAL - 2022-03-23 02:17:09 --> Undefined variable: pager
#0 D:\xampp\htdocs\codeigniter4\app\Views\admin\formulir.php(87): CodeIgniter\Debug\Exceptions->errorHandler(8, 'Undefined varia...', 'D:\\xampp\\htdocs...', 87, Array)
#1 D:\xampp\htdocs\codeigniter4\system\View\View.php(210): include('D:\\xampp\\htdocs...')
#2 D:\xampp\htdocs\codeigniter4\system\View\View.php(213): CodeIgniter\View\View->CodeIgniter\View\{closure}()
#3 D:\xampp\htdocs\codeigniter4\system\Common.php(1089): CodeIgniter\View\View->render('admin/formulir', Array, true)
#4 D:\xampp\htdocs\codeigniter4\app\Controllers\Formulir.php(103): view('admin/formulir', Array)
#5 D:\xampp\htdocs\codeigniter4\system\CodeIgniter.php(825): App\Controllers\Formulir->ubahformulir()
#6 D:\xampp\htdocs\codeigniter4\system\CodeIgniter.php(412): CodeIgniter\CodeIgniter->runController(Object(App\Controllers\Formulir))
#7 D:\xampp\htdocs\codeigniter4\system\CodeIgniter.php(320): CodeIgniter\CodeIgniter->handleRequest(NULL, Object(Config\Cache), false)
#8 D:\xampp\htdocs\codeigniter4\public\index.php(37): CodeIgniter\CodeIgniter->run()
#9 D:\xampp\htdocs\codeigniter4\system\Commands\Server\rewrite.php(43): require_once('D:\\xampp\\htdocs...')
#10 {main}
ERROR - 2022-03-23 02:18:28 --> Unknown column 'id_formulir' in 'where clause'
CRITICAL - 2022-03-23 02:20:41 --> Undefined variable: pager
#0 D:\xampp\htdocs\codeigniter4\app\Views\admin\formulir.php(87): CodeIgniter\Debug\Exceptions->errorHandler(8, 'Undefined varia...', 'D:\\xampp\\htdocs...', 87, Array)
#1 D:\xampp\htdocs\codeigniter4\system\View\View.php(210): include('D:\\xampp\\htdocs...')
#2 D:\xampp\htdocs\codeigniter4\system\View\View.php(213): CodeIgniter\View\View->CodeIgniter\View\{closure}()
#3 D:\xampp\htdocs\codeigniter4\system\Common.php(1089): CodeIgniter\View\View->render('admin/formulir', Array, true)
#4 D:\xampp\htdocs\codeigniter4\app\Controllers\Formulir.php(103): view('admin/formulir', Array)
#5 D:\xampp\htdocs\codeigniter4\system\CodeIgniter.php(825): App\Controllers\Formulir->ubahformulir()
#6 D:\xampp\htdocs\codeigniter4\system\CodeIgniter.php(412): CodeIgniter\CodeIgniter->runController(Object(App\Controllers\Formulir))
#7 D:\xampp\htdocs\codeigniter4\system\CodeIgniter.php(320): CodeIgniter\CodeIgniter->handleRequest(NULL, Object(Config\Cache), false)
#8 D:\xampp\htdocs\codeigniter4\public\index.php(37): CodeIgniter\CodeIgniter->run()
#9 D:\xampp\htdocs\codeigniter4\system\Commands\Server\rewrite.php(43): require_once('D:\\xampp\\htdocs...')
#10 {main}
CRITICAL - 2022-03-23 02:21:57 --> Undefined variable: pager
#0 D:\xampp\htdocs\codeigniter4\app\Views\admin\formulir.php(87): CodeIgniter\Debug\Exceptions->errorHandler(8, 'Undefined varia...', 'D:\\xampp\\htdocs...', 87, Array)
#1 D:\xampp\htdocs\codeigniter4\system\View\View.php(210): include('D:\\xampp\\htdocs...')
#2 D:\xampp\htdocs\codeigniter4\system\View\View.php(213): CodeIgniter\View\View->CodeIgniter\View\{closure}()
#3 D:\xampp\htdocs\codeigniter4\system\Common.php(1089): CodeIgniter\View\View->render('admin/formulir', Array, true)
#4 D:\xampp\htdocs\codeigniter4\app\Controllers\Formulir.php(103): view('admin/formulir', Array)
#5 D:\xampp\htdocs\codeigniter4\system\CodeIgniter.php(825): App\Controllers\Formulir->ubahformulir()
#6 D:\xampp\htdocs\codeigniter4\system\CodeIgniter.php(412): CodeIgniter\CodeIgniter->runController(Object(App\Controllers\Formulir))
#7 D:\xampp\htdocs\codeigniter4\system\CodeIgniter.php(320): CodeIgniter\CodeIgniter->handleRequest(NULL, Object(Config\Cache), false)
#8 D:\xampp\htdocs\codeigniter4\public\index.php(37): CodeIgniter\CodeIgniter->run()
#9 D:\xampp\htdocs\codeigniter4\system\Commands\Server\rewrite.php(43): require_once('D:\\xampp\\htdocs...')
#10 {main}
CRITICAL - 2022-03-23 02:41:58 --> Undefined index: kepada
#0 D:\xampp\htdocs\codeigniter4\app\Views\admin\formulir.php(76): CodeIgniter\Debug\Exceptions->errorHandler(8, 'Undefined index...', 'D:\\xampp\\htdocs...', 76, Array)
#1 D:\xampp\htdocs\codeigniter4\system\View\View.php(210): include('D:\\xampp\\htdocs...')
#2 D:\xampp\htdocs\codeigniter4\system\View\View.php(213): CodeIgniter\View\View->CodeIgniter\View\{closure}()
#3 D:\xampp\htdocs\codeigniter4\system\Common.php(1089): CodeIgniter\View\View->render('admin/formulir', Array, true)
#4 D:\xampp\htdocs\codeigniter4\app\Controllers\Formulir.php(32): view('admin/formulir', Array)
#5 D:\xampp\htdocs\codeigniter4\system\CodeIgniter.php(825): App\Controllers\Formulir->index()
#6 D:\xampp\htdocs\codeigniter4\system\CodeIgniter.php(412): CodeIgniter\CodeIgniter->runController(Object(App\Controllers\Formulir))
#7 D:\xampp\htdocs\codeigniter4\system\CodeIgniter.php(320): CodeIgniter\CodeIgniter->handleRequest(NULL, Object(Config\Cache), false)
#8 D:\xampp\htdocs\codeigniter4\public\index.php(37): CodeIgniter\CodeIgniter->run()
#9 D:\xampp\htdocs\codeigniter4\system\Commands\Server\rewrite.php(43): require_once('D:\\xampp\\htdocs...')
#10 {main}
CRITICAL - 2022-03-23 02:54:43 --> Call to undefined method App\Models\Formulir_Model::getdata
#0 D:\xampp\htdocs\codeigniter4\app\Controllers\Formulir.php(58): CodeIgniter\Model->__call('getdata', Array)
#1 D:\xampp\htdocs\codeigniter4\system\CodeIgniter.php(825): App\Controllers\Formulir->addformulir()
#2 D:\xampp\htdocs\codeigniter4\system\CodeIgniter.php(412): CodeIgniter\CodeIgniter->runController(Object(App\Controllers\Formulir))
#3 D:\xampp\htdocs\codeigniter4\system\CodeIgniter.php(320): CodeIgniter\CodeIgniter->handleRequest(NULL, Object(Config\Cache), false)
#4 D:\xampp\htdocs\codeigniter4\public\index.php(37): CodeIgniter\CodeIgniter->run()
#5 D:\xampp\htdocs\codeigniter4\system\Commands\Server\rewrite.php(43): require_once('D:\\xampp\\htdocs...')
#6 {main}
CRITICAL - 2022-03-23 02:56:09 --> Call to undefined method App\Models\Formulir_Model::getdata
#0 D:\xampp\htdocs\codeigniter4\app\Controllers\Formulir.php(58): CodeIgniter\Model->__call('getdata', Array)
#1 D:\xampp\htdocs\codeigniter4\system\CodeIgniter.php(825): App\Controllers\Formulir->addformulir()
#2 D:\xampp\htdocs\codeigniter4\system\CodeIgniter.php(412): CodeIgniter\CodeIgniter->runController(Object(App\Controllers\Formulir))
#3 D:\xampp\htdocs\codeigniter4\system\CodeIgniter.php(320): CodeIgniter\CodeIgniter->handleRequest(NULL, Object(Config\Cache), false)
#4 D:\xampp\htdocs\codeigniter4\public\index.php(37): CodeIgniter\CodeIgniter->run()
#5 D:\xampp\htdocs\codeigniter4\system\Commands\Server\rewrite.php(43): require_once('D:\\xampp\\htdocs...')
#6 {main}
CRITICAL - 2022-03-23 02:56:42 --> Call to undefined method App\Models\Formulir_Model::getdata
#0 D:\xampp\htdocs\codeigniter4\app\Controllers\Formulir.php(58): CodeIgniter\Model->__call('getdata', Array)
#1 D:\xampp\htdocs\codeigniter4\system\CodeIgniter.php(825): App\Controllers\Formulir->addformulir()
#2 D:\xampp\htdocs\codeigniter4\system\CodeIgniter.php(412): CodeIgniter\CodeIgniter->runController(Object(App\Controllers\Formulir))
#3 D:\xampp\htdocs\codeigniter4\system\CodeIgniter.php(320): CodeIgniter\CodeIgniter->handleRequest(NULL, Object(Config\Cache), false)
#4 D:\xampp\htdocs\codeigniter4\public\index.php(37): CodeIgniter\CodeIgniter->run()
#5 D:\xampp\htdocs\codeigniter4\system\Commands\Server\rewrite.php(43): require_once('D:\\xampp\\htdocs...')
#6 {main}
CRITICAL - 2022-03-23 02:57:01 --> Call to undefined method App\Models\Formulir_Model::getdata
#0 D:\xampp\htdocs\codeigniter4\app\Controllers\Formulir.php(58): CodeIgniter\Model->__call('getdata', Array)
#1 D:\xampp\htdocs\codeigniter4\system\CodeIgniter.php(825): App\Controllers\Formulir->addformulir()
#2 D:\xampp\htdocs\codeigniter4\system\CodeIgniter.php(412): CodeIgniter\CodeIgniter->runController(Object(App\Controllers\Formulir))
#3 D:\xampp\htdocs\codeigniter4\system\CodeIgniter.php(320): CodeIgniter\CodeIgniter->handleRequest(NULL, Object(Config\Cache), false)
#4 D:\xampp\htdocs\codeigniter4\public\index.php(37): CodeIgniter\CodeIgniter->run()
#5 D:\xampp\htdocs\codeigniter4\system\Commands\Server\rewrite.php(43): require_once('D:\\xampp\\htdocs...')
#6 {main}
CRITICAL - 2022-03-23 02:57:55 --> Call to undefined method App\Models\Formulir_Model::getdata
#0 D:\xampp\htdocs\codeigniter4\app\Controllers\Formulir.php(58): CodeIgniter\Model->__call('getdata', Array)
#1 D:\xampp\htdocs\codeigniter4\system\CodeIgniter.php(825): App\Controllers\Formulir->addformulir()
#2 D:\xampp\htdocs\codeigniter4\system\CodeIgniter.php(412): CodeIgniter\CodeIgniter->runController(Object(App\Controllers\Formulir))
#3 D:\xampp\htdocs\codeigniter4\system\CodeIgniter.php(320): CodeIgniter\CodeIgniter->handleRequest(NULL, Object(Config\Cache), false)
#4 D:\xampp\htdocs\codeigniter4\public\index.php(37): CodeIgniter\CodeIgniter->run()
#5 D:\xampp\htdocs\codeigniter4\system\Commands\Server\rewrite.php(43): require_once('D:\\xampp\\htdocs...')
#6 {main}
CRITICAL - 2022-03-23 03:00:56 --> Call to undefined method App\Models\Formulir_Model::getdata
#0 D:\xampp\htdocs\codeigniter4\app\Controllers\Formulir.php(58): CodeIgniter\Model->__call('getdata', Array)
#1 D:\xampp\htdocs\codeigniter4\system\CodeIgniter.php(825): App\Controllers\Formulir->addformulir()
#2 D:\xampp\htdocs\codeigniter4\system\CodeIgniter.php(412): CodeIgniter\CodeIgniter->runController(Object(App\Controllers\Formulir))
#3 D:\xampp\htdocs\codeigniter4\system\CodeIgniter.php(320): CodeIgniter\CodeIgniter->handleRequest(NULL, Object(Config\Cache), false)
#4 D:\xampp\htdocs\codeigniter4\public\index.php(37): CodeIgniter\CodeIgniter->run()
#5 D:\xampp\htdocs\codeigniter4\system\Commands\Server\rewrite.php(43): require_once('D:\\xampp\\htdocs...')
#6 {main}
CRITICAL - 2022-03-23 03:05:37 --> Call to undefined method App\Models\Formulir_Model::getdata
#0 D:\xampp\htdocs\codeigniter4\app\Controllers\Formulir.php(58): CodeIgniter\Model->__call('getdata', Array)
#1 D:\xampp\htdocs\codeigniter4\system\CodeIgniter.php(825): App\Controllers\Formulir->addformulir()
#2 D:\xampp\htdocs\codeigniter4\system\CodeIgniter.php(412): CodeIgniter\CodeIgniter->runController(Object(App\Controllers\Formulir))
#3 D:\xampp\htdocs\codeigniter4\system\CodeIgniter.php(320): CodeIgniter\CodeIgniter->handleRequest(NULL, Object(Config\Cache), false)
#4 D:\xampp\htdocs\codeigniter4\public\index.php(37): CodeIgniter\CodeIgniter->run()
#5 D:\xampp\htdocs\codeigniter4\system\Commands\Server\rewrite.php(43): require_once('D:\\xampp\\htdocs...')
#6 {main}
CRITICAL - 2022-03-23 03:12:19 --> Call to undefined method App\Models\Formulir_Model::getdata
#0 D:\xampp\htdocs\codeigniter4\app\Controllers\Formulir.php(58): CodeIgniter\Model->__call('getdata', Array)
#1 D:\xampp\htdocs\codeigniter4\system\CodeIgniter.php(825): App\Controllers\Formulir->addformulir()
#2 D:\xampp\htdocs\codeigniter4\system\CodeIgniter.php(412): CodeIgniter\CodeIgniter->runController(Object(App\Controllers\Formulir))
#3 D:\xampp\htdocs\codeigniter4\system\CodeIgniter.php(320): CodeIgniter\CodeIgniter->handleRequest(NULL, Object(Config\Cache), false)
#4 D:\xampp\htdocs\codeigniter4\public\index.php(37): CodeIgniter\CodeIgniter->run()
#5 D:\xampp\htdocs\codeigniter4\system\Commands\Server\rewrite.php(43): require_once('D:\\xampp\\htdocs...')
#6 {main}
CRITICAL - 2022-03-23 03:12:50 --> Call to undefined method App\Models\Formulir_Model::getdata
#0 D:\xampp\htdocs\codeigniter4\app\Controllers\Formulir.php(58): CodeIgniter\Model->__call('getdata', Array)
#1 D:\xampp\htdocs\codeigniter4\system\CodeIgniter.php(825): App\Controllers\Formulir->addformulir()
#2 D:\xampp\htdocs\codeigniter4\system\CodeIgniter.php(412): CodeIgniter\CodeIgniter->runController(Object(App\Controllers\Formulir))
#3 D:\xampp\htdocs\codeigniter4\system\CodeIgniter.php(320): CodeIgniter\CodeIgniter->handleRequest(NULL, Object(Config\Cache), false)
#4 D:\xampp\htdocs\codeigniter4\public\index.php(37): CodeIgniter\CodeIgniter->run()
#5 D:\xampp\htdocs\codeigniter4\system\Commands\Server\rewrite.php(43): require_once('D:\\xampp\\htdocs...')
#6 {main}
CRITICAL - 2022-03-23 03:41:31 --> Call to undefined method App\Models\Formulir_Model::getdata
#0 D:\xampp\htdocs\codeigniter4\app\Controllers\Formulir.php(58): CodeIgniter\Model->__call('getdata', Array)
#1 D:\xampp\htdocs\codeigniter4\system\CodeIgniter.php(825): App\Controllers\Formulir->addformulir()
#2 D:\xampp\htdocs\codeigniter4\system\CodeIgniter.php(412): CodeIgniter\CodeIgniter->runController(Object(App\Controllers\Formulir))
#3 D:\xampp\htdocs\codeigniter4\system\CodeIgniter.php(320): CodeIgniter\CodeIgniter->handleRequest(NULL, Object(Config\Cache), false)
#4 D:\xampp\htdocs\codeigniter4\public\index.php(37): CodeIgniter\CodeIgniter->run()
#5 D:\xampp\htdocs\codeigniter4\system\Commands\Server\rewrite.php(43): require_once('D:\\xampp\\htdocs...')
#6 {main}
CRITICAL - 2022-03-23 03:43:05 --> Call to undefined method App\Models\Formulir_Model::getdata
#0 D:\xampp\htdocs\codeigniter4\app\Controllers\Formulir.php(51): CodeIgniter\Model->__call('getdata', Array)
#1 D:\xampp\htdocs\codeigniter4\system\CodeIgniter.php(825): App\Controllers\Formulir->addformulir()
#2 D:\xampp\htdocs\codeigniter4\system\CodeIgniter.php(412): CodeIgniter\CodeIgniter->runController(Object(App\Controllers\Formulir))
#3 D:\xampp\htdocs\codeigniter4\system\CodeIgniter.php(320): CodeIgniter\CodeIgniter->handleRequest(NULL, Object(Config\Cache), false)
#4 D:\xampp\htdocs\codeigniter4\public\index.php(37): CodeIgniter\CodeIgniter->run()
#5 D:\xampp\htdocs\codeigniter4\system\Commands\Server\rewrite.php(43): require_once('D:\\xampp\\htdocs...')
#6 {main}
CRITICAL - 2022-03-23 03:43:34 --> Call to undefined method App\Models\Formulir_Model::getdata
#0 D:\xampp\htdocs\codeigniter4\app\Controllers\Formulir.php(58): CodeIgniter\Model->__call('getdata', Array)
#1 D:\xampp\htdocs\codeigniter4\system\CodeIgniter.php(825): App\Controllers\Formulir->addformulir()
#2 D:\xampp\htdocs\codeigniter4\system\CodeIgniter.php(412): CodeIgniter\CodeIgniter->runController(Object(App\Controllers\Formulir))
#3 D:\xampp\htdocs\codeigniter4\system\CodeIgniter.php(320): CodeIgniter\CodeIgniter->handleRequest(NULL, Object(Config\Cache), false)
#4 D:\xampp\htdocs\codeigniter4\public\index.php(37): CodeIgniter\CodeIgniter->run()
#5 D:\xampp\htdocs\codeigniter4\system\Commands\Server\rewrite.php(43): require_once('D:\\xampp\\htdocs...')
#6 {main}
CRITICAL - 2022-03-23 03:44:22 --> Call to undefined method App\Models\Formulir_Model::getdata
#0 D:\xampp\htdocs\codeigniter4\app\Controllers\Formulir.php(58): CodeIgniter\Model->__call('getdata', Array)
#1 D:\xampp\htdocs\codeigniter4\system\CodeIgniter.php(825): App\Controllers\Formulir->addformulir()
#2 D:\xampp\htdocs\codeigniter4\system\CodeIgniter.php(412): CodeIgniter\CodeIgniter->runController(Object(App\Controllers\Formulir))
#3 D:\xampp\htdocs\codeigniter4\system\CodeIgniter.php(320): CodeIgniter\CodeIgniter->handleRequest(NULL, Object(Config\Cache), false)
#4 D:\xampp\htdocs\codeigniter4\public\index.php(37): CodeIgniter\CodeIgniter->run()
#5 D:\xampp\htdocs\codeigniter4\system\Commands\Server\rewrite.php(43): require_once('D:\\xampp\\htdocs...')
#6 {main}
CRITICAL - 2022-03-23 03:48:06 --> Call to undefined method App\Models\Formulir_Model::getdata
#0 D:\xampp\htdocs\codeigniter4\app\Controllers\Formulir.php(58): CodeIgniter\Model->__call('getdata', Array)
#1 D:\xampp\htdocs\codeigniter4\system\CodeIgniter.php(825): App\Controllers\Formulir->addformulir()
#2 D:\xampp\htdocs\codeigniter4\system\CodeIgniter.php(412): CodeIgniter\CodeIgniter->runController(Object(App\Controllers\Formulir))
#3 D:\xampp\htdocs\codeigniter4\system\CodeIgniter.php(320): CodeIgniter\CodeIgniter->handleRequest(NULL, Object(Config\Cache), false)
#4 D:\xampp\htdocs\codeigniter4\public\index.php(37): CodeIgniter\CodeIgniter->run()
#5 D:\xampp\htdocs\codeigniter4\system\Commands\Server\rewrite.php(43): require_once('D:\\xampp\\htdocs...')
#6 {main}
CRITICAL - 2022-03-23 04:00:07 --> 
                    mime_in[ordner,application/pdf,text/csv,application/vnd.openxmlformats-officedocument.spreadsheetml.sheet,
                    application/vnd.openxmlformats-officedocument.wordprocessingml.document] is not a valid rule.
#0 D:\xampp\htdocs\codeigniter4\system\Validation\Validation.php(300): CodeIgniter\Validation\Exceptions\ValidationException::forRuleNotFound('\r\n             ...')
#1 D:\xampp\htdocs\codeigniter4\system\Validation\Validation.php(157): CodeIgniter\Validation\Validation->processRules('ordner', 'ordner', NULL, Array, Array)
#2 D:\xampp\htdocs\codeigniter4\system\Controller.php(160): CodeIgniter\Validation\Validation->run()
#3 D:\xampp\htdocs\codeigniter4\app\Controllers\Formulir.php(39): CodeIgniter\Controller->validate(Array)
#4 D:\xampp\htdocs\codeigniter4\system\CodeIgniter.php(825): App\Controllers\Formulir->addformulir()
#5 D:\xampp\htdocs\codeigniter4\system\CodeIgniter.php(412): CodeIgniter\CodeIgniter->runController(Object(App\Controllers\Formulir))
#6 D:\xampp\htdocs\codeigniter4\system\CodeIgniter.php(320): CodeIgniter\CodeIgniter->handleRequest(NULL, Object(Config\Cache), false)
#7 D:\xampp\htdocs\codeigniter4\public\index.php(37): CodeIgniter\CodeIgniter->run()
#8 D:\xampp\htdocs\codeigniter4\system\Commands\Server\rewrite.php(43): require_once('D:\\xampp\\htdocs...')
#9 {main}
CRITICAL - 2022-03-23 04:13:08 --> Call to undefined method App\Models\Formulir_Model::getdata
#0 D:\xampp\htdocs\codeigniter4\app\Controllers\Formulir.php(58): CodeIgniter\Model->__call('getdata', Array)
#1 D:\xampp\htdocs\codeigniter4\system\CodeIgniter.php(825): App\Controllers\Formulir->addformulir()
#2 D:\xampp\htdocs\codeigniter4\system\CodeIgniter.php(412): CodeIgniter\CodeIgniter->runController(Object(App\Controllers\Formulir))
#3 D:\xampp\htdocs\codeigniter4\system\CodeIgniter.php(320): CodeIgniter\CodeIgniter->handleRequest(NULL, Object(Config\Cache), false)
#4 D:\xampp\htdocs\codeigniter4\public\index.php(37): CodeIgniter\CodeIgniter->run()
#5 D:\xampp\htdocs\codeigniter4\system\Commands\Server\rewrite.php(43): require_once('D:\\xampp\\htdocs...')
#6 {main}
CRITICAL - 2022-03-23 04:13:27 --> Call to undefined method App\Models\SuratMasuk_Model::getdata
#0 D:\xampp\htdocs\codeigniter4\app\Controllers\SuratMasuk.php(63): CodeIgniter\Model->__call('getdata', Array)
#1 D:\xampp\htdocs\codeigniter4\system\CodeIgniter.php(825): App\Controllers\SuratMasuk->addsuratmasuk()
#2 D:\xampp\htdocs\codeigniter4\system\CodeIgniter.php(412): CodeIgniter\CodeIgniter->runController(Object(App\Controllers\SuratMasuk))
#3 D:\xampp\htdocs\codeigniter4\system\CodeIgniter.php(320): CodeIgniter\CodeIgniter->handleRequest(NULL, Object(Config\Cache), false)
#4 D:\xampp\htdocs\codeigniter4\public\index.php(37): CodeIgniter\CodeIgniter->run()
#5 D:\xampp\htdocs\codeigniter4\system\Commands\Server\rewrite.php(43): require_once('D:\\xampp\\htdocs...')
#6 {main}
CRITICAL - 2022-03-23 04:19:10 --> You must set the database table to be used with your query.
#0 D:\xampp\htdocs\codeigniter4\system\Model.php(545): CodeIgniter\Database\BaseConnection->table(NULL)
#1 D:\xampp\htdocs\codeigniter4\system\Model.php(722): CodeIgniter\Model->builder()
#2 D:\xampp\htdocs\codeigniter4\app\Controllers\Home.php(19): CodeIgniter\Model->__call('tot_suratk', Array)
#3 D:\xampp\htdocs\codeigniter4\system\CodeIgniter.php(825): App\Controllers\Home->index()
#4 D:\xampp\htdocs\codeigniter4\system\CodeIgniter.php(412): CodeIgniter\CodeIgniter->runController(Object(App\Controllers\Home))
#5 D:\xampp\htdocs\codeigniter4\system\CodeIgniter.php(320): CodeIgniter\CodeIgniter->handleRequest(NULL, Object(Config\Cache), false)
#6 D:\xampp\htdocs\codeigniter4\public\index.php(37): CodeIgniter\CodeIgniter->run()
#7 D:\xampp\htdocs\codeigniter4\system\Commands\Server\rewrite.php(43): require_once('D:\\xampp\\htdocs...')
#8 {main}
CRITICAL - 2022-03-23 04:19:33 --> Undefined variable: tot_suratm
#0 D:\xampp\htdocs\codeigniter4\app\Views\admin\home.php(21): CodeIgniter\Debug\Exceptions->errorHandler(8, 'Undefined varia...', 'D:\\xampp\\htdocs...', 21, Array)
#1 D:\xampp\htdocs\codeigniter4\system\View\View.php(210): include('D:\\xampp\\htdocs...')
#2 D:\xampp\htdocs\codeigniter4\system\View\View.php(213): CodeIgniter\View\View->CodeIgniter\View\{closure}()
#3 D:\xampp\htdocs\codeigniter4\system\Common.php(1089): CodeIgniter\View\View->render('admin/home', Array, true)
#4 D:\xampp\htdocs\codeigniter4\app\Controllers\Home.php(19): view('admin/home', Array)
#5 D:\xampp\htdocs\codeigniter4\system\CodeIgniter.php(825): App\Controllers\Home->index()
#6 D:\xampp\htdocs\codeigniter4\system\CodeIgniter.php(412): CodeIgniter\CodeIgniter->runController(Object(App\Controllers\Home))
#7 D:\xampp\htdocs\codeigniter4\system\CodeIgniter.php(320): CodeIgniter\CodeIgniter->handleRequest(NULL, Object(Config\Cache), false)
#8 D:\xampp\htdocs\codeigniter4\public\index.php(37): CodeIgniter\CodeIgniter->run()
#9 D:\xampp\htdocs\codeigniter4\system\Commands\Server\rewrite.php(43): require_once('D:\\xampp\\htdocs...')
#10 {main}
