CRITICAL - 2022-02-21 00:04:23 --> Invalid file: dashboard.php
#0 D:\xampp\htdocs\codeigniter4\system\View\View.php(198): CodeIgniter\Exceptions\FrameworkException::forInvalidFile('dashboard.php')
#1 D:\xampp\htdocs\codeigniter4\system\Common.php(1089): CodeIgniter\View\View->render('dashboard', Array, true)
#2 D:\xampp\htdocs\codeigniter4\app\Controllers\Home.php(9): view('dashboard')
#3 D:\xampp\htdocs\codeigniter4\system\CodeIgniter.php(825): App\Controllers\Home->index()
#4 D:\xampp\htdocs\codeigniter4\system\CodeIgniter.php(412): CodeIgniter\CodeIgniter->runController(Object(App\Controllers\Home))
#5 D:\xampp\htdocs\codeigniter4\system\CodeIgniter.php(320): CodeIgniter\CodeIgniter->handleRequest(NULL, Object(Config\Cache), false)
#6 D:\xampp\htdocs\codeigniter4\public\index.php(37): CodeIgniter\CodeIgniter->run()
#7 D:\xampp\htdocs\codeigniter4\system\Commands\Server\rewrite.php(43): require_once('D:\\xampp\\htdocs...')
#8 {main}
CRITICAL - 2022-02-21 02:56:33 --> Call to undefined method App\Models\SuratMs_Model::getSuratMs
#0 D:\xampp\htdocs\codeigniter4\app\Controllers\SuratMasuk.php(14): CodeIgniter\Model->__call('getSuratMs', Array)
#1 D:\xampp\htdocs\codeigniter4\system\CodeIgniter.php(825): App\Controllers\SuratMasuk->index()
#2 D:\xampp\htdocs\codeigniter4\system\CodeIgniter.php(412): CodeIgniter\CodeIgniter->runController(Object(App\Controllers\SuratMasuk))
#3 D:\xampp\htdocs\codeigniter4\system\CodeIgniter.php(320): CodeIgniter\CodeIgniter->handleRequest(NULL, Object(Config\Cache), false)
#4 D:\xampp\htdocs\codeigniter4\public\index.php(37): CodeIgniter\CodeIgniter->run()
#5 D:\xampp\htdocs\codeigniter4\system\Commands\Server\rewrite.php(43): require_once('D:\\xampp\\htdocs...')
#6 {main}
CRITICAL - 2022-02-21 02:57:26 --> Call to undefined method App\Models\SuratMs_Model::getSuratms
#0 D:\xampp\htdocs\codeigniter4\app\Controllers\SuratMasuk.php(14): CodeIgniter\Model->__call('getSuratms', Array)
#1 D:\xampp\htdocs\codeigniter4\system\CodeIgniter.php(825): App\Controllers\SuratMasuk->index()
#2 D:\xampp\htdocs\codeigniter4\system\CodeIgniter.php(412): CodeIgniter\CodeIgniter->runController(Object(App\Controllers\SuratMasuk))
#3 D:\xampp\htdocs\codeigniter4\system\CodeIgniter.php(320): CodeIgniter\CodeIgniter->handleRequest(NULL, Object(Config\Cache), false)
#4 D:\xampp\htdocs\codeigniter4\public\index.php(37): CodeIgniter\CodeIgniter->run()
#5 D:\xampp\htdocs\codeigniter4\system\Commands\Server\rewrite.php(43): require_once('D:\\xampp\\htdocs...')
#6 {main}
CRITICAL - 2022-02-21 02:58:34 --> Undefined variable: getBarang
#0 D:\xampp\htdocs\codeigniter4\app\Views\admin\suratms_view.php(22): CodeIgniter\Debug\Exceptions->errorHandler(8, 'Undefined varia...', 'D:\\xampp\\htdocs...', 22, Array)
#1 D:\xampp\htdocs\codeigniter4\system\View\View.php(210): include('D:\\xampp\\htdocs...')
#2 D:\xampp\htdocs\codeigniter4\system\View\View.php(213): CodeIgniter\View\View->CodeIgniter\View\{closure}()
#3 D:\xampp\htdocs\codeigniter4\system\Common.php(1089): CodeIgniter\View\View->render('admin/suratms_v...', Array, true)
#4 D:\xampp\htdocs\codeigniter4\app\Controllers\SuratMasuk.php(16): view('admin/suratms_v...', Array)
#5 D:\xampp\htdocs\codeigniter4\system\CodeIgniter.php(825): App\Controllers\SuratMasuk->index()
#6 D:\xampp\htdocs\codeigniter4\system\CodeIgniter.php(412): CodeIgniter\CodeIgniter->runController(Object(App\Controllers\SuratMasuk))
#7 D:\xampp\htdocs\codeigniter4\system\CodeIgniter.php(320): CodeIgniter\CodeIgniter->handleRequest(NULL, Object(Config\Cache), false)
#8 D:\xampp\htdocs\codeigniter4\public\index.php(37): CodeIgniter\CodeIgniter->run()
#9 D:\xampp\htdocs\codeigniter4\system\Commands\Server\rewrite.php(43): require_once('D:\\xampp\\htdocs...')
#10 {main}
CRITICAL - 2022-02-21 03:04:29 --> Invalid file: admin/defaultAdmin.php
#0 D:\xampp\htdocs\codeigniter4\system\View\View.php(198): CodeIgniter\Exceptions\FrameworkException::forInvalidFile('admin/defaultAd...')
#1 D:\xampp\htdocs\codeigniter4\system\Common.php(1089): CodeIgniter\View\View->render('admin/defaultAd...', Array, true)
#2 D:\xampp\htdocs\codeigniter4\app\Controllers\SuratMasuk.php(15): view('admin/defaultAd...', Array)
#3 D:\xampp\htdocs\codeigniter4\system\CodeIgniter.php(825): App\Controllers\SuratMasuk->index()
#4 D:\xampp\htdocs\codeigniter4\system\CodeIgniter.php(412): CodeIgniter\CodeIgniter->runController(Object(App\Controllers\SuratMasuk))
#5 D:\xampp\htdocs\codeigniter4\system\CodeIgniter.php(320): CodeIgniter\CodeIgniter->handleRequest(NULL, Object(Config\Cache), false)
#6 D:\xampp\htdocs\codeigniter4\public\index.php(37): CodeIgniter\CodeIgniter->run()
#7 D:\xampp\htdocs\codeigniter4\system\Commands\Server\rewrite.php(43): require_once('D:\\xampp\\htdocs...')
#8 {main}
CRITICAL - 2022-02-21 03:04:53 --> Invalid file: admin/defaultadmin.php
#0 D:\xampp\htdocs\codeigniter4\system\View\View.php(198): CodeIgniter\Exceptions\FrameworkException::forInvalidFile('admin/defaultad...')
#1 D:\xampp\htdocs\codeigniter4\system\Common.php(1089): CodeIgniter\View\View->render('admin/defaultad...', Array, true)
#2 D:\xampp\htdocs\codeigniter4\app\Controllers\SuratMasuk.php(15): view('admin/defaultad...', Array)
#3 D:\xampp\htdocs\codeigniter4\system\CodeIgniter.php(825): App\Controllers\SuratMasuk->index()
#4 D:\xampp\htdocs\codeigniter4\system\CodeIgniter.php(412): CodeIgniter\CodeIgniter->runController(Object(App\Controllers\SuratMasuk))
#5 D:\xampp\htdocs\codeigniter4\system\CodeIgniter.php(320): CodeIgniter\CodeIgniter->handleRequest(NULL, Object(Config\Cache), false)
#6 D:\xampp\htdocs\codeigniter4\public\index.php(37): CodeIgniter\CodeIgniter->run()
#7 D:\xampp\htdocs\codeigniter4\system\Commands\Server\rewrite.php(43): require_once('D:\\xampp\\htdocs...')
#8 {main}
CRITICAL - 2022-02-21 03:17:16 --> Invalid file: header_view.php
#0 D:\xampp\htdocs\codeigniter4\system\View\View.php(198): CodeIgniter\Exceptions\FrameworkException::forInvalidFile('header_view.php')
#1 D:\xampp\htdocs\codeigniter4\system\Common.php(1089): CodeIgniter\View\View->render('header_view', Array, true)
#2 D:\xampp\htdocs\codeigniter4\app\Controllers\SuratMasuk.php(15): view('header_view', Array)
#3 D:\xampp\htdocs\codeigniter4\system\CodeIgniter.php(825): App\Controllers\SuratMasuk->index()
#4 D:\xampp\htdocs\codeigniter4\system\CodeIgniter.php(412): CodeIgniter\CodeIgniter->runController(Object(App\Controllers\SuratMasuk))
#5 D:\xampp\htdocs\codeigniter4\system\CodeIgniter.php(320): CodeIgniter\CodeIgniter->handleRequest(NULL, Object(Config\Cache), false)
#6 D:\xampp\htdocs\codeigniter4\public\index.php(37): CodeIgniter\CodeIgniter->run()
#7 D:\xampp\htdocs\codeigniter4\system\Commands\Server\rewrite.php(43): require_once('D:\\xampp\\htdocs...')
#8 {main}
CRITICAL - 2022-02-21 20:07:48 --> Undefined index: harga_beli
#0 D:\xampp\htdocs\codeigniter4\app\Views\admin\suratms_view.php(59): CodeIgniter\Debug\Exceptions->errorHandler(8, 'Undefined index...', 'D:\\xampp\\htdocs...', 59, Array)
#1 D:\xampp\htdocs\codeigniter4\system\View\View.php(210): include('D:\\xampp\\htdocs...')
#2 D:\xampp\htdocs\codeigniter4\system\View\View.php(213): CodeIgniter\View\View->CodeIgniter\View\{closure}()
#3 D:\xampp\htdocs\codeigniter4\system\Common.php(1089): CodeIgniter\View\View->render('admin/suratms_v...', Array, true)
#4 D:\xampp\htdocs\codeigniter4\app\Controllers\SuratMasuk.php(15): view('admin/suratms_v...', Array)
#5 D:\xampp\htdocs\codeigniter4\system\CodeIgniter.php(825): App\Controllers\SuratMasuk->index()
#6 D:\xampp\htdocs\codeigniter4\system\CodeIgniter.php(412): CodeIgniter\CodeIgniter->runController(Object(App\Controllers\SuratMasuk))
#7 D:\xampp\htdocs\codeigniter4\system\CodeIgniter.php(320): CodeIgniter\CodeIgniter->handleRequest(NULL, Object(Config\Cache), false)
#8 D:\xampp\htdocs\codeigniter4\public\index.php(37): CodeIgniter\CodeIgniter->run()
#9 D:\xampp\htdocs\codeigniter4\system\Commands\Server\rewrite.php(43): require_once('D:\\xampp\\htdocs...')
#10 {main}
CRITICAL - 2022-02-21 20:08:05 --> Undefined index: id_barang
#0 D:\xampp\htdocs\codeigniter4\app\Views\admin\suratms_view.php(61): CodeIgniter\Debug\Exceptions->errorHandler(8, 'Undefined index...', 'D:\\xampp\\htdocs...', 61, Array)
#1 D:\xampp\htdocs\codeigniter4\system\View\View.php(210): include('D:\\xampp\\htdocs...')
#2 D:\xampp\htdocs\codeigniter4\system\View\View.php(213): CodeIgniter\View\View->CodeIgniter\View\{closure}()
#3 D:\xampp\htdocs\codeigniter4\system\Common.php(1089): CodeIgniter\View\View->render('admin/suratms_v...', Array, true)
#4 D:\xampp\htdocs\codeigniter4\app\Controllers\SuratMasuk.php(15): view('admin/suratms_v...', Array)
#5 D:\xampp\htdocs\codeigniter4\system\CodeIgniter.php(825): App\Controllers\SuratMasuk->index()
#6 D:\xampp\htdocs\codeigniter4\system\CodeIgniter.php(412): CodeIgniter\CodeIgniter->runController(Object(App\Controllers\SuratMasuk))
#7 D:\xampp\htdocs\codeigniter4\system\CodeIgniter.php(320): CodeIgniter\CodeIgniter->handleRequest(NULL, Object(Config\Cache), false)
#8 D:\xampp\htdocs\codeigniter4\public\index.php(37): CodeIgniter\CodeIgniter->run()
#9 D:\xampp\htdocs\codeigniter4\system\Commands\Server\rewrite.php(43): require_once('D:\\xampp\\htdocs...')
#10 {main}
CRITICAL - 2022-02-21 20:25:01 --> Undefined variable: getNamaBidang
#0 D:\xampp\htdocs\codeigniter4\app\Views\admin\suratms_view.php(85): CodeIgniter\Debug\Exceptions->errorHandler(8, 'Undefined varia...', 'D:\\xampp\\htdocs...', 85, Array)
#1 D:\xampp\htdocs\codeigniter4\system\View\View.php(210): include('D:\\xampp\\htdocs...')
#2 D:\xampp\htdocs\codeigniter4\system\View\View.php(213): CodeIgniter\View\View->CodeIgniter\View\{closure}()
#3 D:\xampp\htdocs\codeigniter4\system\Common.php(1089): CodeIgniter\View\View->render('admin/suratms_v...', Array, true)
#4 D:\xampp\htdocs\codeigniter4\app\Controllers\SuratMasuk.php(15): view('admin/suratms_v...', Array)
#5 D:\xampp\htdocs\codeigniter4\system\CodeIgniter.php(825): App\Controllers\SuratMasuk->index()
#6 D:\xampp\htdocs\codeigniter4\system\CodeIgniter.php(412): CodeIgniter\CodeIgniter->runController(Object(App\Controllers\SuratMasuk))
#7 D:\xampp\htdocs\codeigniter4\system\CodeIgniter.php(320): CodeIgniter\CodeIgniter->handleRequest(NULL, Object(Config\Cache), false)
#8 D:\xampp\htdocs\codeigniter4\public\index.php(37): CodeIgniter\CodeIgniter->run()
#9 D:\xampp\htdocs\codeigniter4\system\Commands\Server\rewrite.php(43): require_once('D:\\xampp\\htdocs...')
#10 {main}
CRITICAL - 2022-02-21 21:05:26 --> Invalid file: tambahSm.php
#0 D:\xampp\htdocs\codeigniter4\system\View\View.php(198): CodeIgniter\Exceptions\FrameworkException::forInvalidFile('tambahSm.php')
#1 D:\xampp\htdocs\codeigniter4\system\Common.php(1089): CodeIgniter\View\View->render('tambahSm', Array, true)
#2 D:\xampp\htdocs\codeigniter4\app\Controllers\SuratMasuk.php(20): view('tambahSm', Array)
#3 D:\xampp\htdocs\codeigniter4\system\CodeIgniter.php(825): App\Controllers\SuratMasuk->tambah()
#4 D:\xampp\htdocs\codeigniter4\system\CodeIgniter.php(412): CodeIgniter\CodeIgniter->runController(Object(App\Controllers\SuratMasuk))
#5 D:\xampp\htdocs\codeigniter4\system\CodeIgniter.php(320): CodeIgniter\CodeIgniter->handleRequest(NULL, Object(Config\Cache), false)
#6 D:\xampp\htdocs\codeigniter4\public\index.php(37): CodeIgniter\CodeIgniter->run()
#7 D:\xampp\htdocs\codeigniter4\system\Commands\Server\rewrite.php(43): require_once('D:\\xampp\\htdocs...')
#8 {main}
ERROR - 2022-02-21 21:20:17 --> Column 'perusahaan' cannot be null
ERROR - 2022-02-21 21:22:13 --> Column 'perusahaan' cannot be null
ERROR - 2022-02-21 21:24:41 --> Column 'perusahaan' cannot be null
CRITICAL - 2022-02-21 22:36:24 --> Undefined variable: getSuratMs
#0 D:\xampp\htdocs\codeigniter4\app\Views\admin\suratms_view.php(48): CodeIgniter\Debug\Exceptions->errorHandler(8, 'Undefined varia...', 'D:\\xampp\\htdocs...', 48, Array)
#1 D:\xampp\htdocs\codeigniter4\system\View\View.php(210): include('D:\\xampp\\htdocs...')
#2 D:\xampp\htdocs\codeigniter4\system\View\View.php(213): CodeIgniter\View\View->CodeIgniter\View\{closure}()
#3 D:\xampp\htdocs\codeigniter4\system\Common.php(1089): CodeIgniter\View\View->render('admin/suratms_v...', Array, true)
#4 D:\xampp\htdocs\codeigniter4\app\Controllers\SuratMasuk.php(24): view('admin/suratms_v...', Array)
#5 D:\xampp\htdocs\codeigniter4\system\CodeIgniter.php(825): App\Controllers\SuratMasuk->index()
#6 D:\xampp\htdocs\codeigniter4\system\CodeIgniter.php(412): CodeIgniter\CodeIgniter->runController(Object(App\Controllers\SuratMasuk))
#7 D:\xampp\htdocs\codeigniter4\system\CodeIgniter.php(320): CodeIgniter\CodeIgniter->handleRequest(NULL, Object(Config\Cache), false)
#8 D:\xampp\htdocs\codeigniter4\public\index.php(37): CodeIgniter\CodeIgniter->run()
#9 D:\xampp\htdocs\codeigniter4\system\Commands\Server\rewrite.php(43): require_once('D:\\xampp\\htdocs...')
#10 {main}
CRITICAL - 2022-02-21 22:36:27 --> Undefined variable: getSuratMs
#0 D:\xampp\htdocs\codeigniter4\app\Views\admin\suratms_view.php(48): CodeIgniter\Debug\Exceptions->errorHandler(8, 'Undefined varia...', 'D:\\xampp\\htdocs...', 48, Array)
#1 D:\xampp\htdocs\codeigniter4\system\View\View.php(210): include('D:\\xampp\\htdocs...')
#2 D:\xampp\htdocs\codeigniter4\system\View\View.php(213): CodeIgniter\View\View->CodeIgniter\View\{closure}()
#3 D:\xampp\htdocs\codeigniter4\system\Common.php(1089): CodeIgniter\View\View->render('admin/suratms_v...', Array, true)
#4 D:\xampp\htdocs\codeigniter4\app\Controllers\SuratMasuk.php(24): view('admin/suratms_v...', Array)
#5 D:\xampp\htdocs\codeigniter4\system\CodeIgniter.php(825): App\Controllers\SuratMasuk->index()
#6 D:\xampp\htdocs\codeigniter4\system\CodeIgniter.php(412): CodeIgniter\CodeIgniter->runController(Object(App\Controllers\SuratMasuk))
#7 D:\xampp\htdocs\codeigniter4\system\CodeIgniter.php(320): CodeIgniter\CodeIgniter->handleRequest(NULL, Object(Config\Cache), false)
#8 D:\xampp\htdocs\codeigniter4\public\index.php(37): CodeIgniter\CodeIgniter->run()
#9 D:\xampp\htdocs\codeigniter4\system\Commands\Server\rewrite.php(43): require_once('D:\\xampp\\htdocs...')
#10 {main}
CRITICAL - 2022-02-21 22:47:11 --> Undefined variable: surat
#0 D:\xampp\htdocs\codeigniter4\app\Views\admin\suratms_view.php(48): CodeIgniter\Debug\Exceptions->errorHandler(8, 'Undefined varia...', 'D:\\xampp\\htdocs...', 48, Array)
#1 D:\xampp\htdocs\codeigniter4\system\View\View.php(210): include('D:\\xampp\\htdocs...')
#2 D:\xampp\htdocs\codeigniter4\system\View\View.php(213): CodeIgniter\View\View->CodeIgniter\View\{closure}()
#3 D:\xampp\htdocs\codeigniter4\system\Common.php(1089): CodeIgniter\View\View->render('admin/suratms_v...', Array, true)
#4 D:\xampp\htdocs\codeigniter4\app\Controllers\SuratMasuk.php(24): view('admin/suratms_v...', Array)
#5 D:\xampp\htdocs\codeigniter4\system\CodeIgniter.php(825): App\Controllers\SuratMasuk->index()
#6 D:\xampp\htdocs\codeigniter4\system\CodeIgniter.php(412): CodeIgniter\CodeIgniter->runController(Object(App\Controllers\SuratMasuk))
#7 D:\xampp\htdocs\codeigniter4\system\CodeIgniter.php(320): CodeIgniter\CodeIgniter->handleRequest(NULL, Object(Config\Cache), false)
#8 D:\xampp\htdocs\codeigniter4\public\index.php(37): CodeIgniter\CodeIgniter->run()
#9 D:\xampp\htdocs\codeigniter4\system\Commands\Server\rewrite.php(43): require_once('D:\\xampp\\htdocs...')
#10 {main}
ERROR - 2022-02-21 22:50:50 --> Table 'sekertariat.surat_mausk' doesn't exist
ERROR - 2022-02-21 22:50:58 --> Table 'sekertariat.surat_mausk' doesn't exist
ERROR - 2022-02-21 22:54:15 --> Table 'sekertariat.surat_mausk' doesn't exist
ERROR - 2022-02-21 23:02:34 --> Table 'sekertariat.surat_mausk' doesn't exist
ERROR - 2022-02-21 23:08:21 --> Table 'sekertariat.surat_mausk' doesn't exist
