CRITICAL - 2022-02-20 23:05:39 --> Invalid file: admin/pages/login.php
#0 D:\xampp\htdocs\codeigniter4\system\View\View.php(198): CodeIgniter\Exceptions\FrameworkException::forInvalidFile('admin/pages/log...')
#1 D:\xampp\htdocs\codeigniter4\system\Common.php(1089): CodeIgniter\View\View->render('admin/pages/log...', Array, true)
#2 D:\xampp\htdocs\codeigniter4\app\Controllers\Login.php(17): view('admin/pages/log...', Array)
#3 D:\xampp\htdocs\codeigniter4\system\CodeIgniter.php(825): App\Controllers\login->index()
#4 D:\xampp\htdocs\codeigniter4\system\CodeIgniter.php(412): CodeIgniter\CodeIgniter->runController(Object(App\Controllers\login))
#5 D:\xampp\htdocs\codeigniter4\system\CodeIgniter.php(320): CodeIgniter\CodeIgniter->handleRequest(NULL, Object(Config\Cache), false)
#6 D:\xampp\htdocs\codeigniter4\public\index.php(37): CodeIgniter\CodeIgniter->run()
#7 D:\xampp\htdocs\codeigniter4\system\Commands\Server\rewrite.php(43): require_once('D:\\xampp\\htdocs...')
#8 {main}
CRITICAL - 2022-02-20 23:06:53 --> Invalid file: admin/pages/login.php
#0 D:\xampp\htdocs\codeigniter4\system\View\View.php(198): CodeIgniter\Exceptions\FrameworkException::forInvalidFile('admin/pages/log...')
#1 D:\xampp\htdocs\codeigniter4\system\Common.php(1089): CodeIgniter\View\View->render('admin/pages/log...', Array, true)
#2 D:\xampp\htdocs\codeigniter4\app\Controllers\Login.php(17): view('admin/pages/log...', Array)
#3 D:\xampp\htdocs\codeigniter4\system\CodeIgniter.php(825): App\Controllers\login->index()
#4 D:\xampp\htdocs\codeigniter4\system\CodeIgniter.php(412): CodeIgniter\CodeIgniter->runController(Object(App\Controllers\login))
#5 D:\xampp\htdocs\codeigniter4\system\CodeIgniter.php(320): CodeIgniter\CodeIgniter->handleRequest(NULL, Object(Config\Cache), false)
#6 D:\xampp\htdocs\codeigniter4\public\index.php(37): CodeIgniter\CodeIgniter->run()
#7 D:\xampp\htdocs\codeigniter4\system\Commands\Server\rewrite.php(43): require_once('D:\\xampp\\htdocs...')
#8 {main}
CRITICAL - 2022-02-20 23:10:56 --> Invalid file: admin/pages/login.php
#0 D:\xampp\htdocs\codeigniter4\system\View\View.php(198): CodeIgniter\Exceptions\FrameworkException::forInvalidFile('admin/pages/log...')
#1 D:\xampp\htdocs\codeigniter4\system\Common.php(1089): CodeIgniter\View\View->render('admin/pages/log...', Array, true)
#2 D:\xampp\htdocs\codeigniter4\app\Controllers\Login.php(17): view('admin/pages/log...', Array)
#3 D:\xampp\htdocs\codeigniter4\system\CodeIgniter.php(825): App\Controllers\login->index()
#4 D:\xampp\htdocs\codeigniter4\system\CodeIgniter.php(412): CodeIgniter\CodeIgniter->runController(Object(App\Controllers\login))
#5 D:\xampp\htdocs\codeigniter4\system\CodeIgniter.php(320): CodeIgniter\CodeIgniter->handleRequest(NULL, Object(Config\Cache), false)
#6 D:\xampp\htdocs\codeigniter4\public\index.php(37): CodeIgniter\CodeIgniter->run()
#7 D:\xampp\htdocs\codeigniter4\system\Commands\Server\rewrite.php(43): require_once('D:\\xampp\\htdocs...')
#8 {main}
CRITICAL - 2022-02-20 23:15:10 --> Invalid file: admin/pages/login.php
#0 D:\xampp\htdocs\codeigniter4\system\View\View.php(198): CodeIgniter\Exceptions\FrameworkException::forInvalidFile('admin/pages/log...')
#1 D:\xampp\htdocs\codeigniter4\system\Common.php(1089): CodeIgniter\View\View->render('admin/pages/log...', Array, true)
#2 D:\xampp\htdocs\codeigniter4\app\Controllers\Login.php(17): view('admin/pages/log...', Array)
#3 D:\xampp\htdocs\codeigniter4\system\CodeIgniter.php(825): App\Controllers\login->index()
#4 D:\xampp\htdocs\codeigniter4\system\CodeIgniter.php(412): CodeIgniter\CodeIgniter->runController(Object(App\Controllers\login))
#5 D:\xampp\htdocs\codeigniter4\system\CodeIgniter.php(320): CodeIgniter\CodeIgniter->handleRequest(NULL, Object(Config\Cache), false)
#6 D:\xampp\htdocs\codeigniter4\public\index.php(37): CodeIgniter\CodeIgniter->run()
#7 D:\xampp\htdocs\codeigniter4\system\Commands\Server\rewrite.php(43): require_once('D:\\xampp\\htdocs...')
#8 {main}
CRITICAL - 2022-02-20 23:15:16 --> Invalid file: admin/pages/login.php
#0 D:\xampp\htdocs\codeigniter4\system\View\View.php(198): CodeIgniter\Exceptions\FrameworkException::forInvalidFile('admin/pages/log...')
#1 D:\xampp\htdocs\codeigniter4\system\Common.php(1089): CodeIgniter\View\View->render('admin/pages/log...', Array, true)
#2 D:\xampp\htdocs\codeigniter4\app\Controllers\Login.php(17): view('admin/pages/log...', Array)
#3 D:\xampp\htdocs\codeigniter4\system\CodeIgniter.php(825): App\Controllers\login->index()
#4 D:\xampp\htdocs\codeigniter4\system\CodeIgniter.php(412): CodeIgniter\CodeIgniter->runController(Object(App\Controllers\login))
#5 D:\xampp\htdocs\codeigniter4\system\CodeIgniter.php(320): CodeIgniter\CodeIgniter->handleRequest(NULL, Object(Config\Cache), false)
#6 D:\xampp\htdocs\codeigniter4\public\index.php(37): CodeIgniter\CodeIgniter->run()
#7 D:\xampp\htdocs\codeigniter4\system\Commands\Server\rewrite.php(43): require_once('D:\\xampp\\htdocs...')
#8 {main}
CRITICAL - 2022-02-20 23:15:18 --> Invalid file: admin/pages/login.php
#0 D:\xampp\htdocs\codeigniter4\system\View\View.php(198): CodeIgniter\Exceptions\FrameworkException::forInvalidFile('admin/pages/log...')
#1 D:\xampp\htdocs\codeigniter4\system\Common.php(1089): CodeIgniter\View\View->render('admin/pages/log...', Array, true)
#2 D:\xampp\htdocs\codeigniter4\app\Controllers\Login.php(17): view('admin/pages/log...', Array)
#3 D:\xampp\htdocs\codeigniter4\system\CodeIgniter.php(825): App\Controllers\login->index()
#4 D:\xampp\htdocs\codeigniter4\system\CodeIgniter.php(412): CodeIgniter\CodeIgniter->runController(Object(App\Controllers\login))
#5 D:\xampp\htdocs\codeigniter4\system\CodeIgniter.php(320): CodeIgniter\CodeIgniter->handleRequest(NULL, Object(Config\Cache), false)
#6 D:\xampp\htdocs\codeigniter4\public\index.php(37): CodeIgniter\CodeIgniter->run()
#7 D:\xampp\htdocs\codeigniter4\system\Commands\Server\rewrite.php(43): require_once('D:\\xampp\\htdocs...')
#8 {main}
ERROR - 2022-02-20 23:17:20 --> Error connecting to the database: Access denied for user ''@'localhost' (using password: NO)
CRITICAL - 2022-02-20 23:17:20 --> Unable to connect to the database.
Main connection [MySQLi]: Access denied for user ''@'localhost' (using password: NO)
#0 D:\xampp\htdocs\codeigniter4\system\Database\BaseConnection.php(577): CodeIgniter\Database\BaseConnection->initialize()
#1 D:\xampp\htdocs\codeigniter4\system\Database\BaseBuilder.php(1455): CodeIgniter\Database\BaseConnection->query('SELECT *\nFROM `...', Array, false)
#2 D:\xampp\htdocs\codeigniter4\app\Models\Users_Model.php(46): CodeIgniter\Database\BaseBuilder->get()
#3 D:\xampp\htdocs\codeigniter4\app\Controllers\Login.php(35): App\Models\Users_Model->cekLogin('admin', '21232f297a57a5a...')
#4 D:\xampp\htdocs\codeigniter4\system\CodeIgniter.php(825): App\Controllers\login->auth()
#5 D:\xampp\htdocs\codeigniter4\system\CodeIgniter.php(412): CodeIgniter\CodeIgniter->runController(Object(App\Controllers\login))
#6 D:\xampp\htdocs\codeigniter4\system\CodeIgniter.php(320): CodeIgniter\CodeIgniter->handleRequest(NULL, Object(Config\Cache), false)
#7 D:\xampp\htdocs\codeigniter4\public\index.php(37): CodeIgniter\CodeIgniter->run()
#8 D:\xampp\htdocs\codeigniter4\system\Commands\Server\rewrite.php(43): require_once('D:\\xampp\\htdocs...')
#9 {main}
CRITICAL - 2022-02-20 23:51:26 --> Class 'App\Models\DataBidang_Model' not found
#0 D:\xampp\htdocs\codeigniter4\system\CodeIgniter.php(825): App\Controllers\HomeAdmin->index()
#1 D:\xampp\htdocs\codeigniter4\system\CodeIgniter.php(412): CodeIgniter\CodeIgniter->runController(Object(App\Controllers\HomeAdmin))
#2 D:\xampp\htdocs\codeigniter4\system\CodeIgniter.php(320): CodeIgniter\CodeIgniter->handleRequest(NULL, Object(Config\Cache), false)
#3 D:\xampp\htdocs\codeigniter4\public\index.php(37): CodeIgniter\CodeIgniter->run()
#4 D:\xampp\htdocs\codeigniter4\system\Commands\Server\rewrite.php(43): require_once('D:\\xampp\\htdocs...')
#5 {main}
CRITICAL - 2022-02-20 23:53:29 --> Invalid file: admin/layouts/layout_admin.php
#0 D:\xampp\htdocs\codeigniter4\system\View\View.php(198): CodeIgniter\Exceptions\FrameworkException::forInvalidFile('admin/layouts/l...')
#1 D:\xampp\htdocs\codeigniter4\system\View\View.php(226): CodeIgniter\View\View->render('admin/layouts/l...', Array, true)
#2 D:\xampp\htdocs\codeigniter4\system\Common.php(1089): CodeIgniter\View\View->render('admin/home_admi...', Array, true)
#3 D:\xampp\htdocs\codeigniter4\app\Controllers\HomeAdmin.php(35): view('admin/home_admi...', Array)
#4 D:\xampp\htdocs\codeigniter4\system\CodeIgniter.php(825): App\Controllers\HomeAdmin->index()
#5 D:\xampp\htdocs\codeigniter4\system\CodeIgniter.php(412): CodeIgniter\CodeIgniter->runController(Object(App\Controllers\HomeAdmin))
#6 D:\xampp\htdocs\codeigniter4\system\CodeIgniter.php(320): CodeIgniter\CodeIgniter->handleRequest(NULL, Object(Config\Cache), false)
#7 D:\xampp\htdocs\codeigniter4\public\index.php(37): CodeIgniter\CodeIgniter->run()
#8 D:\xampp\htdocs\codeigniter4\system\Commands\Server\rewrite.php(43): require_once('D:\\xampp\\htdocs...')
#9 {main}
CRITICAL - 2022-02-20 23:56:08 --> Invalid file: admin/layouts/layout_admin.php
#0 D:\xampp\htdocs\codeigniter4\system\View\View.php(198): CodeIgniter\Exceptions\FrameworkException::forInvalidFile('admin/layouts/l...')
#1 D:\xampp\htdocs\codeigniter4\system\View\View.php(226): CodeIgniter\View\View->render('admin/layouts/l...', Array, true)
#2 D:\xampp\htdocs\codeigniter4\system\Common.php(1089): CodeIgniter\View\View->render('admin/home_admi...', Array, true)
#3 D:\xampp\htdocs\codeigniter4\app\Controllers\HomeAdmin.php(35): view('admin/home_admi...', Array)
#4 D:\xampp\htdocs\codeigniter4\system\CodeIgniter.php(825): App\Controllers\HomeAdmin->index()
#5 D:\xampp\htdocs\codeigniter4\system\CodeIgniter.php(412): CodeIgniter\CodeIgniter->runController(Object(App\Controllers\HomeAdmin))
#6 D:\xampp\htdocs\codeigniter4\system\CodeIgniter.php(320): CodeIgniter\CodeIgniter->handleRequest(NULL, Object(Config\Cache), false)
#7 D:\xampp\htdocs\codeigniter4\public\index.php(37): CodeIgniter\CodeIgniter->run()
#8 D:\xampp\htdocs\codeigniter4\system\Commands\Server\rewrite.php(43): require_once('D:\\xampp\\htdocs...')
#9 {main}
CRITICAL - 2022-02-20 23:57:06 --> Invalid file: admin/layouts/layout_admin.php
#0 D:\xampp\htdocs\codeigniter4\system\View\View.php(198): CodeIgniter\Exceptions\FrameworkException::forInvalidFile('admin/layouts/l...')
#1 D:\xampp\htdocs\codeigniter4\system\View\View.php(226): CodeIgniter\View\View->render('admin/layouts/l...', Array, true)
#2 D:\xampp\htdocs\codeigniter4\system\Common.php(1089): CodeIgniter\View\View->render('admin/home_admi...', Array, true)
#3 D:\xampp\htdocs\codeigniter4\app\Controllers\HomeAdmin.php(35): view('admin/home_admi...', Array)
#4 D:\xampp\htdocs\codeigniter4\system\CodeIgniter.php(825): App\Controllers\HomeAdmin->index()
#5 D:\xampp\htdocs\codeigniter4\system\CodeIgniter.php(412): CodeIgniter\CodeIgniter->runController(Object(App\Controllers\HomeAdmin))
#6 D:\xampp\htdocs\codeigniter4\system\CodeIgniter.php(320): CodeIgniter\CodeIgniter->handleRequest(NULL, Object(Config\Cache), false)
#7 D:\xampp\htdocs\codeigniter4\public\index.php(37): CodeIgniter\CodeIgniter->run()
#8 D:\xampp\htdocs\codeigniter4\system\Commands\Server\rewrite.php(43): require_once('D:\\xampp\\htdocs...')
#9 {main}
CRITICAL - 2022-02-20 23:57:08 --> Invalid file: admin/layouts/layout_admin.php
#0 D:\xampp\htdocs\codeigniter4\system\View\View.php(198): CodeIgniter\Exceptions\FrameworkException::forInvalidFile('admin/layouts/l...')
#1 D:\xampp\htdocs\codeigniter4\system\View\View.php(226): CodeIgniter\View\View->render('admin/layouts/l...', Array, true)
#2 D:\xampp\htdocs\codeigniter4\system\Common.php(1089): CodeIgniter\View\View->render('admin/home_admi...', Array, true)
#3 D:\xampp\htdocs\codeigniter4\app\Controllers\HomeAdmin.php(35): view('admin/home_admi...', Array)
#4 D:\xampp\htdocs\codeigniter4\system\CodeIgniter.php(825): App\Controllers\HomeAdmin->index()
#5 D:\xampp\htdocs\codeigniter4\system\CodeIgniter.php(412): CodeIgniter\CodeIgniter->runController(Object(App\Controllers\HomeAdmin))
#6 D:\xampp\htdocs\codeigniter4\system\CodeIgniter.php(320): CodeIgniter\CodeIgniter->handleRequest(NULL, Object(Config\Cache), false)
#7 D:\xampp\htdocs\codeigniter4\public\index.php(37): CodeIgniter\CodeIgniter->run()
#8 D:\xampp\htdocs\codeigniter4\system\Commands\Server\rewrite.php(43): require_once('D:\\xampp\\htdocs...')
#9 {main}
CRITICAL - 2022-02-20 23:57:21 --> Invalid file: admin/layouts/layout_admin.php
#0 D:\xampp\htdocs\codeigniter4\system\View\View.php(198): CodeIgniter\Exceptions\FrameworkException::forInvalidFile('admin/layouts/l...')
#1 D:\xampp\htdocs\codeigniter4\system\View\View.php(226): CodeIgniter\View\View->render('admin/layouts/l...', Array, true)
#2 D:\xampp\htdocs\codeigniter4\system\Common.php(1089): CodeIgniter\View\View->render('admin/home_admi...', Array, true)
#3 D:\xampp\htdocs\codeigniter4\app\Controllers\HomeAdmin.php(35): view('admin/home_admi...', Array)
#4 D:\xampp\htdocs\codeigniter4\system\CodeIgniter.php(825): App\Controllers\HomeAdmin->index()
#5 D:\xampp\htdocs\codeigniter4\system\CodeIgniter.php(412): CodeIgniter\CodeIgniter->runController(Object(App\Controllers\HomeAdmin))
#6 D:\xampp\htdocs\codeigniter4\system\CodeIgniter.php(320): CodeIgniter\CodeIgniter->handleRequest(NULL, Object(Config\Cache), false)
#7 D:\xampp\htdocs\codeigniter4\public\index.php(37): CodeIgniter\CodeIgniter->run()
#8 D:\xampp\htdocs\codeigniter4\system\Commands\Server\rewrite.php(43): require_once('D:\\xampp\\htdocs...')
#9 {main}
