CRITICAL - 2022-09-20 07:28:27 --> Undefined property: App\Controllers\Table::$TableModel
#0 D:\xampp\htdocs\SEKERTARIAT_app\app\Controllers\Table.php(11): CodeIgniter\Debug\Exceptions->errorHandler(8, 'Undefined prope...', 'D:\\xampp\\htdocs...', 11, Array)
#1 D:\xampp\htdocs\SEKERTARIAT_app\system\CodeIgniter.php(825): App\Controllers\Table->index()
#2 D:\xampp\htdocs\SEKERTARIAT_app\system\CodeIgniter.php(412): CodeIgniter\CodeIgniter->runController(Object(App\Controllers\Table))
#3 D:\xampp\htdocs\SEKERTARIAT_app\system\CodeIgniter.php(320): CodeIgniter\CodeIgniter->handleRequest(NULL, Object(Config\Cache), false)
#4 D:\xampp\htdocs\SEKERTARIAT_app\public\index.php(37): CodeIgniter\CodeIgniter->run()
#5 D:\xampp\htdocs\SEKERTARIAT_app\system\Commands\Server\rewrite.php(43): require_once('D:\\xampp\\htdocs...')
#6 {main}
CRITICAL - 2022-09-20 07:31:40 --> Undefined property: App\Controllers\Table::$TableModel
#0 D:\xampp\htdocs\SEKERTARIAT_app\app\Controllers\Table.php(16): CodeIgniter\Debug\Exceptions->errorHandler(8, 'Undefined prope...', 'D:\\xampp\\htdocs...', 16, Array)
#1 D:\xampp\htdocs\SEKERTARIAT_app\system\CodeIgniter.php(825): App\Controllers\Table->index()
#2 D:\xampp\htdocs\SEKERTARIAT_app\system\CodeIgniter.php(412): CodeIgniter\CodeIgniter->runController(Object(App\Controllers\Table))
#3 D:\xampp\htdocs\SEKERTARIAT_app\system\CodeIgniter.php(320): CodeIgniter\CodeIgniter->handleRequest(NULL, Object(Config\Cache), false)
#4 D:\xampp\htdocs\SEKERTARIAT_app\public\index.php(37): CodeIgniter\CodeIgniter->run()
#5 D:\xampp\htdocs\SEKERTARIAT_app\system\Commands\Server\rewrite.php(43): require_once('D:\\xampp\\htdocs...')
#6 {main}
CRITICAL - 2022-09-20 07:42:17 --> Undefined variable: tender
#0 D:\xampp\htdocs\SEKERTARIAT_app\app\Views\admin\table.php(23): CodeIgniter\Debug\Exceptions->errorHandler(8, 'Undefined varia...', 'D:\\xampp\\htdocs...', 23, Array)
#1 D:\xampp\htdocs\SEKERTARIAT_app\system\View\View.php(210): include('D:\\xampp\\htdocs...')
#2 D:\xampp\htdocs\SEKERTARIAT_app\system\View\View.php(213): CodeIgniter\View\View->CodeIgniter\View\{closure}()
#3 D:\xampp\htdocs\SEKERTARIAT_app\system\Common.php(1089): CodeIgniter\View\View->render('admin/table', Array, true)
#4 D:\xampp\htdocs\SEKERTARIAT_app\app\Controllers\Table.php(22): view('admin/table')
#5 D:\xampp\htdocs\SEKERTARIAT_app\system\CodeIgniter.php(825): App\Controllers\Table->index()
#6 D:\xampp\htdocs\SEKERTARIAT_app\system\CodeIgniter.php(412): CodeIgniter\CodeIgniter->runController(Object(App\Controllers\Table))
#7 D:\xampp\htdocs\SEKERTARIAT_app\system\CodeIgniter.php(320): CodeIgniter\CodeIgniter->handleRequest(NULL, Object(Config\Cache), false)
#8 D:\xampp\htdocs\SEKERTARIAT_app\public\index.php(37): CodeIgniter\CodeIgniter->run()
#9 D:\xampp\htdocs\SEKERTARIAT_app\system\Commands\Server\rewrite.php(43): require_once('D:\\xampp\\htdocs...')
#10 {main}
CRITICAL - 2022-09-20 07:42:40 --> Undefined variable: table
#0 D:\xampp\htdocs\SEKERTARIAT_app\app\Views\admin\table.php(23): CodeIgniter\Debug\Exceptions->errorHandler(8, 'Undefined varia...', 'D:\\xampp\\htdocs...', 23, Array)
#1 D:\xampp\htdocs\SEKERTARIAT_app\system\View\View.php(210): include('D:\\xampp\\htdocs...')
#2 D:\xampp\htdocs\SEKERTARIAT_app\system\View\View.php(213): CodeIgniter\View\View->CodeIgniter\View\{closure}()
#3 D:\xampp\htdocs\SEKERTARIAT_app\system\Common.php(1089): CodeIgniter\View\View->render('admin/table', Array, true)
#4 D:\xampp\htdocs\SEKERTARIAT_app\app\Controllers\Table.php(22): view('admin/table')
#5 D:\xampp\htdocs\SEKERTARIAT_app\system\CodeIgniter.php(825): App\Controllers\Table->index()
#6 D:\xampp\htdocs\SEKERTARIAT_app\system\CodeIgniter.php(412): CodeIgniter\CodeIgniter->runController(Object(App\Controllers\Table))
#7 D:\xampp\htdocs\SEKERTARIAT_app\system\CodeIgniter.php(320): CodeIgniter\CodeIgniter->handleRequest(NULL, Object(Config\Cache), false)
#8 D:\xampp\htdocs\SEKERTARIAT_app\public\index.php(37): CodeIgniter\CodeIgniter->run()
#9 D:\xampp\htdocs\SEKERTARIAT_app\system\Commands\Server\rewrite.php(43): require_once('D:\\xampp\\htdocs...')
#10 {main}
CRITICAL - 2022-09-20 07:52:42 --> Undefined variable: pager
#0 D:\xampp\htdocs\SEKERTARIAT_app\app\Views\admin\tender.php(93): CodeIgniter\Debug\Exceptions->errorHandler(8, 'Undefined varia...', 'D:\\xampp\\htdocs...', 93, Array)
#1 D:\xampp\htdocs\SEKERTARIAT_app\system\View\View.php(210): include('D:\\xampp\\htdocs...')
#2 D:\xampp\htdocs\SEKERTARIAT_app\system\View\View.php(213): CodeIgniter\View\View->CodeIgniter\View\{closure}()
#3 D:\xampp\htdocs\SEKERTARIAT_app\system\Common.php(1089): CodeIgniter\View\View->render('admin/tender', Array, true)
#4 D:\xampp\htdocs\SEKERTARIAT_app\app\Controllers\Tender.php(42): view('admin/tender', Array)
#5 D:\xampp\htdocs\SEKERTARIAT_app\system\CodeIgniter.php(825): App\Controllers\Tender->index()
#6 D:\xampp\htdocs\SEKERTARIAT_app\system\CodeIgniter.php(412): CodeIgniter\CodeIgniter->runController(Object(App\Controllers\Tender))
#7 D:\xampp\htdocs\SEKERTARIAT_app\system\CodeIgniter.php(320): CodeIgniter\CodeIgniter->handleRequest(NULL, Object(Config\Cache), false)
#8 D:\xampp\htdocs\SEKERTARIAT_app\public\index.php(37): CodeIgniter\CodeIgniter->run()
#9 D:\xampp\htdocs\SEKERTARIAT_app\system\Commands\Server\rewrite.php(43): require_once('D:\\xampp\\htdocs...')
#10 {main}
CRITICAL - 2022-09-20 07:52:56 --> Undefined variable: pager
#0 D:\xampp\htdocs\SEKERTARIAT_app\app\Views\admin\tender.php(93): CodeIgniter\Debug\Exceptions->errorHandler(8, 'Undefined varia...', 'D:\\xampp\\htdocs...', 93, Array)
#1 D:\xampp\htdocs\SEKERTARIAT_app\system\View\View.php(210): include('D:\\xampp\\htdocs...')
#2 D:\xampp\htdocs\SEKERTARIAT_app\system\View\View.php(213): CodeIgniter\View\View->CodeIgniter\View\{closure}()
#3 D:\xampp\htdocs\SEKERTARIAT_app\system\Common.php(1089): CodeIgniter\View\View->render('admin/tender', Array, true)
#4 D:\xampp\htdocs\SEKERTARIAT_app\app\Controllers\Tender.php(42): view('admin/tender', Array)
#5 D:\xampp\htdocs\SEKERTARIAT_app\system\CodeIgniter.php(825): App\Controllers\Tender->index()
#6 D:\xampp\htdocs\SEKERTARIAT_app\system\CodeIgniter.php(412): CodeIgniter\CodeIgniter->runController(Object(App\Controllers\Tender))
#7 D:\xampp\htdocs\SEKERTARIAT_app\system\CodeIgniter.php(320): CodeIgniter\CodeIgniter->handleRequest(NULL, Object(Config\Cache), false)
#8 D:\xampp\htdocs\SEKERTARIAT_app\public\index.php(37): CodeIgniter\CodeIgniter->run()
#9 D:\xampp\htdocs\SEKERTARIAT_app\system\Commands\Server\rewrite.php(43): require_once('D:\\xampp\\htdocs...')
#10 {main}
CRITICAL - 2022-09-20 08:58:30 --> Undefined variable: row
#0 D:\xampp\htdocs\SEKERTARIAT_app\app\Views\admin\memomasuk.php(168): CodeIgniter\Debug\Exceptions->errorHandler(8, 'Undefined varia...', 'D:\\xampp\\htdocs...', 168, Array)
#1 D:\xampp\htdocs\SEKERTARIAT_app\system\View\View.php(210): include('D:\\xampp\\htdocs...')
#2 D:\xampp\htdocs\SEKERTARIAT_app\system\View\View.php(213): CodeIgniter\View\View->CodeIgniter\View\{closure}()
#3 D:\xampp\htdocs\SEKERTARIAT_app\system\Common.php(1089): CodeIgniter\View\View->render('admin/memomasuk', Array, true)
#4 D:\xampp\htdocs\SEKERTARIAT_app\app\Controllers\MemoMasuk.php(32): view('admin/memomasuk', Array)
#5 D:\xampp\htdocs\SEKERTARIAT_app\system\CodeIgniter.php(825): App\Controllers\MemoMasuk->index()
#6 D:\xampp\htdocs\SEKERTARIAT_app\system\CodeIgniter.php(412): CodeIgniter\CodeIgniter->runController(Object(App\Controllers\MemoMasuk))
#7 D:\xampp\htdocs\SEKERTARIAT_app\system\CodeIgniter.php(320): CodeIgniter\CodeIgniter->handleRequest(NULL, Object(Config\Cache), false)
#8 D:\xampp\htdocs\SEKERTARIAT_app\public\index.php(37): CodeIgniter\CodeIgniter->run()
#9 D:\xampp\htdocs\SEKERTARIAT_app\system\Commands\Server\rewrite.php(43): require_once('D:\\xampp\\htdocs...')
#10 {main}
CRITICAL - 2022-09-20 20:24:50 --> Undefined variable: row
#0 D:\xampp\htdocs\SEKERTARIAT_app\app\Views\admin\memomasuk.php(168): CodeIgniter\Debug\Exceptions->errorHandler(8, 'Undefined varia...', 'D:\\xampp\\htdocs...', 168, Array)
#1 D:\xampp\htdocs\SEKERTARIAT_app\system\View\View.php(210): include('D:\\xampp\\htdocs...')
#2 D:\xampp\htdocs\SEKERTARIAT_app\system\View\View.php(213): CodeIgniter\View\View->CodeIgniter\View\{closure}()
#3 D:\xampp\htdocs\SEKERTARIAT_app\system\Common.php(1089): CodeIgniter\View\View->render('admin/memomasuk', Array, true)
#4 D:\xampp\htdocs\SEKERTARIAT_app\app\Controllers\MemoMasuk.php(32): view('admin/memomasuk', Array)
#5 D:\xampp\htdocs\SEKERTARIAT_app\system\CodeIgniter.php(825): App\Controllers\MemoMasuk->index()
#6 D:\xampp\htdocs\SEKERTARIAT_app\system\CodeIgniter.php(412): CodeIgniter\CodeIgniter->runController(Object(App\Controllers\MemoMasuk))
#7 D:\xampp\htdocs\SEKERTARIAT_app\system\CodeIgniter.php(320): CodeIgniter\CodeIgniter->handleRequest(NULL, Object(Config\Cache), false)
#8 D:\xampp\htdocs\SEKERTARIAT_app\public\index.php(37): CodeIgniter\CodeIgniter->run()
#9 D:\xampp\htdocs\SEKERTARIAT_app\system\Commands\Server\rewrite.php(43): require_once('D:\\xampp\\htdocs...')
#10 {main}
CRITICAL - 2022-09-20 20:47:54 --> Undefined variable: memomasuk
#0 D:\xampp\htdocs\SEKERTARIAT_app\app\Views\admin\memomasuk.php(76): CodeIgniter\Debug\Exceptions->errorHandler(8, 'Undefined varia...', 'D:\\xampp\\htdocs...', 76, Array)
#1 D:\xampp\htdocs\SEKERTARIAT_app\system\View\View.php(210): include('D:\\xampp\\htdocs...')
#2 D:\xampp\htdocs\SEKERTARIAT_app\system\View\View.php(213): CodeIgniter\View\View->CodeIgniter\View\{closure}()
#3 D:\xampp\htdocs\SEKERTARIAT_app\system\Common.php(1089): CodeIgniter\View\View->render('admin/memomasuk', Array, true)
#4 D:\xampp\htdocs\SEKERTARIAT_app\app\Controllers\MemoMasuk.php(42): view('admin/memomasuk', Array)
#5 D:\xampp\htdocs\SEKERTARIAT_app\system\CodeIgniter.php(825): App\Controllers\MemoMasuk->index()
#6 D:\xampp\htdocs\SEKERTARIAT_app\system\CodeIgniter.php(412): CodeIgniter\CodeIgniter->runController(Object(App\Controllers\MemoMasuk))
#7 D:\xampp\htdocs\SEKERTARIAT_app\system\CodeIgniter.php(320): CodeIgniter\CodeIgniter->handleRequest(NULL, Object(Config\Cache), false)
#8 D:\xampp\htdocs\SEKERTARIAT_app\public\index.php(37): CodeIgniter\CodeIgniter->run()
#9 D:\xampp\htdocs\SEKERTARIAT_app\system\Commands\Server\rewrite.php(43): require_once('D:\\xampp\\htdocs...')
#10 {main}
CRITICAL - 2022-09-20 20:49:16 --> Undefined variable: memomasuk
#0 D:\xampp\htdocs\SEKERTARIAT_app\app\Views\admin\memomasuk.php(76): CodeIgniter\Debug\Exceptions->errorHandler(8, 'Undefined varia...', 'D:\\xampp\\htdocs...', 76, Array)
#1 D:\xampp\htdocs\SEKERTARIAT_app\system\View\View.php(210): include('D:\\xampp\\htdocs...')
#2 D:\xampp\htdocs\SEKERTARIAT_app\system\View\View.php(213): CodeIgniter\View\View->CodeIgniter\View\{closure}()
#3 D:\xampp\htdocs\SEKERTARIAT_app\system\Common.php(1089): CodeIgniter\View\View->render('admin/memomasuk', Array, true)
#4 D:\xampp\htdocs\SEKERTARIAT_app\app\Controllers\MemoMasuk.php(42): view('admin/memomasuk', Array)
#5 D:\xampp\htdocs\SEKERTARIAT_app\system\CodeIgniter.php(825): App\Controllers\MemoMasuk->index()
#6 D:\xampp\htdocs\SEKERTARIAT_app\system\CodeIgniter.php(412): CodeIgniter\CodeIgniter->runController(Object(App\Controllers\MemoMasuk))
#7 D:\xampp\htdocs\SEKERTARIAT_app\system\CodeIgniter.php(320): CodeIgniter\CodeIgniter->handleRequest(NULL, Object(Config\Cache), false)
#8 D:\xampp\htdocs\SEKERTARIAT_app\public\index.php(37): CodeIgniter\CodeIgniter->run()
#9 D:\xampp\htdocs\SEKERTARIAT_app\system\Commands\Server\rewrite.php(43): require_once('D:\\xampp\\htdocs...')
#10 {main}
CRITICAL - 2022-09-20 20:49:21 --> Undefined variable: memomasuk
#0 D:\xampp\htdocs\SEKERTARIAT_app\app\Views\admin\memomasuk.php(76): CodeIgniter\Debug\Exceptions->errorHandler(8, 'Undefined varia...', 'D:\\xampp\\htdocs...', 76, Array)
#1 D:\xampp\htdocs\SEKERTARIAT_app\system\View\View.php(210): include('D:\\xampp\\htdocs...')
#2 D:\xampp\htdocs\SEKERTARIAT_app\system\View\View.php(213): CodeIgniter\View\View->CodeIgniter\View\{closure}()
#3 D:\xampp\htdocs\SEKERTARIAT_app\system\Common.php(1089): CodeIgniter\View\View->render('admin/memomasuk', Array, true)
#4 D:\xampp\htdocs\SEKERTARIAT_app\app\Controllers\MemoMasuk.php(42): view('admin/memomasuk', Array)
#5 D:\xampp\htdocs\SEKERTARIAT_app\system\CodeIgniter.php(825): App\Controllers\MemoMasuk->index()
#6 D:\xampp\htdocs\SEKERTARIAT_app\system\CodeIgniter.php(412): CodeIgniter\CodeIgniter->runController(Object(App\Controllers\MemoMasuk))
#7 D:\xampp\htdocs\SEKERTARIAT_app\system\CodeIgniter.php(320): CodeIgniter\CodeIgniter->handleRequest(NULL, Object(Config\Cache), false)
#8 D:\xampp\htdocs\SEKERTARIAT_app\public\index.php(37): CodeIgniter\CodeIgniter->run()
#9 D:\xampp\htdocs\SEKERTARIAT_app\system\Commands\Server\rewrite.php(43): require_once('D:\\xampp\\htdocs...')
#10 {main}
CRITICAL - 2022-09-20 20:50:54 --> Undefined variable: memomasuk
#0 D:\xampp\htdocs\SEKERTARIAT_app\app\Views\admin\memomasuk.php(76): CodeIgniter\Debug\Exceptions->errorHandler(8, 'Undefined varia...', 'D:\\xampp\\htdocs...', 76, Array)
#1 D:\xampp\htdocs\SEKERTARIAT_app\system\View\View.php(210): include('D:\\xampp\\htdocs...')
#2 D:\xampp\htdocs\SEKERTARIAT_app\system\View\View.php(213): CodeIgniter\View\View->CodeIgniter\View\{closure}()
#3 D:\xampp\htdocs\SEKERTARIAT_app\system\Common.php(1089): CodeIgniter\View\View->render('admin/memomasuk', Array, true)
#4 D:\xampp\htdocs\SEKERTARIAT_app\app\Controllers\MemoMasuk.php(42): view('admin/memomasuk', Array)
#5 D:\xampp\htdocs\SEKERTARIAT_app\system\CodeIgniter.php(825): App\Controllers\MemoMasuk->index()
#6 D:\xampp\htdocs\SEKERTARIAT_app\system\CodeIgniter.php(412): CodeIgniter\CodeIgniter->runController(Object(App\Controllers\MemoMasuk))
#7 D:\xampp\htdocs\SEKERTARIAT_app\system\CodeIgniter.php(320): CodeIgniter\CodeIgniter->handleRequest(NULL, Object(Config\Cache), false)
#8 D:\xampp\htdocs\SEKERTARIAT_app\public\index.php(37): CodeIgniter\CodeIgniter->run()
#9 D:\xampp\htdocs\SEKERTARIAT_app\system\Commands\Server\rewrite.php(43): require_once('D:\\xampp\\htdocs...')
#10 {main}
CRITICAL - 2022-09-20 20:51:20 --> Undefined variable: memo
#0 D:\xampp\htdocs\SEKERTARIAT_app\app\Views\admin\memomasuk.php(76): CodeIgniter\Debug\Exceptions->errorHandler(8, 'Undefined varia...', 'D:\\xampp\\htdocs...', 76, Array)
#1 D:\xampp\htdocs\SEKERTARIAT_app\system\View\View.php(210): include('D:\\xampp\\htdocs...')
#2 D:\xampp\htdocs\SEKERTARIAT_app\system\View\View.php(213): CodeIgniter\View\View->CodeIgniter\View\{closure}()
#3 D:\xampp\htdocs\SEKERTARIAT_app\system\Common.php(1089): CodeIgniter\View\View->render('admin/memomasuk', Array, true)
#4 D:\xampp\htdocs\SEKERTARIAT_app\app\Controllers\MemoMasuk.php(42): view('admin/memomasuk', Array)
#5 D:\xampp\htdocs\SEKERTARIAT_app\system\CodeIgniter.php(825): App\Controllers\MemoMasuk->index()
#6 D:\xampp\htdocs\SEKERTARIAT_app\system\CodeIgniter.php(412): CodeIgniter\CodeIgniter->runController(Object(App\Controllers\MemoMasuk))
#7 D:\xampp\htdocs\SEKERTARIAT_app\system\CodeIgniter.php(320): CodeIgniter\CodeIgniter->handleRequest(NULL, Object(Config\Cache), false)
#8 D:\xampp\htdocs\SEKERTARIAT_app\public\index.php(37): CodeIgniter\CodeIgniter->run()
#9 D:\xampp\htdocs\SEKERTARIAT_app\system\Commands\Server\rewrite.php(43): require_once('D:\\xampp\\htdocs...')
#10 {main}
CRITICAL - 2022-09-20 20:52:38 --> Undefined variable: row
#0 D:\xampp\htdocs\SEKERTARIAT_app\app\Views\admin\memomasuk.php(168): CodeIgniter\Debug\Exceptions->errorHandler(8, 'Undefined varia...', 'D:\\xampp\\htdocs...', 168, Array)
#1 D:\xampp\htdocs\SEKERTARIAT_app\system\View\View.php(210): include('D:\\xampp\\htdocs...')
#2 D:\xampp\htdocs\SEKERTARIAT_app\system\View\View.php(213): CodeIgniter\View\View->CodeIgniter\View\{closure}()
#3 D:\xampp\htdocs\SEKERTARIAT_app\system\Common.php(1089): CodeIgniter\View\View->render('admin/memomasuk', Array, true)
#4 D:\xampp\htdocs\SEKERTARIAT_app\app\Controllers\MemoMasuk.php(32): view('admin/memomasuk', Array)
#5 D:\xampp\htdocs\SEKERTARIAT_app\system\CodeIgniter.php(825): App\Controllers\MemoMasuk->index()
#6 D:\xampp\htdocs\SEKERTARIAT_app\system\CodeIgniter.php(412): CodeIgniter\CodeIgniter->runController(Object(App\Controllers\MemoMasuk))
#7 D:\xampp\htdocs\SEKERTARIAT_app\system\CodeIgniter.php(320): CodeIgniter\CodeIgniter->handleRequest(NULL, Object(Config\Cache), false)
#8 D:\xampp\htdocs\SEKERTARIAT_app\public\index.php(37): CodeIgniter\CodeIgniter->run()
#9 D:\xampp\htdocs\SEKERTARIAT_app\system\Commands\Server\rewrite.php(43): require_once('D:\\xampp\\htdocs...')
#10 {main}
CRITICAL - 2022-09-20 20:53:27 --> Undefined variable: row
#0 D:\xampp\htdocs\SEKERTARIAT_app\app\Views\admin\memomasuk.php(172): CodeIgniter\Debug\Exceptions->errorHandler(8, 'Undefined varia...', 'D:\\xampp\\htdocs...', 172, Array)
#1 D:\xampp\htdocs\SEKERTARIAT_app\system\View\View.php(210): include('D:\\xampp\\htdocs...')
#2 D:\xampp\htdocs\SEKERTARIAT_app\system\View\View.php(213): CodeIgniter\View\View->CodeIgniter\View\{closure}()
#3 D:\xampp\htdocs\SEKERTARIAT_app\system\Common.php(1089): CodeIgniter\View\View->render('admin/memomasuk', Array, true)
#4 D:\xampp\htdocs\SEKERTARIAT_app\app\Controllers\MemoMasuk.php(32): view('admin/memomasuk', Array)
#5 D:\xampp\htdocs\SEKERTARIAT_app\system\CodeIgniter.php(825): App\Controllers\MemoMasuk->index()
#6 D:\xampp\htdocs\SEKERTARIAT_app\system\CodeIgniter.php(412): CodeIgniter\CodeIgniter->runController(Object(App\Controllers\MemoMasuk))
#7 D:\xampp\htdocs\SEKERTARIAT_app\system\CodeIgniter.php(320): CodeIgniter\CodeIgniter->handleRequest(NULL, Object(Config\Cache), false)
#8 D:\xampp\htdocs\SEKERTARIAT_app\public\index.php(37): CodeIgniter\CodeIgniter->run()
#9 D:\xampp\htdocs\SEKERTARIAT_app\system\Commands\Server\rewrite.php(43): require_once('D:\\xampp\\htdocs...')
#10 {main}
CRITICAL - 2022-09-20 20:53:46 --> Undefined variable: row
#0 D:\xampp\htdocs\SEKERTARIAT_app\app\Views\admin\memomasuk.php(168): CodeIgniter\Debug\Exceptions->errorHandler(8, 'Undefined varia...', 'D:\\xampp\\htdocs...', 168, Array)
#1 D:\xampp\htdocs\SEKERTARIAT_app\system\View\View.php(210): include('D:\\xampp\\htdocs...')
#2 D:\xampp\htdocs\SEKERTARIAT_app\system\View\View.php(213): CodeIgniter\View\View->CodeIgniter\View\{closure}()
#3 D:\xampp\htdocs\SEKERTARIAT_app\system\Common.php(1089): CodeIgniter\View\View->render('admin/memomasuk', Array, true)
#4 D:\xampp\htdocs\SEKERTARIAT_app\app\Controllers\MemoMasuk.php(32): view('admin/memomasuk', Array)
#5 D:\xampp\htdocs\SEKERTARIAT_app\system\CodeIgniter.php(825): App\Controllers\MemoMasuk->index()
#6 D:\xampp\htdocs\SEKERTARIAT_app\system\CodeIgniter.php(412): CodeIgniter\CodeIgniter->runController(Object(App\Controllers\MemoMasuk))
#7 D:\xampp\htdocs\SEKERTARIAT_app\system\CodeIgniter.php(320): CodeIgniter\CodeIgniter->handleRequest(NULL, Object(Config\Cache), false)
#8 D:\xampp\htdocs\SEKERTARIAT_app\public\index.php(37): CodeIgniter\CodeIgniter->run()
#9 D:\xampp\htdocs\SEKERTARIAT_app\system\Commands\Server\rewrite.php(43): require_once('D:\\xampp\\htdocs...')
#10 {main}
CRITICAL - 2022-09-20 20:53:55 --> Undefined variable: row
#0 D:\xampp\htdocs\SEKERTARIAT_app\app\Views\admin\memomasuk.php(164): CodeIgniter\Debug\Exceptions->errorHandler(8, 'Undefined varia...', 'D:\\xampp\\htdocs...', 164, Array)
#1 D:\xampp\htdocs\SEKERTARIAT_app\system\View\View.php(210): include('D:\\xampp\\htdocs...')
#2 D:\xampp\htdocs\SEKERTARIAT_app\system\View\View.php(213): CodeIgniter\View\View->CodeIgniter\View\{closure}()
#3 D:\xampp\htdocs\SEKERTARIAT_app\system\Common.php(1089): CodeIgniter\View\View->render('admin/memomasuk', Array, true)
#4 D:\xampp\htdocs\SEKERTARIAT_app\app\Controllers\MemoMasuk.php(32): view('admin/memomasuk', Array)
#5 D:\xampp\htdocs\SEKERTARIAT_app\system\CodeIgniter.php(825): App\Controllers\MemoMasuk->index()
#6 D:\xampp\htdocs\SEKERTARIAT_app\system\CodeIgniter.php(412): CodeIgniter\CodeIgniter->runController(Object(App\Controllers\MemoMasuk))
#7 D:\xampp\htdocs\SEKERTARIAT_app\system\CodeIgniter.php(320): CodeIgniter\CodeIgniter->handleRequest(NULL, Object(Config\Cache), false)
#8 D:\xampp\htdocs\SEKERTARIAT_app\public\index.php(37): CodeIgniter\CodeIgniter->run()
#9 D:\xampp\htdocs\SEKERTARIAT_app\system\Commands\Server\rewrite.php(43): require_once('D:\\xampp\\htdocs...')
#10 {main}
CRITICAL - 2022-09-20 20:56:33 --> Undefined variable: memomasuk
#0 D:\xampp\htdocs\SEKERTARIAT_app\app\Views\admin\memomasuk.php(76): CodeIgniter\Debug\Exceptions->errorHandler(8, 'Undefined varia...', 'D:\\xampp\\htdocs...', 76, Array)
#1 D:\xampp\htdocs\SEKERTARIAT_app\system\View\View.php(210): include('D:\\xampp\\htdocs...')
#2 D:\xampp\htdocs\SEKERTARIAT_app\system\View\View.php(213): CodeIgniter\View\View->CodeIgniter\View\{closure}()
#3 D:\xampp\htdocs\SEKERTARIAT_app\system\Common.php(1089): CodeIgniter\View\View->render('admin/memomasuk', Array, true)
#4 D:\xampp\htdocs\SEKERTARIAT_app\app\Controllers\MemoMasuk.php(42): view('admin/memomasuk', Array)
#5 D:\xampp\htdocs\SEKERTARIAT_app\system\CodeIgniter.php(825): App\Controllers\MemoMasuk->index()
#6 D:\xampp\htdocs\SEKERTARIAT_app\system\CodeIgniter.php(412): CodeIgniter\CodeIgniter->runController(Object(App\Controllers\MemoMasuk))
#7 D:\xampp\htdocs\SEKERTARIAT_app\system\CodeIgniter.php(320): CodeIgniter\CodeIgniter->handleRequest(NULL, Object(Config\Cache), false)
#8 D:\xampp\htdocs\SEKERTARIAT_app\public\index.php(37): CodeIgniter\CodeIgniter->run()
#9 D:\xampp\htdocs\SEKERTARIAT_app\system\Commands\Server\rewrite.php(43): require_once('D:\\xampp\\htdocs...')
#10 {main}
CRITICAL - 2022-09-20 20:57:01 --> Undefined variable: pager
#0 D:\xampp\htdocs\SEKERTARIAT_app\app\Views\admin\memomasuk.php(98): CodeIgniter\Debug\Exceptions->errorHandler(8, 'Undefined varia...', 'D:\\xampp\\htdocs...', 98, Array)
#1 D:\xampp\htdocs\SEKERTARIAT_app\system\View\View.php(210): include('D:\\xampp\\htdocs...')
#2 D:\xampp\htdocs\SEKERTARIAT_app\system\View\View.php(213): CodeIgniter\View\View->CodeIgniter\View\{closure}()
#3 D:\xampp\htdocs\SEKERTARIAT_app\system\Common.php(1089): CodeIgniter\View\View->render('admin/memomasuk', Array, true)
#4 D:\xampp\htdocs\SEKERTARIAT_app\app\Controllers\MemoMasuk.php(42): view('admin/memomasuk', Array)
#5 D:\xampp\htdocs\SEKERTARIAT_app\system\CodeIgniter.php(825): App\Controllers\MemoMasuk->index()
#6 D:\xampp\htdocs\SEKERTARIAT_app\system\CodeIgniter.php(412): CodeIgniter\CodeIgniter->runController(Object(App\Controllers\MemoMasuk))
#7 D:\xampp\htdocs\SEKERTARIAT_app\system\CodeIgniter.php(320): CodeIgniter\CodeIgniter->handleRequest(NULL, Object(Config\Cache), false)
#8 D:\xampp\htdocs\SEKERTARIAT_app\public\index.php(37): CodeIgniter\CodeIgniter->run()
#9 D:\xampp\htdocs\SEKERTARIAT_app\system\Commands\Server\rewrite.php(43): require_once('D:\\xampp\\htdocs...')
#10 {main}
CRITICAL - 2022-09-20 20:57:31 --> Undefined variable: pager
#0 D:\xampp\htdocs\SEKERTARIAT_app\app\Views\admin\memomasuk.php(99): CodeIgniter\Debug\Exceptions->errorHandler(8, 'Undefined varia...', 'D:\\xampp\\htdocs...', 99, Array)
#1 D:\xampp\htdocs\SEKERTARIAT_app\system\View\View.php(210): include('D:\\xampp\\htdocs...')
#2 D:\xampp\htdocs\SEKERTARIAT_app\system\View\View.php(213): CodeIgniter\View\View->CodeIgniter\View\{closure}()
#3 D:\xampp\htdocs\SEKERTARIAT_app\system\Common.php(1089): CodeIgniter\View\View->render('admin/memomasuk', Array, true)
#4 D:\xampp\htdocs\SEKERTARIAT_app\app\Controllers\MemoMasuk.php(42): view('admin/memomasuk', Array)
#5 D:\xampp\htdocs\SEKERTARIAT_app\system\CodeIgniter.php(825): App\Controllers\MemoMasuk->index()
#6 D:\xampp\htdocs\SEKERTARIAT_app\system\CodeIgniter.php(412): CodeIgniter\CodeIgniter->runController(Object(App\Controllers\MemoMasuk))
#7 D:\xampp\htdocs\SEKERTARIAT_app\system\CodeIgniter.php(320): CodeIgniter\CodeIgniter->handleRequest(NULL, Object(Config\Cache), false)
#8 D:\xampp\htdocs\SEKERTARIAT_app\public\index.php(37): CodeIgniter\CodeIgniter->run()
#9 D:\xampp\htdocs\SEKERTARIAT_app\system\Commands\Server\rewrite.php(43): require_once('D:\\xampp\\htdocs...')
#10 {main}
CRITICAL - 2022-09-20 21:31:06 --> Undefined variable: pager
#0 D:\xampp\htdocs\SEKERTARIAT_app\app\Views\admin\suratkeluar.php(100): CodeIgniter\Debug\Exceptions->errorHandler(8, 'Undefined varia...', 'D:\\xampp\\htdocs...', 100, Array)
#1 D:\xampp\htdocs\SEKERTARIAT_app\system\View\View.php(210): include('D:\\xampp\\htdocs...')
#2 D:\xampp\htdocs\SEKERTARIAT_app\system\View\View.php(213): CodeIgniter\View\View->CodeIgniter\View\{closure}()
#3 D:\xampp\htdocs\SEKERTARIAT_app\system\Common.php(1089): CodeIgniter\View\View->render('admin/suratkelu...', Array, true)
#4 D:\xampp\htdocs\SEKERTARIAT_app\app\Controllers\SuratKeluar.php(41): view('admin/suratkelu...', Array)
#5 D:\xampp\htdocs\SEKERTARIAT_app\system\CodeIgniter.php(825): App\Controllers\SuratKeluar->index()
#6 D:\xampp\htdocs\SEKERTARIAT_app\system\CodeIgniter.php(412): CodeIgniter\CodeIgniter->runController(Object(App\Controllers\SuratKeluar))
#7 D:\xampp\htdocs\SEKERTARIAT_app\system\CodeIgniter.php(320): CodeIgniter\CodeIgniter->handleRequest(NULL, Object(Config\Cache), false)
#8 D:\xampp\htdocs\SEKERTARIAT_app\public\index.php(37): CodeIgniter\CodeIgniter->run()
#9 D:\xampp\htdocs\SEKERTARIAT_app\system\Commands\Server\rewrite.php(43): require_once('D:\\xampp\\htdocs...')
#10 {main}
