CRITICAL - 2022-04-08 08:28:12 --> syntax error, unexpected end of file
#0 D:\xampp\htdocs\SEKERTARIAT_app\system\View\View.php(213): CodeIgniter\View\View->CodeIgniter\View\{closure}()
#1 D:\xampp\htdocs\SEKERTARIAT_app\system\Common.php(1089): CodeIgniter\View\View->render('admin/suratmasu...', Array, true)
#2 D:\xampp\htdocs\SEKERTARIAT_app\app\Controllers\SuratMasuk.php(39): view('admin/suratmasu...', Array)
#3 D:\xampp\htdocs\SEKERTARIAT_app\system\CodeIgniter.php(825): App\Controllers\SuratMasuk->index()
#4 D:\xampp\htdocs\SEKERTARIAT_app\system\CodeIgniter.php(412): CodeIgniter\CodeIgniter->runController(Object(App\Controllers\SuratMasuk))
#5 D:\xampp\htdocs\SEKERTARIAT_app\system\CodeIgniter.php(320): CodeIgniter\CodeIgniter->handleRequest(NULL, Object(Config\Cache), false)
#6 D:\xampp\htdocs\SEKERTARIAT_app\public\index.php(37): CodeIgniter\CodeIgniter->run()
#7 D:\xampp\htdocs\SEKERTARIAT_app\system\Commands\Server\rewrite.php(43): require_once('D:\\xampp\\htdocs...')
#8 {main}
CRITICAL - 2022-04-08 08:39:11 --> Undefined variable: row
#0 D:\xampp\htdocs\SEKERTARIAT_app\app\Views\admin\suratmasuk.php(193): CodeIgniter\Debug\Exceptions->errorHandler(8, 'Undefined varia...', 'D:\\xampp\\htdocs...', 193, Array)
#1 D:\xampp\htdocs\SEKERTARIAT_app\system\View\View.php(210): include('D:\\xampp\\htdocs...')
#2 D:\xampp\htdocs\SEKERTARIAT_app\system\View\View.php(213): CodeIgniter\View\View->CodeIgniter\View\{closure}()
#3 D:\xampp\htdocs\SEKERTARIAT_app\system\Common.php(1089): CodeIgniter\View\View->render('admin/suratmasu...', Array, true)
#4 D:\xampp\htdocs\SEKERTARIAT_app\app\Controllers\SuratMasuk.php(39): view('admin/suratmasu...', Array)
#5 D:\xampp\htdocs\SEKERTARIAT_app\system\CodeIgniter.php(825): App\Controllers\SuratMasuk->index()
#6 D:\xampp\htdocs\SEKERTARIAT_app\system\CodeIgniter.php(412): CodeIgniter\CodeIgniter->runController(Object(App\Controllers\SuratMasuk))
#7 D:\xampp\htdocs\SEKERTARIAT_app\system\CodeIgniter.php(320): CodeIgniter\CodeIgniter->handleRequest(NULL, Object(Config\Cache), false)
#8 D:\xampp\htdocs\SEKERTARIAT_app\public\index.php(37): CodeIgniter\CodeIgniter->run()
#9 D:\xampp\htdocs\SEKERTARIAT_app\system\Commands\Server\rewrite.php(43): require_once('D:\\xampp\\htdocs...')
#10 {main}
CRITICAL - 2022-04-08 08:40:41 --> Undefined variable: row
#0 D:\xampp\htdocs\SEKERTARIAT_app\app\Views\admin\suratmasuk.php(193): CodeIgniter\Debug\Exceptions->errorHandler(8, 'Undefined varia...', 'D:\\xampp\\htdocs...', 193, Array)
#1 D:\xampp\htdocs\SEKERTARIAT_app\system\View\View.php(210): include('D:\\xampp\\htdocs...')
#2 D:\xampp\htdocs\SEKERTARIAT_app\system\View\View.php(213): CodeIgniter\View\View->CodeIgniter\View\{closure}()
#3 D:\xampp\htdocs\SEKERTARIAT_app\system\Common.php(1089): CodeIgniter\View\View->render('admin/suratmasu...', Array, true)
#4 D:\xampp\htdocs\SEKERTARIAT_app\app\Controllers\SuratMasuk.php(39): view('admin/suratmasu...', Array)
#5 D:\xampp\htdocs\SEKERTARIAT_app\system\CodeIgniter.php(825): App\Controllers\SuratMasuk->index()
#6 D:\xampp\htdocs\SEKERTARIAT_app\system\CodeIgniter.php(412): CodeIgniter\CodeIgniter->runController(Object(App\Controllers\SuratMasuk))
#7 D:\xampp\htdocs\SEKERTARIAT_app\system\CodeIgniter.php(320): CodeIgniter\CodeIgniter->handleRequest(NULL, Object(Config\Cache), false)
#8 D:\xampp\htdocs\SEKERTARIAT_app\public\index.php(37): CodeIgniter\CodeIgniter->run()
#9 D:\xampp\htdocs\SEKERTARIAT_app\system\Commands\Server\rewrite.php(43): require_once('D:\\xampp\\htdocs...')
#10 {main}
CRITICAL - 2022-04-08 08:41:48 --> Undefined variable: row
#0 D:\xampp\htdocs\SEKERTARIAT_app\app\Views\admin\suratmasuk.php(189): CodeIgniter\Debug\Exceptions->errorHandler(8, 'Undefined varia...', 'D:\\xampp\\htdocs...', 189, Array)
#1 D:\xampp\htdocs\SEKERTARIAT_app\system\View\View.php(210): include('D:\\xampp\\htdocs...')
#2 D:\xampp\htdocs\SEKERTARIAT_app\system\View\View.php(213): CodeIgniter\View\View->CodeIgniter\View\{closure}()
#3 D:\xampp\htdocs\SEKERTARIAT_app\system\Common.php(1089): CodeIgniter\View\View->render('admin/suratmasu...', Array, true)
#4 D:\xampp\htdocs\SEKERTARIAT_app\app\Controllers\SuratMasuk.php(39): view('admin/suratmasu...', Array)
#5 D:\xampp\htdocs\SEKERTARIAT_app\system\CodeIgniter.php(825): App\Controllers\SuratMasuk->index()
#6 D:\xampp\htdocs\SEKERTARIAT_app\system\CodeIgniter.php(412): CodeIgniter\CodeIgniter->runController(Object(App\Controllers\SuratMasuk))
#7 D:\xampp\htdocs\SEKERTARIAT_app\system\CodeIgniter.php(320): CodeIgniter\CodeIgniter->handleRequest(NULL, Object(Config\Cache), false)
#8 D:\xampp\htdocs\SEKERTARIAT_app\public\index.php(37): CodeIgniter\CodeIgniter->run()
#9 D:\xampp\htdocs\SEKERTARIAT_app\system\Commands\Server\rewrite.php(43): require_once('D:\\xampp\\htdocs...')
#10 {main}
ERROR - 2022-04-08 10:23:04 --> Unknown column 't.id_disposisi' in 'on clause'
CRITICAL - 2022-04-08 10:23:04 --> Call to a member function getResultArray() on bool
#0 D:\xampp\htdocs\SEKERTARIAT_app\app\Controllers\SuratMasuk.php(34): App\Models\DisposisiModel->getSuratMasukByDisposisi()
#1 D:\xampp\htdocs\SEKERTARIAT_app\system\CodeIgniter.php(825): App\Controllers\SuratMasuk->index()
#2 D:\xampp\htdocs\SEKERTARIAT_app\system\CodeIgniter.php(412): CodeIgniter\CodeIgniter->runController(Object(App\Controllers\SuratMasuk))
#3 D:\xampp\htdocs\SEKERTARIAT_app\system\CodeIgniter.php(320): CodeIgniter\CodeIgniter->handleRequest(NULL, Object(Config\Cache), false)
#4 D:\xampp\htdocs\SEKERTARIAT_app\public\index.php(37): CodeIgniter\CodeIgniter->run()
#5 D:\xampp\htdocs\SEKERTARIAT_app\system\Commands\Server\rewrite.php(43): require_once('D:\\xampp\\htdocs...')
#6 {main}
ERROR - 2022-04-08 10:23:10 --> Unknown column 't.id_disposisi' in 'on clause'
CRITICAL - 2022-04-08 10:23:10 --> Call to a member function getResultArray() on bool
#0 D:\xampp\htdocs\SEKERTARIAT_app\app\Controllers\SuratMasuk.php(34): App\Models\DisposisiModel->getSuratMasukByDisposisi()
#1 D:\xampp\htdocs\SEKERTARIAT_app\system\CodeIgniter.php(825): App\Controllers\SuratMasuk->index()
#2 D:\xampp\htdocs\SEKERTARIAT_app\system\CodeIgniter.php(412): CodeIgniter\CodeIgniter->runController(Object(App\Controllers\SuratMasuk))
#3 D:\xampp\htdocs\SEKERTARIAT_app\system\CodeIgniter.php(320): CodeIgniter\CodeIgniter->handleRequest(NULL, Object(Config\Cache), false)
#4 D:\xampp\htdocs\SEKERTARIAT_app\public\index.php(37): CodeIgniter\CodeIgniter->run()
#5 D:\xampp\htdocs\SEKERTARIAT_app\system\Commands\Server\rewrite.php(43): require_once('D:\\xampp\\htdocs...')
#6 {main}
CRITICAL - 2022-04-08 10:24:14 --> Undefined variable: terdisposisi
#0 D:\xampp\htdocs\SEKERTARIAT_app\app\Views\admin\suratmasuk.php(79): CodeIgniter\Debug\Exceptions->errorHandler(8, 'Undefined varia...', 'D:\\xampp\\htdocs...', 79, Array)
#1 D:\xampp\htdocs\SEKERTARIAT_app\system\View\View.php(210): include('D:\\xampp\\htdocs...')
#2 D:\xampp\htdocs\SEKERTARIAT_app\system\View\View.php(213): CodeIgniter\View\View->CodeIgniter\View\{closure}()
#3 D:\xampp\htdocs\SEKERTARIAT_app\system\Common.php(1089): CodeIgniter\View\View->render('admin/suratmasu...', Array, true)
#4 D:\xampp\htdocs\SEKERTARIAT_app\app\Controllers\SuratMasuk.php(39): view('admin/suratmasu...', Array)
#5 D:\xampp\htdocs\SEKERTARIAT_app\system\CodeIgniter.php(825): App\Controllers\SuratMasuk->index()
#6 D:\xampp\htdocs\SEKERTARIAT_app\system\CodeIgniter.php(412): CodeIgniter\CodeIgniter->runController(Object(App\Controllers\SuratMasuk))
#7 D:\xampp\htdocs\SEKERTARIAT_app\system\CodeIgniter.php(320): CodeIgniter\CodeIgniter->handleRequest(NULL, Object(Config\Cache), false)
#8 D:\xampp\htdocs\SEKERTARIAT_app\public\index.php(37): CodeIgniter\CodeIgniter->run()
#9 D:\xampp\htdocs\SEKERTARIAT_app\system\Commands\Server\rewrite.php(43): require_once('D:\\xampp\\htdocs...')
#10 {main}
ERROR - 2022-04-08 10:25:44 --> Unknown column 'd.nama_bidang' in 'field list'
CRITICAL - 2022-04-08 10:25:44 --> Call to a member function getResultArray() on bool
#0 D:\xampp\htdocs\SEKERTARIAT_app\app\Controllers\SuratMasuk.php(34): App\Models\DisposisiModel->getSuratMasukByDisposisi()
#1 D:\xampp\htdocs\SEKERTARIAT_app\system\CodeIgniter.php(825): App\Controllers\SuratMasuk->index()
#2 D:\xampp\htdocs\SEKERTARIAT_app\system\CodeIgniter.php(412): CodeIgniter\CodeIgniter->runController(Object(App\Controllers\SuratMasuk))
#3 D:\xampp\htdocs\SEKERTARIAT_app\system\CodeIgniter.php(320): CodeIgniter\CodeIgniter->handleRequest(NULL, Object(Config\Cache), false)
#4 D:\xampp\htdocs\SEKERTARIAT_app\public\index.php(37): CodeIgniter\CodeIgniter->run()
#5 D:\xampp\htdocs\SEKERTARIAT_app\system\Commands\Server\rewrite.php(43): require_once('D:\\xampp\\htdocs...')
#6 {main}
ERROR - 2022-04-08 10:25:47 --> Unknown column 'd.nama_bidang' in 'field list'
CRITICAL - 2022-04-08 10:25:47 --> Call to a member function getResultArray() on bool
#0 D:\xampp\htdocs\SEKERTARIAT_app\app\Controllers\SuratMasuk.php(34): App\Models\DisposisiModel->getSuratMasukByDisposisi()
#1 D:\xampp\htdocs\SEKERTARIAT_app\system\CodeIgniter.php(825): App\Controllers\SuratMasuk->index()
#2 D:\xampp\htdocs\SEKERTARIAT_app\system\CodeIgniter.php(412): CodeIgniter\CodeIgniter->runController(Object(App\Controllers\SuratMasuk))
#3 D:\xampp\htdocs\SEKERTARIAT_app\system\CodeIgniter.php(320): CodeIgniter\CodeIgniter->handleRequest(NULL, Object(Config\Cache), false)
#4 D:\xampp\htdocs\SEKERTARIAT_app\public\index.php(37): CodeIgniter\CodeIgniter->run()
#5 D:\xampp\htdocs\SEKERTARIAT_app\system\Commands\Server\rewrite.php(43): require_once('D:\\xampp\\htdocs...')
#6 {main}
ERROR - 2022-04-08 10:28:43 --> Unknown column 'd.nama_bidang' in 'field list'
CRITICAL - 2022-04-08 10:28:43 --> Call to a member function getResultArray() on bool
#0 D:\xampp\htdocs\SEKERTARIAT_app\app\Controllers\SuratMasuk.php(34): App\Models\DisposisiModel->getSuratMasukByBidang()
#1 D:\xampp\htdocs\SEKERTARIAT_app\system\CodeIgniter.php(825): App\Controllers\SuratMasuk->index()
#2 D:\xampp\htdocs\SEKERTARIAT_app\system\CodeIgniter.php(412): CodeIgniter\CodeIgniter->runController(Object(App\Controllers\SuratMasuk))
#3 D:\xampp\htdocs\SEKERTARIAT_app\system\CodeIgniter.php(320): CodeIgniter\CodeIgniter->handleRequest(NULL, Object(Config\Cache), false)
#4 D:\xampp\htdocs\SEKERTARIAT_app\public\index.php(37): CodeIgniter\CodeIgniter->run()
#5 D:\xampp\htdocs\SEKERTARIAT_app\system\Commands\Server\rewrite.php(43): require_once('D:\\xampp\\htdocs...')
#6 {main}
ERROR - 2022-04-08 10:35:03 --> Unknown column 'd.nama_bidang' in 'field list'
CRITICAL - 2022-04-08 10:35:03 --> Call to a member function getResultArray() on bool
#0 D:\xampp\htdocs\SEKERTARIAT_app\app\Controllers\SuratMasuk.php(34): App\Models\DisposisiModel->getSuratMasukByBidang()
#1 D:\xampp\htdocs\SEKERTARIAT_app\system\CodeIgniter.php(825): App\Controllers\SuratMasuk->index()
#2 D:\xampp\htdocs\SEKERTARIAT_app\system\CodeIgniter.php(412): CodeIgniter\CodeIgniter->runController(Object(App\Controllers\SuratMasuk))
#3 D:\xampp\htdocs\SEKERTARIAT_app\system\CodeIgniter.php(320): CodeIgniter\CodeIgniter->handleRequest(NULL, Object(Config\Cache), false)
#4 D:\xampp\htdocs\SEKERTARIAT_app\public\index.php(37): CodeIgniter\CodeIgniter->run()
#5 D:\xampp\htdocs\SEKERTARIAT_app\system\Commands\Server\rewrite.php(43): require_once('D:\\xampp\\htdocs...')
#6 {main}
ERROR - 2022-04-08 10:35:06 --> Unknown column 'd.nama_bidang' in 'field list'
CRITICAL - 2022-04-08 10:35:06 --> Call to a member function getResultArray() on bool
#0 D:\xampp\htdocs\SEKERTARIAT_app\app\Controllers\SuratMasuk.php(34): App\Models\DisposisiModel->getSuratMasukByBidang()
#1 D:\xampp\htdocs\SEKERTARIAT_app\system\CodeIgniter.php(825): App\Controllers\SuratMasuk->index()
#2 D:\xampp\htdocs\SEKERTARIAT_app\system\CodeIgniter.php(412): CodeIgniter\CodeIgniter->runController(Object(App\Controllers\SuratMasuk))
#3 D:\xampp\htdocs\SEKERTARIAT_app\system\CodeIgniter.php(320): CodeIgniter\CodeIgniter->handleRequest(NULL, Object(Config\Cache), false)
#4 D:\xampp\htdocs\SEKERTARIAT_app\public\index.php(37): CodeIgniter\CodeIgniter->run()
#5 D:\xampp\htdocs\SEKERTARIAT_app\system\Commands\Server\rewrite.php(43): require_once('D:\\xampp\\htdocs...')
#6 {main}
ERROR - 2022-04-08 10:35:24 --> Unknown column 'd.nama_bidang' in 'field list'
CRITICAL - 2022-04-08 10:35:24 --> Call to a member function getResultArray() on bool
#0 D:\xampp\htdocs\SEKERTARIAT_app\app\Controllers\SuratMasuk.php(34): App\Models\DisposisiModel->getSuratMasukByBidang()
#1 D:\xampp\htdocs\SEKERTARIAT_app\system\CodeIgniter.php(825): App\Controllers\SuratMasuk->index()
#2 D:\xampp\htdocs\SEKERTARIAT_app\system\CodeIgniter.php(412): CodeIgniter\CodeIgniter->runController(Object(App\Controllers\SuratMasuk))
#3 D:\xampp\htdocs\SEKERTARIAT_app\system\CodeIgniter.php(320): CodeIgniter\CodeIgniter->handleRequest(NULL, Object(Config\Cache), false)
#4 D:\xampp\htdocs\SEKERTARIAT_app\public\index.php(37): CodeIgniter\CodeIgniter->run()
#5 D:\xampp\htdocs\SEKERTARIAT_app\system\Commands\Server\rewrite.php(43): require_once('D:\\xampp\\htdocs...')
#6 {main}
ERROR - 2022-04-08 10:35:26 --> Unknown column 'd.nama_bidang' in 'field list'
CRITICAL - 2022-04-08 10:35:26 --> Call to a member function getResultArray() on bool
#0 D:\xampp\htdocs\SEKERTARIAT_app\app\Controllers\SuratMasuk.php(34): App\Models\DisposisiModel->getSuratMasukByBidang()
#1 D:\xampp\htdocs\SEKERTARIAT_app\system\CodeIgniter.php(825): App\Controllers\SuratMasuk->index()
#2 D:\xampp\htdocs\SEKERTARIAT_app\system\CodeIgniter.php(412): CodeIgniter\CodeIgniter->runController(Object(App\Controllers\SuratMasuk))
#3 D:\xampp\htdocs\SEKERTARIAT_app\system\CodeIgniter.php(320): CodeIgniter\CodeIgniter->handleRequest(NULL, Object(Config\Cache), false)
#4 D:\xampp\htdocs\SEKERTARIAT_app\public\index.php(37): CodeIgniter\CodeIgniter->run()
#5 D:\xampp\htdocs\SEKERTARIAT_app\system\Commands\Server\rewrite.php(43): require_once('D:\\xampp\\htdocs...')
#6 {main}
ERROR - 2022-04-08 10:35:37 --> Unknown column 'd.nama_bidang' in 'field list'
ERROR - 2022-04-08 10:39:55 --> Unknown column 'd.nama_bidang' in 'field list'
ERROR - 2022-04-08 10:40:01 --> Unknown column 'd.nama_bidang' in 'field list'
CRITICAL - 2022-04-08 10:40:39 --> Undefined index: disposisi
#0 D:\xampp\htdocs\SEKERTARIAT_app\app\Views\admin\suratmasuk.php(90): CodeIgniter\Debug\Exceptions->errorHandler(8, 'Undefined index...', 'D:\\xampp\\htdocs...', 90, Array)
#1 D:\xampp\htdocs\SEKERTARIAT_app\system\View\View.php(210): include('D:\\xampp\\htdocs...')
#2 D:\xampp\htdocs\SEKERTARIAT_app\system\View\View.php(213): CodeIgniter\View\View->CodeIgniter\View\{closure}()
#3 D:\xampp\htdocs\SEKERTARIAT_app\system\Common.php(1089): CodeIgniter\View\View->render('admin/suratmasu...', Array, true)
#4 D:\xampp\htdocs\SEKERTARIAT_app\app\Controllers\SuratMasuk.php(40): view('admin/suratmasu...', Array)
#5 D:\xampp\htdocs\SEKERTARIAT_app\system\CodeIgniter.php(825): App\Controllers\SuratMasuk->index()
#6 D:\xampp\htdocs\SEKERTARIAT_app\system\CodeIgniter.php(412): CodeIgniter\CodeIgniter->runController(Object(App\Controllers\SuratMasuk))
#7 D:\xampp\htdocs\SEKERTARIAT_app\system\CodeIgniter.php(320): CodeIgniter\CodeIgniter->handleRequest(NULL, Object(Config\Cache), false)
#8 D:\xampp\htdocs\SEKERTARIAT_app\public\index.php(37): CodeIgniter\CodeIgniter->run()
#9 D:\xampp\htdocs\SEKERTARIAT_app\system\Commands\Server\rewrite.php(43): require_once('D:\\xampp\\htdocs...')
#10 {main}
CRITICAL - 2022-04-08 10:55:47 --> Too few arguments to function App\Models\DisposisiModel::insert_data(), 2 passed in D:\xampp\htdocs\SEKERTARIAT_app\app\Controllers\SuratMasuk.php on line 97 and exactly 3 expected
#0 D:\xampp\htdocs\SEKERTARIAT_app\app\Controllers\SuratMasuk.php(97): App\Models\DisposisiModel->insert_data(Array, Array)
#1 D:\xampp\htdocs\SEKERTARIAT_app\system\CodeIgniter.php(825): App\Controllers\SuratMasuk->addsuratmasuk()
#2 D:\xampp\htdocs\SEKERTARIAT_app\system\CodeIgniter.php(412): CodeIgniter\CodeIgniter->runController(Object(App\Controllers\SuratMasuk))
#3 D:\xampp\htdocs\SEKERTARIAT_app\system\CodeIgniter.php(320): CodeIgniter\CodeIgniter->handleRequest(NULL, Object(Config\Cache), false)
#4 D:\xampp\htdocs\SEKERTARIAT_app\public\index.php(37): CodeIgniter\CodeIgniter->run()
#5 D:\xampp\htdocs\SEKERTARIAT_app\system\Commands\Server\rewrite.php(43): require_once('D:\\xampp\\htdocs...')
#6 {main}
ERROR - 2022-04-08 10:57:47 --> Cannot add or update a child row: a foreign key constraint fails (`sekertariat`.`suratmasuk`, CONSTRAINT `surat punya disposisi` FOREIGN KEY (`id_disposisi`) REFERENCES `disposisi` (`id_disposisi`) ON DELETE NO ACTION ON UPDATE NO ACTION)
CRITICAL - 2022-04-08 10:57:47 --> Uninitialized string offset: 1
#0 D:\xampp\htdocs\SEKERTARIAT_app\app\Models\DisposisiModel.php(53): CodeIgniter\Debug\Exceptions->errorHandler(8, 'Uninitialized s...', 'D:\\xampp\\htdocs...', 53, Array)
#1 D:\xampp\htdocs\SEKERTARIAT_app\app\Controllers\SuratMasuk.php(97): App\Models\DisposisiModel->insert_data(Array, Array)
#2 D:\xampp\htdocs\SEKERTARIAT_app\system\CodeIgniter.php(825): App\Controllers\SuratMasuk->addsuratmasuk()
#3 D:\xampp\htdocs\SEKERTARIAT_app\system\CodeIgniter.php(412): CodeIgniter\CodeIgniter->runController(Object(App\Controllers\SuratMasuk))
#4 D:\xampp\htdocs\SEKERTARIAT_app\system\CodeIgniter.php(320): CodeIgniter\CodeIgniter->handleRequest(NULL, Object(Config\Cache), false)
#5 D:\xampp\htdocs\SEKERTARIAT_app\public\index.php(37): CodeIgniter\CodeIgniter->run()
#6 D:\xampp\htdocs\SEKERTARIAT_app\system\Commands\Server\rewrite.php(43): require_once('D:\\xampp\\htdocs...')
#7 {main}
ERROR - 2022-04-08 10:58:31 --> Cannot add or update a child row: a foreign key constraint fails (`sekertariat`.`suratmasuk`, CONSTRAINT `surat punya disposisi` FOREIGN KEY (`id_disposisi`) REFERENCES `disposisi` (`id_disposisi`) ON DELETE NO ACTION ON UPDATE NO ACTION)
ERROR - 2022-04-08 10:58:50 --> Cannot add or update a child row: a foreign key constraint fails (`sekertariat`.`suratmasuk`, CONSTRAINT `surat punya disposisi` FOREIGN KEY (`id_disposisi`) REFERENCES `disposisi` (`id_disposisi`) ON DELETE NO ACTION ON UPDATE NO ACTION)
ERROR - 2022-04-08 10:58:50 --> Cannot add or update a child row: a foreign key constraint fails (`sekertariat`.`terdisposisi`, CONSTRAINT `terdisposisi have surat masuk` FOREIGN KEY (`id_surat`) REFERENCES `suratmasuk` (`id`))
ERROR - 2022-04-08 22:52:57 --> Cannot add or update a child row: a foreign key constraint fails (`sekertariat`.`suratmasuk`, CONSTRAINT `surat punya disposisi` FOREIGN KEY (`id_disposisi`) REFERENCES `disposisi` (`id_disposisi`) ON DELETE NO ACTION ON UPDATE NO ACTION)
CRITICAL - 2022-04-08 23:54:57 --> A non-numeric value encountered
#0 D:\xampp\htdocs\SEKERTARIAT_app\app\Models\DisposisiModel.php(40): CodeIgniter\Debug\Exceptions->errorHandler(2, 'A non-numeric v...', 'D:\\xampp\\htdocs...', 40, Array)
#1 D:\xampp\htdocs\SEKERTARIAT_app\app\Controllers\Home.php(32): App\Models\DisposisiModel->getSuratMasukByBidang('36')
#2 D:\xampp\htdocs\SEKERTARIAT_app\system\CodeIgniter.php(825): App\Controllers\Home->index()
#3 D:\xampp\htdocs\SEKERTARIAT_app\system\CodeIgniter.php(412): CodeIgniter\CodeIgniter->runController(Object(App\Controllers\Home))
#4 D:\xampp\htdocs\SEKERTARIAT_app\system\CodeIgniter.php(320): CodeIgniter\CodeIgniter->handleRequest(NULL, Object(Config\Cache), false)
#5 D:\xampp\htdocs\SEKERTARIAT_app\public\index.php(37): CodeIgniter\CodeIgniter->run()
#6 D:\xampp\htdocs\SEKERTARIAT_app\system\Commands\Server\rewrite.php(43): require_once('D:\\xampp\\htdocs...')
#7 {main}
