CRITICAL - 2022-04-09 08:34:26 --> Undefined variable: row
#0 D:\xampp\htdocs\SEKERTARIAT_app\app\Views\admin\suratmasuk.php(194): CodeIgniter\Debug\Exceptions->errorHandler(8, 'Undefined varia...', 'D:\\xampp\\htdocs...', 194, Array)
#1 D:\xampp\htdocs\SEKERTARIAT_app\system\View\View.php(210): include('D:\\xampp\\htdocs...')
#2 D:\xampp\htdocs\SEKERTARIAT_app\system\View\View.php(213): CodeIgniter\View\View->CodeIgniter\View\{closure}()
#3 D:\xampp\htdocs\SEKERTARIAT_app\system\Common.php(1089): CodeIgniter\View\View->render('admin/suratmasu...', Array, true)
#4 D:\xampp\htdocs\SEKERTARIAT_app\app\Controllers\SuratMasuk.php(40): view('admin/suratmasu...', Array)
#5 D:\xampp\htdocs\SEKERTARIAT_app\system\CodeIgniter.php(825): App\Controllers\SuratMasuk->index()
#6 D:\xampp\htdocs\SEKERTARIAT_app\system\CodeIgniter.php(412): CodeIgniter\CodeIgniter->runController(Object(App\Controllers\SuratMasuk))
#7 D:\xampp\htdocs\SEKERTARIAT_app\system\CodeIgniter.php(320): CodeIgniter\CodeIgniter->handleRequest(NULL, Object(Config\Cache), false)
#8 D:\xampp\htdocs\SEKERTARIAT_app\public\index.php(37): CodeIgniter\CodeIgniter->run()
#9 D:\xampp\htdocs\SEKERTARIAT_app\system\Commands\Server\rewrite.php(43): require_once('D:\\xampp\\htdocs...')
#10 {main}
CRITICAL - 2022-04-09 08:35:10 --> Undefined index: id
#0 D:\xampp\htdocs\SEKERTARIAT_app\app\Views\admin\suratmasuk.php(194): CodeIgniter\Debug\Exceptions->errorHandler(8, 'Undefined index...', 'D:\\xampp\\htdocs...', 194, Array)
#1 D:\xampp\htdocs\SEKERTARIAT_app\system\View\View.php(210): include('D:\\xampp\\htdocs...')
#2 D:\xampp\htdocs\SEKERTARIAT_app\system\View\View.php(213): CodeIgniter\View\View->CodeIgniter\View\{closure}()
#3 D:\xampp\htdocs\SEKERTARIAT_app\system\Common.php(1089): CodeIgniter\View\View->render('admin/suratmasu...', Array, true)
#4 D:\xampp\htdocs\SEKERTARIAT_app\app\Controllers\SuratMasuk.php(40): view('admin/suratmasu...', Array)
#5 D:\xampp\htdocs\SEKERTARIAT_app\system\CodeIgniter.php(825): App\Controllers\SuratMasuk->index()
#6 D:\xampp\htdocs\SEKERTARIAT_app\system\CodeIgniter.php(412): CodeIgniter\CodeIgniter->runController(Object(App\Controllers\SuratMasuk))
#7 D:\xampp\htdocs\SEKERTARIAT_app\system\CodeIgniter.php(320): CodeIgniter\CodeIgniter->handleRequest(NULL, Object(Config\Cache), false)
#8 D:\xampp\htdocs\SEKERTARIAT_app\public\index.php(37): CodeIgniter\CodeIgniter->run()
#9 D:\xampp\htdocs\SEKERTARIAT_app\system\Commands\Server\rewrite.php(43): require_once('D:\\xampp\\htdocs...')
#10 {main}
CRITICAL - 2022-04-09 08:35:45 --> Undefined variable: row
#0 D:\xampp\htdocs\SEKERTARIAT_app\app\Views\admin\suratmasuk.php(194): CodeIgniter\Debug\Exceptions->errorHandler(8, 'Undefined varia...', 'D:\\xampp\\htdocs...', 194, Array)
#1 D:\xampp\htdocs\SEKERTARIAT_app\system\View\View.php(210): include('D:\\xampp\\htdocs...')
#2 D:\xampp\htdocs\SEKERTARIAT_app\system\View\View.php(213): CodeIgniter\View\View->CodeIgniter\View\{closure}()
#3 D:\xampp\htdocs\SEKERTARIAT_app\system\Common.php(1089): CodeIgniter\View\View->render('admin/suratmasu...', Array, true)
#4 D:\xampp\htdocs\SEKERTARIAT_app\app\Controllers\SuratMasuk.php(40): view('admin/suratmasu...', Array)
#5 D:\xampp\htdocs\SEKERTARIAT_app\system\CodeIgniter.php(825): App\Controllers\SuratMasuk->index()
#6 D:\xampp\htdocs\SEKERTARIAT_app\system\CodeIgniter.php(412): CodeIgniter\CodeIgniter->runController(Object(App\Controllers\SuratMasuk))
#7 D:\xampp\htdocs\SEKERTARIAT_app\system\CodeIgniter.php(320): CodeIgniter\CodeIgniter->handleRequest(NULL, Object(Config\Cache), false)
#8 D:\xampp\htdocs\SEKERTARIAT_app\public\index.php(37): CodeIgniter\CodeIgniter->run()
#9 D:\xampp\htdocs\SEKERTARIAT_app\system\Commands\Server\rewrite.php(43): require_once('D:\\xampp\\htdocs...')
#10 {main}
CRITICAL - 2022-04-09 08:35:53 --> Undefined variable: row
#0 D:\xampp\htdocs\SEKERTARIAT_app\app\Views\admin\suratmasuk.php(194): CodeIgniter\Debug\Exceptions->errorHandler(8, 'Undefined varia...', 'D:\\xampp\\htdocs...', 194, Array)
#1 D:\xampp\htdocs\SEKERTARIAT_app\system\View\View.php(210): include('D:\\xampp\\htdocs...')
#2 D:\xampp\htdocs\SEKERTARIAT_app\system\View\View.php(213): CodeIgniter\View\View->CodeIgniter\View\{closure}()
#3 D:\xampp\htdocs\SEKERTARIAT_app\system\Common.php(1089): CodeIgniter\View\View->render('admin/suratmasu...', Array, true)
#4 D:\xampp\htdocs\SEKERTARIAT_app\app\Controllers\SuratMasuk.php(40): view('admin/suratmasu...', Array)
#5 D:\xampp\htdocs\SEKERTARIAT_app\system\CodeIgniter.php(825): App\Controllers\SuratMasuk->index()
#6 D:\xampp\htdocs\SEKERTARIAT_app\system\CodeIgniter.php(412): CodeIgniter\CodeIgniter->runController(Object(App\Controllers\SuratMasuk))
#7 D:\xampp\htdocs\SEKERTARIAT_app\system\CodeIgniter.php(320): CodeIgniter\CodeIgniter->handleRequest(NULL, Object(Config\Cache), false)
#8 D:\xampp\htdocs\SEKERTARIAT_app\public\index.php(37): CodeIgniter\CodeIgniter->run()
#9 D:\xampp\htdocs\SEKERTARIAT_app\system\Commands\Server\rewrite.php(43): require_once('D:\\xampp\\htdocs...')
#10 {main}
CRITICAL - 2022-04-09 08:36:00 --> Undefined variable: row
#0 D:\xampp\htdocs\SEKERTARIAT_app\app\Views\admin\suratmasuk.php(194): CodeIgniter\Debug\Exceptions->errorHandler(8, 'Undefined varia...', 'D:\\xampp\\htdocs...', 194, Array)
#1 D:\xampp\htdocs\SEKERTARIAT_app\system\View\View.php(210): include('D:\\xampp\\htdocs...')
#2 D:\xampp\htdocs\SEKERTARIAT_app\system\View\View.php(213): CodeIgniter\View\View->CodeIgniter\View\{closure}()
#3 D:\xampp\htdocs\SEKERTARIAT_app\system\Common.php(1089): CodeIgniter\View\View->render('admin/suratmasu...', Array, true)
#4 D:\xampp\htdocs\SEKERTARIAT_app\app\Controllers\SuratMasuk.php(40): view('admin/suratmasu...', Array)
#5 D:\xampp\htdocs\SEKERTARIAT_app\system\CodeIgniter.php(825): App\Controllers\SuratMasuk->index()
#6 D:\xampp\htdocs\SEKERTARIAT_app\system\CodeIgniter.php(412): CodeIgniter\CodeIgniter->runController(Object(App\Controllers\SuratMasuk))
#7 D:\xampp\htdocs\SEKERTARIAT_app\system\CodeIgniter.php(320): CodeIgniter\CodeIgniter->handleRequest(NULL, Object(Config\Cache), false)
#8 D:\xampp\htdocs\SEKERTARIAT_app\public\index.php(37): CodeIgniter\CodeIgniter->run()
#9 D:\xampp\htdocs\SEKERTARIAT_app\system\Commands\Server\rewrite.php(43): require_once('D:\\xampp\\htdocs...')
#10 {main}
CRITICAL - 2022-04-09 08:37:35 --> Undefined variable: row
#0 D:\xampp\htdocs\SEKERTARIAT_app\app\Views\admin\suratkeluar.php(174): CodeIgniter\Debug\Exceptions->errorHandler(8, 'Undefined varia...', 'D:\\xampp\\htdocs...', 174, Array)
#1 D:\xampp\htdocs\SEKERTARIAT_app\system\View\View.php(210): include('D:\\xampp\\htdocs...')
#2 D:\xampp\htdocs\SEKERTARIAT_app\system\View\View.php(213): CodeIgniter\View\View->CodeIgniter\View\{closure}()
#3 D:\xampp\htdocs\SEKERTARIAT_app\system\Common.php(1089): CodeIgniter\View\View->render('admin/suratkelu...', Array, true)
#4 D:\xampp\htdocs\SEKERTARIAT_app\app\Controllers\SuratKeluar.php(32): view('admin/suratkelu...', Array)
#5 D:\xampp\htdocs\SEKERTARIAT_app\system\CodeIgniter.php(825): App\Controllers\SuratKeluar->index()
#6 D:\xampp\htdocs\SEKERTARIAT_app\system\CodeIgniter.php(412): CodeIgniter\CodeIgniter->runController(Object(App\Controllers\SuratKeluar))
#7 D:\xampp\htdocs\SEKERTARIAT_app\system\CodeIgniter.php(320): CodeIgniter\CodeIgniter->handleRequest(NULL, Object(Config\Cache), false)
#8 D:\xampp\htdocs\SEKERTARIAT_app\public\index.php(37): CodeIgniter\CodeIgniter->run()
#9 D:\xampp\htdocs\SEKERTARIAT_app\system\Commands\Server\rewrite.php(43): require_once('D:\\xampp\\htdocs...')
#10 {main}
CRITICAL - 2022-04-09 08:38:01 --> Undefined variable: row
#0 D:\xampp\htdocs\SEKERTARIAT_app\app\Views\admin\suratkeluar.php(174): CodeIgniter\Debug\Exceptions->errorHandler(8, 'Undefined varia...', 'D:\\xampp\\htdocs...', 174, Array)
#1 D:\xampp\htdocs\SEKERTARIAT_app\system\View\View.php(210): include('D:\\xampp\\htdocs...')
#2 D:\xampp\htdocs\SEKERTARIAT_app\system\View\View.php(213): CodeIgniter\View\View->CodeIgniter\View\{closure}()
#3 D:\xampp\htdocs\SEKERTARIAT_app\system\Common.php(1089): CodeIgniter\View\View->render('admin/suratkelu...', Array, true)
#4 D:\xampp\htdocs\SEKERTARIAT_app\app\Controllers\SuratKeluar.php(32): view('admin/suratkelu...', Array)
#5 D:\xampp\htdocs\SEKERTARIAT_app\system\CodeIgniter.php(825): App\Controllers\SuratKeluar->index()
#6 D:\xampp\htdocs\SEKERTARIAT_app\system\CodeIgniter.php(412): CodeIgniter\CodeIgniter->runController(Object(App\Controllers\SuratKeluar))
#7 D:\xampp\htdocs\SEKERTARIAT_app\system\CodeIgniter.php(320): CodeIgniter\CodeIgniter->handleRequest(NULL, Object(Config\Cache), false)
#8 D:\xampp\htdocs\SEKERTARIAT_app\public\index.php(37): CodeIgniter\CodeIgniter->run()
#9 D:\xampp\htdocs\SEKERTARIAT_app\system\Commands\Server\rewrite.php(43): require_once('D:\\xampp\\htdocs...')
#10 {main}
CRITICAL - 2022-04-09 08:39:52 --> Undefined variable: row
#0 D:\xampp\htdocs\SEKERTARIAT_app\app\Views\admin\memomasuk.php(168): CodeIgniter\Debug\Exceptions->errorHandler(8, 'Undefined varia...', 'D:\\xampp\\htdocs...', 168, Array)
#1 D:\xampp\htdocs\SEKERTARIAT_app\system\View\View.php(210): include('D:\\xampp\\htdocs...')
#2 D:\xampp\htdocs\SEKERTARIAT_app\system\View\View.php(213): CodeIgniter\View\View->CodeIgniter\View\{closure}()
#3 D:\xampp\htdocs\SEKERTARIAT_app\system\Common.php(1089): CodeIgniter\View\View->render('admin/memomasuk', Array, true)
#4 D:\xampp\htdocs\SEKERTARIAT_app\app\Controllers\MemoMasuk.php(32): view('admin/memomasuk', Array)
#5 D:\xampp\htdocs\SEKERTARIAT_app\system\CodeIgniter.php(825): App\Controllers\MemoMasuk->index()
#6 D:\xampp\htdocs\SEKERTARIAT_app\system\CodeIgniter.php(412): CodeIgniter\CodeIgniter->runController(Object(App\Controllers\MemoMasuk))
#7 D:\xampp\htdocs\SEKERTARIAT_app\system\CodeIgniter.php(320): CodeIgniter\CodeIgniter->handleRequest(NULL, Object(Config\Cache), false)
#8 D:\xampp\htdocs\SEKERTARIAT_app\public\index.php(37): CodeIgniter\CodeIgniter->run()
#9 D:\xampp\htdocs\SEKERTARIAT_app\system\Commands\Server\rewrite.php(43): require_once('D:\\xampp\\htdocs...')
#10 {main}
CRITICAL - 2022-04-09 08:39:57 --> Undefined variable: row
#0 D:\xampp\htdocs\SEKERTARIAT_app\app\Views\admin\memomasuk.php(168): CodeIgniter\Debug\Exceptions->errorHandler(8, 'Undefined varia...', 'D:\\xampp\\htdocs...', 168, Array)
#1 D:\xampp\htdocs\SEKERTARIAT_app\system\View\View.php(210): include('D:\\xampp\\htdocs...')
#2 D:\xampp\htdocs\SEKERTARIAT_app\system\View\View.php(213): CodeIgniter\View\View->CodeIgniter\View\{closure}()
#3 D:\xampp\htdocs\SEKERTARIAT_app\system\Common.php(1089): CodeIgniter\View\View->render('admin/memomasuk', Array, true)
#4 D:\xampp\htdocs\SEKERTARIAT_app\app\Controllers\MemoMasuk.php(32): view('admin/memomasuk', Array)
#5 D:\xampp\htdocs\SEKERTARIAT_app\system\CodeIgniter.php(825): App\Controllers\MemoMasuk->index()
#6 D:\xampp\htdocs\SEKERTARIAT_app\system\CodeIgniter.php(412): CodeIgniter\CodeIgniter->runController(Object(App\Controllers\MemoMasuk))
#7 D:\xampp\htdocs\SEKERTARIAT_app\system\CodeIgniter.php(320): CodeIgniter\CodeIgniter->handleRequest(NULL, Object(Config\Cache), false)
#8 D:\xampp\htdocs\SEKERTARIAT_app\public\index.php(37): CodeIgniter\CodeIgniter->run()
#9 D:\xampp\htdocs\SEKERTARIAT_app\system\Commands\Server\rewrite.php(43): require_once('D:\\xampp\\htdocs...')
#10 {main}
CRITICAL - 2022-04-09 08:40:04 --> Undefined variable: row
#0 D:\xampp\htdocs\SEKERTARIAT_app\app\Views\admin\memomasuk.php(168): CodeIgniter\Debug\Exceptions->errorHandler(8, 'Undefined varia...', 'D:\\xampp\\htdocs...', 168, Array)
#1 D:\xampp\htdocs\SEKERTARIAT_app\system\View\View.php(210): include('D:\\xampp\\htdocs...')
#2 D:\xampp\htdocs\SEKERTARIAT_app\system\View\View.php(213): CodeIgniter\View\View->CodeIgniter\View\{closure}()
#3 D:\xampp\htdocs\SEKERTARIAT_app\system\Common.php(1089): CodeIgniter\View\View->render('admin/memomasuk', Array, true)
#4 D:\xampp\htdocs\SEKERTARIAT_app\app\Controllers\MemoMasuk.php(32): view('admin/memomasuk', Array)
#5 D:\xampp\htdocs\SEKERTARIAT_app\system\CodeIgniter.php(825): App\Controllers\MemoMasuk->index()
#6 D:\xampp\htdocs\SEKERTARIAT_app\system\CodeIgniter.php(412): CodeIgniter\CodeIgniter->runController(Object(App\Controllers\MemoMasuk))
#7 D:\xampp\htdocs\SEKERTARIAT_app\system\CodeIgniter.php(320): CodeIgniter\CodeIgniter->handleRequest(NULL, Object(Config\Cache), false)
#8 D:\xampp\htdocs\SEKERTARIAT_app\public\index.php(37): CodeIgniter\CodeIgniter->run()
#9 D:\xampp\htdocs\SEKERTARIAT_app\system\Commands\Server\rewrite.php(43): require_once('D:\\xampp\\htdocs...')
#10 {main}
CRITICAL - 2022-04-09 08:42:14 --> Undefined variable: row
#0 D:\xampp\htdocs\SEKERTARIAT_app\app\Views\admin\memomasuk.php(168): CodeIgniter\Debug\Exceptions->errorHandler(8, 'Undefined varia...', 'D:\\xampp\\htdocs...', 168, Array)
#1 D:\xampp\htdocs\SEKERTARIAT_app\system\View\View.php(210): include('D:\\xampp\\htdocs...')
#2 D:\xampp\htdocs\SEKERTARIAT_app\system\View\View.php(213): CodeIgniter\View\View->CodeIgniter\View\{closure}()
#3 D:\xampp\htdocs\SEKERTARIAT_app\system\Common.php(1089): CodeIgniter\View\View->render('admin/memomasuk', Array, true)
#4 D:\xampp\htdocs\SEKERTARIAT_app\app\Controllers\MemoMasuk.php(32): view('admin/memomasuk', Array)
#5 D:\xampp\htdocs\SEKERTARIAT_app\system\CodeIgniter.php(825): App\Controllers\MemoMasuk->index()
#6 D:\xampp\htdocs\SEKERTARIAT_app\system\CodeIgniter.php(412): CodeIgniter\CodeIgniter->runController(Object(App\Controllers\MemoMasuk))
#7 D:\xampp\htdocs\SEKERTARIAT_app\system\CodeIgniter.php(320): CodeIgniter\CodeIgniter->handleRequest(NULL, Object(Config\Cache), false)
#8 D:\xampp\htdocs\SEKERTARIAT_app\public\index.php(37): CodeIgniter\CodeIgniter->run()
#9 D:\xampp\htdocs\SEKERTARIAT_app\system\Commands\Server\rewrite.php(43): require_once('D:\\xampp\\htdocs...')
#10 {main}
CRITICAL - 2022-04-09 08:42:16 --> Undefined variable: row
#0 D:\xampp\htdocs\SEKERTARIAT_app\app\Views\admin\memomasuk.php(168): CodeIgniter\Debug\Exceptions->errorHandler(8, 'Undefined varia...', 'D:\\xampp\\htdocs...', 168, Array)
#1 D:\xampp\htdocs\SEKERTARIAT_app\system\View\View.php(210): include('D:\\xampp\\htdocs...')
#2 D:\xampp\htdocs\SEKERTARIAT_app\system\View\View.php(213): CodeIgniter\View\View->CodeIgniter\View\{closure}()
#3 D:\xampp\htdocs\SEKERTARIAT_app\system\Common.php(1089): CodeIgniter\View\View->render('admin/memomasuk', Array, true)
#4 D:\xampp\htdocs\SEKERTARIAT_app\app\Controllers\MemoMasuk.php(32): view('admin/memomasuk', Array)
#5 D:\xampp\htdocs\SEKERTARIAT_app\system\CodeIgniter.php(825): App\Controllers\MemoMasuk->index()
#6 D:\xampp\htdocs\SEKERTARIAT_app\system\CodeIgniter.php(412): CodeIgniter\CodeIgniter->runController(Object(App\Controllers\MemoMasuk))
#7 D:\xampp\htdocs\SEKERTARIAT_app\system\CodeIgniter.php(320): CodeIgniter\CodeIgniter->handleRequest(NULL, Object(Config\Cache), false)
#8 D:\xampp\htdocs\SEKERTARIAT_app\public\index.php(37): CodeIgniter\CodeIgniter->run()
#9 D:\xampp\htdocs\SEKERTARIAT_app\system\Commands\Server\rewrite.php(43): require_once('D:\\xampp\\htdocs...')
#10 {main}
CRITICAL - 2022-04-09 08:43:26 --> Undefined variable: row
#0 D:\xampp\htdocs\SEKERTARIAT_app\app\Views\admin\memomasuk.php(168): CodeIgniter\Debug\Exceptions->errorHandler(8, 'Undefined varia...', 'D:\\xampp\\htdocs...', 168, Array)
#1 D:\xampp\htdocs\SEKERTARIAT_app\system\View\View.php(210): include('D:\\xampp\\htdocs...')
#2 D:\xampp\htdocs\SEKERTARIAT_app\system\View\View.php(213): CodeIgniter\View\View->CodeIgniter\View\{closure}()
#3 D:\xampp\htdocs\SEKERTARIAT_app\system\Common.php(1089): CodeIgniter\View\View->render('admin/memomasuk', Array, true)
#4 D:\xampp\htdocs\SEKERTARIAT_app\app\Controllers\MemoMasuk.php(32): view('admin/memomasuk', Array)
#5 D:\xampp\htdocs\SEKERTARIAT_app\system\CodeIgniter.php(825): App\Controllers\MemoMasuk->index()
#6 D:\xampp\htdocs\SEKERTARIAT_app\system\CodeIgniter.php(412): CodeIgniter\CodeIgniter->runController(Object(App\Controllers\MemoMasuk))
#7 D:\xampp\htdocs\SEKERTARIAT_app\system\CodeIgniter.php(320): CodeIgniter\CodeIgniter->handleRequest(NULL, Object(Config\Cache), false)
#8 D:\xampp\htdocs\SEKERTARIAT_app\public\index.php(37): CodeIgniter\CodeIgniter->run()
#9 D:\xampp\htdocs\SEKERTARIAT_app\system\Commands\Server\rewrite.php(43): require_once('D:\\xampp\\htdocs...')
#10 {main}
CRITICAL - 2022-04-09 08:44:10 --> Undefined variable: row
#0 D:\xampp\htdocs\SEKERTARIAT_app\app\Views\admin\suratmasuk.php(194): CodeIgniter\Debug\Exceptions->errorHandler(8, 'Undefined varia...', 'D:\\xampp\\htdocs...', 194, Array)
#1 D:\xampp\htdocs\SEKERTARIAT_app\system\View\View.php(210): include('D:\\xampp\\htdocs...')
#2 D:\xampp\htdocs\SEKERTARIAT_app\system\View\View.php(213): CodeIgniter\View\View->CodeIgniter\View\{closure}()
#3 D:\xampp\htdocs\SEKERTARIAT_app\system\Common.php(1089): CodeIgniter\View\View->render('admin/suratmasu...', Array, true)
#4 D:\xampp\htdocs\SEKERTARIAT_app\app\Controllers\SuratMasuk.php(40): view('admin/suratmasu...', Array)
#5 D:\xampp\htdocs\SEKERTARIAT_app\system\CodeIgniter.php(825): App\Controllers\SuratMasuk->index()
#6 D:\xampp\htdocs\SEKERTARIAT_app\system\CodeIgniter.php(412): CodeIgniter\CodeIgniter->runController(Object(App\Controllers\SuratMasuk))
#7 D:\xampp\htdocs\SEKERTARIAT_app\system\CodeIgniter.php(320): CodeIgniter\CodeIgniter->handleRequest(NULL, Object(Config\Cache), false)
#8 D:\xampp\htdocs\SEKERTARIAT_app\public\index.php(37): CodeIgniter\CodeIgniter->run()
#9 D:\xampp\htdocs\SEKERTARIAT_app\system\Commands\Server\rewrite.php(43): require_once('D:\\xampp\\htdocs...')
#10 {main}
CRITICAL - 2022-04-09 08:50:28 --> Too few arguments to function App\Controllers\SuratMasuk::hapussuratmasuk(), 0 passed in D:\xampp\htdocs\SEKERTARIAT_app\system\CodeIgniter.php on line 825 and exactly 1 expected
#0 D:\xampp\htdocs\SEKERTARIAT_app\system\CodeIgniter.php(825): App\Controllers\SuratMasuk->hapussuratmasuk()
#1 D:\xampp\htdocs\SEKERTARIAT_app\system\CodeIgniter.php(412): CodeIgniter\CodeIgniter->runController(Object(App\Controllers\SuratMasuk))
#2 D:\xampp\htdocs\SEKERTARIAT_app\system\CodeIgniter.php(320): CodeIgniter\CodeIgniter->handleRequest(NULL, Object(Config\Cache), false)
#3 D:\xampp\htdocs\SEKERTARIAT_app\public\index.php(37): CodeIgniter\CodeIgniter->run()
#4 D:\xampp\htdocs\SEKERTARIAT_app\system\Commands\Server\rewrite.php(43): require_once('D:\\xampp\\htdocs...')
#5 {main}
CRITICAL - 2022-04-09 08:51:08 --> Undefined variable: row
#0 D:\xampp\htdocs\SEKERTARIAT_app\app\Views\admin\suratmasuk.php(194): CodeIgniter\Debug\Exceptions->errorHandler(8, 'Undefined varia...', 'D:\\xampp\\htdocs...', 194, Array)
#1 D:\xampp\htdocs\SEKERTARIAT_app\system\View\View.php(210): include('D:\\xampp\\htdocs...')
#2 D:\xampp\htdocs\SEKERTARIAT_app\system\View\View.php(213): CodeIgniter\View\View->CodeIgniter\View\{closure}()
#3 D:\xampp\htdocs\SEKERTARIAT_app\system\Common.php(1089): CodeIgniter\View\View->render('admin/suratmasu...', Array, true)
#4 D:\xampp\htdocs\SEKERTARIAT_app\app\Controllers\SuratMasuk.php(40): view('admin/suratmasu...', Array)
#5 D:\xampp\htdocs\SEKERTARIAT_app\system\CodeIgniter.php(825): App\Controllers\SuratMasuk->index()
#6 D:\xampp\htdocs\SEKERTARIAT_app\system\CodeIgniter.php(412): CodeIgniter\CodeIgniter->runController(Object(App\Controllers\SuratMasuk))
#7 D:\xampp\htdocs\SEKERTARIAT_app\system\CodeIgniter.php(320): CodeIgniter\CodeIgniter->handleRequest(NULL, Object(Config\Cache), false)
#8 D:\xampp\htdocs\SEKERTARIAT_app\public\index.php(37): CodeIgniter\CodeIgniter->run()
#9 D:\xampp\htdocs\SEKERTARIAT_app\system\Commands\Server\rewrite.php(43): require_once('D:\\xampp\\htdocs...')
#10 {main}
