CRITICAL - 2022-05-22 20:35:34 --> File not found: uploadsuratmasuk/D:
#0 D:\xampp\htdocs\SEKERTARIAT_app\system\Files\File.php(46): CodeIgniter\Files\Exceptions\FileNotFoundException::forFileNotFound('uploadsuratmasu...')
#1 D:\xampp\htdocs\SEKERTARIAT_app\system\HTTP\DownloadResponse.php(107): CodeIgniter\Files\File->__construct('uploadsuratmasu...', true)
#2 D:\xampp\htdocs\SEKERTARIAT_app\system\HTTP\ResponseTrait.php(774): CodeIgniter\HTTP\DownloadResponse->setFilePath('uploadsuratmasu...')
#3 D:\xampp\htdocs\SEKERTARIAT_app\app\Controllers\SuratMasuk.php(211): CodeIgniter\HTTP\Response->download('D:', NULL)
#4 D:\xampp\htdocs\SEKERTARIAT_app\system\CodeIgniter.php(825): App\Controllers\SuratMasuk->download('D:', 'xampp', 'tmp', 'phpD9D3.tmp')
#5 D:\xampp\htdocs\SEKERTARIAT_app\system\CodeIgniter.php(412): CodeIgniter\CodeIgniter->runController(Object(App\Controllers\SuratMasuk))
#6 D:\xampp\htdocs\SEKERTARIAT_app\system\CodeIgniter.php(320): CodeIgniter\CodeIgniter->handleRequest(NULL, Object(Config\Cache), false)
#7 D:\xampp\htdocs\SEKERTARIAT_app\public\index.php(37): CodeIgniter\CodeIgniter->run()
#8 D:\xampp\htdocs\SEKERTARIAT_app\system\Commands\Server\rewrite.php(43): require_once('D:\\xampp\\htdocs...')
#9 {main}
CRITICAL - 2022-05-22 20:36:15 --> File not found: uploadsuratmasuk/D:
#0 D:\xampp\htdocs\SEKERTARIAT_app\system\Files\File.php(46): CodeIgniter\Files\Exceptions\FileNotFoundException::forFileNotFound('uploadsuratmasu...')
#1 D:\xampp\htdocs\SEKERTARIAT_app\system\HTTP\DownloadResponse.php(107): CodeIgniter\Files\File->__construct('uploadsuratmasu...', true)
#2 D:\xampp\htdocs\SEKERTARIAT_app\system\HTTP\ResponseTrait.php(774): CodeIgniter\HTTP\DownloadResponse->setFilePath('uploadsuratmasu...')
#3 D:\xampp\htdocs\SEKERTARIAT_app\app\Controllers\SuratMasuk.php(211): CodeIgniter\HTTP\Response->download('D:', NULL)
#4 D:\xampp\htdocs\SEKERTARIAT_app\system\CodeIgniter.php(825): App\Controllers\SuratMasuk->download('D:', 'xampp', 'tmp', 'phpD9D3.tmp')
#5 D:\xampp\htdocs\SEKERTARIAT_app\system\CodeIgniter.php(412): CodeIgniter\CodeIgniter->runController(Object(App\Controllers\SuratMasuk))
#6 D:\xampp\htdocs\SEKERTARIAT_app\system\CodeIgniter.php(320): CodeIgniter\CodeIgniter->handleRequest(NULL, Object(Config\Cache), false)
#7 D:\xampp\htdocs\SEKERTARIAT_app\public\index.php(37): CodeIgniter\CodeIgniter->run()
#8 D:\xampp\htdocs\SEKERTARIAT_app\system\Commands\Server\rewrite.php(43): require_once('D:\\xampp\\htdocs...')
#9 {main}
