CRITICAL - 2022-03-21 02:39:34 --> Call to undefined method App\Models\Memo_Model::getdata
#0 D:\xampp\htdocs\codeigniter4\app\Controllers\Memo.php(54): CodeIgniter\Model->__call('getdata', Array)
#1 D:\xampp\htdocs\codeigniter4\system\CodeIgniter.php(825): App\Controllers\Memo->addmemo()
#2 D:\xampp\htdocs\codeigniter4\system\CodeIgniter.php(412): CodeIgniter\CodeIgniter->runController(Object(App\Controllers\Memo))
#3 D:\xampp\htdocs\codeigniter4\system\CodeIgniter.php(320): CodeIgniter\CodeIgniter->handleRequest(NULL, Object(Config\Cache), false)
#4 D:\xampp\htdocs\codeigniter4\public\index.php(37): CodeIgniter\CodeIgniter->run()
#5 D:\xampp\htdocs\codeigniter4\system\Commands\Server\rewrite.php(43): require_once('D:\\xampp\\htdocs...')
#6 {main}
CRITICAL - 2022-03-21 20:59:31 --> Call to undefined method App\Models\SuratKeputusan_Model::getdata
#0 D:\xampp\htdocs\codeigniter4\app\Controllers\SuratKeputusan.php(61): CodeIgniter\Model->__call('getdata', Array)
#1 D:\xampp\htdocs\codeigniter4\system\CodeIgniter.php(825): App\Controllers\SuratKeputusan->addsurat_keputusan()
#2 D:\xampp\htdocs\codeigniter4\system\CodeIgniter.php(412): CodeIgniter\CodeIgniter->runController(Object(App\Controllers\SuratKeputusan))
#3 D:\xampp\htdocs\codeigniter4\system\CodeIgniter.php(320): CodeIgniter\CodeIgniter->handleRequest(NULL, Object(Config\Cache), false)
#4 D:\xampp\htdocs\codeigniter4\public\index.php(37): CodeIgniter\CodeIgniter->run()
#5 D:\xampp\htdocs\codeigniter4\system\Commands\Server\rewrite.php(43): require_once('D:\\xampp\\htdocs...')
#6 {main}
CRITICAL - 2022-03-21 21:02:45 --> Call to undefined method App\Models\SuratKeputusan_Model::getdata
#0 D:\xampp\htdocs\codeigniter4\app\Controllers\SuratKeputusan.php(61): CodeIgniter\Model->__call('getdata', Array)
#1 D:\xampp\htdocs\codeigniter4\system\CodeIgniter.php(825): App\Controllers\SuratKeputusan->addsurat_keputusan()
#2 D:\xampp\htdocs\codeigniter4\system\CodeIgniter.php(412): CodeIgniter\CodeIgniter->runController(Object(App\Controllers\SuratKeputusan))
#3 D:\xampp\htdocs\codeigniter4\system\CodeIgniter.php(320): CodeIgniter\CodeIgniter->handleRequest(NULL, Object(Config\Cache), false)
#4 D:\xampp\htdocs\codeigniter4\public\index.php(37): CodeIgniter\CodeIgniter->run()
#5 D:\xampp\htdocs\codeigniter4\system\Commands\Server\rewrite.php(43): require_once('D:\\xampp\\htdocs...')
#6 {main}
CRITICAL - 2022-03-21 21:04:07 --> Call to undefined method App\Models\SuratKeputusan_Model::getdata
#0 D:\xampp\htdocs\codeigniter4\app\Controllers\SuratKeputusan.php(61): CodeIgniter\Model->__call('getdata', Array)
#1 D:\xampp\htdocs\codeigniter4\system\CodeIgniter.php(825): App\Controllers\SuratKeputusan->addsurat_keputusan()
#2 D:\xampp\htdocs\codeigniter4\system\CodeIgniter.php(412): CodeIgniter\CodeIgniter->runController(Object(App\Controllers\SuratKeputusan))
#3 D:\xampp\htdocs\codeigniter4\system\CodeIgniter.php(320): CodeIgniter\CodeIgniter->handleRequest(NULL, Object(Config\Cache), false)
#4 D:\xampp\htdocs\codeigniter4\public\index.php(37): CodeIgniter\CodeIgniter->run()
#5 D:\xampp\htdocs\codeigniter4\system\Commands\Server\rewrite.php(43): require_once('D:\\xampp\\htdocs...')
#6 {main}
CRITICAL - 2022-03-21 21:06:54 --> Undefined index: id
#0 D:\xampp\htdocs\codeigniter4\app\Views\admin\suratkeputusan.php(84): CodeIgniter\Debug\Exceptions->errorHandler(8, 'Undefined index...', 'D:\\xampp\\htdocs...', 84, Array)
#1 D:\xampp\htdocs\codeigniter4\system\View\View.php(210): include('D:\\xampp\\htdocs...')
#2 D:\xampp\htdocs\codeigniter4\system\View\View.php(213): CodeIgniter\View\View->CodeIgniter\View\{closure}()
#3 D:\xampp\htdocs\codeigniter4\system\Common.php(1089): CodeIgniter\View\View->render('admin/suratkepu...', Array, true)
#4 D:\xampp\htdocs\codeigniter4\app\Controllers\SuratKeputusan.php(32): view('admin/suratkepu...', Array)
#5 D:\xampp\htdocs\codeigniter4\system\CodeIgniter.php(825): App\Controllers\SuratKeputusan->index()
#6 D:\xampp\htdocs\codeigniter4\system\CodeIgniter.php(412): CodeIgniter\CodeIgniter->runController(Object(App\Controllers\SuratKeputusan))
#7 D:\xampp\htdocs\codeigniter4\system\CodeIgniter.php(320): CodeIgniter\CodeIgniter->handleRequest(NULL, Object(Config\Cache), false)
#8 D:\xampp\htdocs\codeigniter4\public\index.php(37): CodeIgniter\CodeIgniter->run()
#9 D:\xampp\htdocs\codeigniter4\system\Commands\Server\rewrite.php(43): require_once('D:\\xampp\\htdocs...')
#10 {main}
CRITICAL - 2022-03-21 21:20:52 --> Undefined variable: surat_keputusan
#0 D:\xampp\htdocs\codeigniter4\app\Views\admin\suratkeputusan.php(75): CodeIgniter\Debug\Exceptions->errorHandler(8, 'Undefined varia...', 'D:\\xampp\\htdocs...', 75, Array)
#1 D:\xampp\htdocs\codeigniter4\system\View\View.php(210): include('D:\\xampp\\htdocs...')
#2 D:\xampp\htdocs\codeigniter4\system\View\View.php(213): CodeIgniter\View\View->CodeIgniter\View\{closure}()
#3 D:\xampp\htdocs\codeigniter4\system\Common.php(1089): CodeIgniter\View\View->render('admin/suratkepu...', Array, true)
#4 D:\xampp\htdocs\codeigniter4\app\Controllers\SuratKeputusan.php(112): view('admin/suratkepu...', Array)
#5 D:\xampp\htdocs\codeigniter4\system\CodeIgniter.php(825): App\Controllers\SuratKeputusan->ubahsurat_keputusan()
#6 D:\xampp\htdocs\codeigniter4\system\CodeIgniter.php(412): CodeIgniter\CodeIgniter->runController(Object(App\Controllers\SuratKeputusan))
#7 D:\xampp\htdocs\codeigniter4\system\CodeIgniter.php(320): CodeIgniter\CodeIgniter->handleRequest(NULL, Object(Config\Cache), false)
#8 D:\xampp\htdocs\codeigniter4\public\index.php(37): CodeIgniter\CodeIgniter->run()
#9 D:\xampp\htdocs\codeigniter4\system\Commands\Server\rewrite.php(43): require_once('D:\\xampp\\htdocs...')
#10 {main}
CRITICAL - 2022-03-21 21:22:58 --> Undefined variable: surat_keputusan
#0 D:\xampp\htdocs\codeigniter4\app\Views\admin\suratkeputusan.php(75): CodeIgniter\Debug\Exceptions->errorHandler(8, 'Undefined varia...', 'D:\\xampp\\htdocs...', 75, Array)
#1 D:\xampp\htdocs\codeigniter4\system\View\View.php(210): include('D:\\xampp\\htdocs...')
#2 D:\xampp\htdocs\codeigniter4\system\View\View.php(213): CodeIgniter\View\View->CodeIgniter\View\{closure}()
#3 D:\xampp\htdocs\codeigniter4\system\Common.php(1089): CodeIgniter\View\View->render('admin/suratkepu...', Array, true)
#4 D:\xampp\htdocs\codeigniter4\app\Controllers\SuratKeputusan.php(112): view('admin/suratkepu...', Array)
#5 D:\xampp\htdocs\codeigniter4\system\CodeIgniter.php(825): App\Controllers\SuratKeputusan->ubahsurat_keputusan()
#6 D:\xampp\htdocs\codeigniter4\system\CodeIgniter.php(412): CodeIgniter\CodeIgniter->runController(Object(App\Controllers\SuratKeputusan))
#7 D:\xampp\htdocs\codeigniter4\system\CodeIgniter.php(320): CodeIgniter\CodeIgniter->handleRequest(NULL, Object(Config\Cache), false)
#8 D:\xampp\htdocs\codeigniter4\public\index.php(37): CodeIgniter\CodeIgniter->run()
#9 D:\xampp\htdocs\codeigniter4\system\Commands\Server\rewrite.php(43): require_once('D:\\xampp\\htdocs...')
#10 {main}
CRITICAL - 2022-03-21 21:23:48 --> Undefined variable: surat_keputusan
#0 D:\xampp\htdocs\codeigniter4\app\Views\admin\suratkeputusan.php(75): CodeIgniter\Debug\Exceptions->errorHandler(8, 'Undefined varia...', 'D:\\xampp\\htdocs...', 75, Array)
#1 D:\xampp\htdocs\codeigniter4\system\View\View.php(210): include('D:\\xampp\\htdocs...')
#2 D:\xampp\htdocs\codeigniter4\system\View\View.php(213): CodeIgniter\View\View->CodeIgniter\View\{closure}()
#3 D:\xampp\htdocs\codeigniter4\system\Common.php(1089): CodeIgniter\View\View->render('admin/suratkepu...', Array, true)
#4 D:\xampp\htdocs\codeigniter4\app\Controllers\SuratKeputusan.php(112): view('admin/suratkepu...', Array)
#5 D:\xampp\htdocs\codeigniter4\system\CodeIgniter.php(825): App\Controllers\SuratKeputusan->ubahsurat_keputusan()
#6 D:\xampp\htdocs\codeigniter4\system\CodeIgniter.php(412): CodeIgniter\CodeIgniter->runController(Object(App\Controllers\SuratKeputusan))
#7 D:\xampp\htdocs\codeigniter4\system\CodeIgniter.php(320): CodeIgniter\CodeIgniter->handleRequest(NULL, Object(Config\Cache), false)
#8 D:\xampp\htdocs\codeigniter4\public\index.php(37): CodeIgniter\CodeIgniter->run()
#9 D:\xampp\htdocs\codeigniter4\system\Commands\Server\rewrite.php(43): require_once('D:\\xampp\\htdocs...')
#10 {main}
CRITICAL - 2022-03-21 21:26:13 --> Undefined variable: pager
#0 D:\xampp\htdocs\codeigniter4\app\Views\admin\suratkeputusan.php(93): CodeIgniter\Debug\Exceptions->errorHandler(8, 'Undefined varia...', 'D:\\xampp\\htdocs...', 93, Array)
#1 D:\xampp\htdocs\codeigniter4\system\View\View.php(210): include('D:\\xampp\\htdocs...')
#2 D:\xampp\htdocs\codeigniter4\system\View\View.php(213): CodeIgniter\View\View->CodeIgniter\View\{closure}()
#3 D:\xampp\htdocs\codeigniter4\system\Common.php(1089): CodeIgniter\View\View->render('admin/suratkepu...', Array, true)
#4 D:\xampp\htdocs\codeigniter4\app\Controllers\SuratKeputusan.php(112): view('admin/suratkepu...', Array)
#5 D:\xampp\htdocs\codeigniter4\system\CodeIgniter.php(825): App\Controllers\SuratKeputusan->ubahsurat_keputusan()
#6 D:\xampp\htdocs\codeigniter4\system\CodeIgniter.php(412): CodeIgniter\CodeIgniter->runController(Object(App\Controllers\SuratKeputusan))
#7 D:\xampp\htdocs\codeigniter4\system\CodeIgniter.php(320): CodeIgniter\CodeIgniter->handleRequest(NULL, Object(Config\Cache), false)
#8 D:\xampp\htdocs\codeigniter4\public\index.php(37): CodeIgniter\CodeIgniter->run()
#9 D:\xampp\htdocs\codeigniter4\system\Commands\Server\rewrite.php(43): require_once('D:\\xampp\\htdocs...')
#10 {main}
CRITICAL - 2022-03-21 21:26:42 --> Undefined variable: pager
#0 D:\xampp\htdocs\codeigniter4\app\Views\admin\suratkeputusan.php(93): CodeIgniter\Debug\Exceptions->errorHandler(8, 'Undefined varia...', 'D:\\xampp\\htdocs...', 93, Array)
#1 D:\xampp\htdocs\codeigniter4\system\View\View.php(210): include('D:\\xampp\\htdocs...')
#2 D:\xampp\htdocs\codeigniter4\system\View\View.php(213): CodeIgniter\View\View->CodeIgniter\View\{closure}()
#3 D:\xampp\htdocs\codeigniter4\system\Common.php(1089): CodeIgniter\View\View->render('admin/suratkepu...', Array, true)
#4 D:\xampp\htdocs\codeigniter4\app\Controllers\SuratKeputusan.php(112): view('admin/suratkepu...', Array)
#5 D:\xampp\htdocs\codeigniter4\system\CodeIgniter.php(825): App\Controllers\SuratKeputusan->ubahsurat_keputusan()
#6 D:\xampp\htdocs\codeigniter4\system\CodeIgniter.php(412): CodeIgniter\CodeIgniter->runController(Object(App\Controllers\SuratKeputusan))
#7 D:\xampp\htdocs\codeigniter4\system\CodeIgniter.php(320): CodeIgniter\CodeIgniter->handleRequest(NULL, Object(Config\Cache), false)
#8 D:\xampp\htdocs\codeigniter4\public\index.php(37): CodeIgniter\CodeIgniter->run()
#9 D:\xampp\htdocs\codeigniter4\system\Commands\Server\rewrite.php(43): require_once('D:\\xampp\\htdocs...')
#10 {main}
CRITICAL - 2022-03-21 21:28:52 --> Undefined index: id_sk
#0 D:\xampp\htdocs\codeigniter4\app\Views\admin\suratkeputusan.php(84): CodeIgniter\Debug\Exceptions->errorHandler(8, 'Undefined index...', 'D:\\xampp\\htdocs...', 84, Array)
#1 D:\xampp\htdocs\codeigniter4\system\View\View.php(210): include('D:\\xampp\\htdocs...')
#2 D:\xampp\htdocs\codeigniter4\system\View\View.php(213): CodeIgniter\View\View->CodeIgniter\View\{closure}()
#3 D:\xampp\htdocs\codeigniter4\system\Common.php(1089): CodeIgniter\View\View->render('admin/suratkepu...', Array, true)
#4 D:\xampp\htdocs\codeigniter4\app\Controllers\SuratKeputusan.php(32): view('admin/suratkepu...', Array)
#5 D:\xampp\htdocs\codeigniter4\system\CodeIgniter.php(825): App\Controllers\SuratKeputusan->index()
#6 D:\xampp\htdocs\codeigniter4\system\CodeIgniter.php(412): CodeIgniter\CodeIgniter->runController(Object(App\Controllers\SuratKeputusan))
#7 D:\xampp\htdocs\codeigniter4\system\CodeIgniter.php(320): CodeIgniter\CodeIgniter->handleRequest(NULL, Object(Config\Cache), false)
#8 D:\xampp\htdocs\codeigniter4\public\index.php(37): CodeIgniter\CodeIgniter->run()
#9 D:\xampp\htdocs\codeigniter4\system\Commands\Server\rewrite.php(43): require_once('D:\\xampp\\htdocs...')
#10 {main}
CRITICAL - 2022-03-21 21:29:10 --> Undefined index: id_sk
#0 D:\xampp\htdocs\codeigniter4\app\Views\admin\suratkeputusan.php(193): CodeIgniter\Debug\Exceptions->errorHandler(8, 'Undefined index...', 'D:\\xampp\\htdocs...', 193, Array)
#1 D:\xampp\htdocs\codeigniter4\system\View\View.php(210): include('D:\\xampp\\htdocs...')
#2 D:\xampp\htdocs\codeigniter4\system\View\View.php(213): CodeIgniter\View\View->CodeIgniter\View\{closure}()
#3 D:\xampp\htdocs\codeigniter4\system\Common.php(1089): CodeIgniter\View\View->render('admin/suratkepu...', Array, true)
#4 D:\xampp\htdocs\codeigniter4\app\Controllers\SuratKeputusan.php(32): view('admin/suratkepu...', Array)
#5 D:\xampp\htdocs\codeigniter4\system\CodeIgniter.php(825): App\Controllers\SuratKeputusan->index()
#6 D:\xampp\htdocs\codeigniter4\system\CodeIgniter.php(412): CodeIgniter\CodeIgniter->runController(Object(App\Controllers\SuratKeputusan))
#7 D:\xampp\htdocs\codeigniter4\system\CodeIgniter.php(320): CodeIgniter\CodeIgniter->handleRequest(NULL, Object(Config\Cache), false)
#8 D:\xampp\htdocs\codeigniter4\public\index.php(37): CodeIgniter\CodeIgniter->run()
#9 D:\xampp\htdocs\codeigniter4\system\Commands\Server\rewrite.php(43): require_once('D:\\xampp\\htdocs...')
#10 {main}
CRITICAL - 2022-03-21 21:29:41 --> Undefined variable: pager
#0 D:\xampp\htdocs\codeigniter4\app\Views\admin\suratkeputusan.php(93): CodeIgniter\Debug\Exceptions->errorHandler(8, 'Undefined varia...', 'D:\\xampp\\htdocs...', 93, Array)
#1 D:\xampp\htdocs\codeigniter4\system\View\View.php(210): include('D:\\xampp\\htdocs...')
#2 D:\xampp\htdocs\codeigniter4\system\View\View.php(213): CodeIgniter\View\View->CodeIgniter\View\{closure}()
#3 D:\xampp\htdocs\codeigniter4\system\Common.php(1089): CodeIgniter\View\View->render('admin/suratkepu...', Array, true)
#4 D:\xampp\htdocs\codeigniter4\app\Controllers\SuratKeputusan.php(112): view('admin/suratkepu...', Array)
#5 D:\xampp\htdocs\codeigniter4\system\CodeIgniter.php(825): App\Controllers\SuratKeputusan->ubahsurat_keputusan()
#6 D:\xampp\htdocs\codeigniter4\system\CodeIgniter.php(412): CodeIgniter\CodeIgniter->runController(Object(App\Controllers\SuratKeputusan))
#7 D:\xampp\htdocs\codeigniter4\system\CodeIgniter.php(320): CodeIgniter\CodeIgniter->handleRequest(NULL, Object(Config\Cache), false)
#8 D:\xampp\htdocs\codeigniter4\public\index.php(37): CodeIgniter\CodeIgniter->run()
#9 D:\xampp\htdocs\codeigniter4\system\Commands\Server\rewrite.php(43): require_once('D:\\xampp\\htdocs...')
#10 {main}
CRITICAL - 2022-03-21 21:32:02 --> Undefined variable: pager
#0 D:\xampp\htdocs\codeigniter4\app\Views\admin\suratkeputusan.php(93): CodeIgniter\Debug\Exceptions->errorHandler(8, 'Undefined varia...', 'D:\\xampp\\htdocs...', 93, Array)
#1 D:\xampp\htdocs\codeigniter4\system\View\View.php(210): include('D:\\xampp\\htdocs...')
#2 D:\xampp\htdocs\codeigniter4\system\View\View.php(213): CodeIgniter\View\View->CodeIgniter\View\{closure}()
#3 D:\xampp\htdocs\codeigniter4\system\Common.php(1089): CodeIgniter\View\View->render('admin/suratkepu...', Array, true)
#4 D:\xampp\htdocs\codeigniter4\app\Controllers\SuratKeputusan.php(112): view('admin/suratkepu...', Array)
#5 D:\xampp\htdocs\codeigniter4\system\CodeIgniter.php(825): App\Controllers\SuratKeputusan->ubahsurat_keputusan()
#6 D:\xampp\htdocs\codeigniter4\system\CodeIgniter.php(412): CodeIgniter\CodeIgniter->runController(Object(App\Controllers\SuratKeputusan))
#7 D:\xampp\htdocs\codeigniter4\system\CodeIgniter.php(320): CodeIgniter\CodeIgniter->handleRequest(NULL, Object(Config\Cache), false)
#8 D:\xampp\htdocs\codeigniter4\public\index.php(37): CodeIgniter\CodeIgniter->run()
#9 D:\xampp\htdocs\codeigniter4\system\Commands\Server\rewrite.php(43): require_once('D:\\xampp\\htdocs...')
#10 {main}
CRITICAL - 2022-03-21 22:39:26 --> Undefined index: dibuat
#0 D:\xampp\htdocs\codeigniter4\app\Views\admin\memo.php(80): CodeIgniter\Debug\Exceptions->errorHandler(8, 'Undefined index...', 'D:\\xampp\\htdocs...', 80, Array)
#1 D:\xampp\htdocs\codeigniter4\system\View\View.php(210): include('D:\\xampp\\htdocs...')
#2 D:\xampp\htdocs\codeigniter4\system\View\View.php(213): CodeIgniter\View\View->CodeIgniter\View\{closure}()
#3 D:\xampp\htdocs\codeigniter4\system\Common.php(1089): CodeIgniter\View\View->render('admin/memo', Array, true)
#4 D:\xampp\htdocs\codeigniter4\app\Controllers\Memo.php(32): view('admin/memo', Array)
#5 D:\xampp\htdocs\codeigniter4\system\CodeIgniter.php(825): App\Controllers\Memo->index()
#6 D:\xampp\htdocs\codeigniter4\system\CodeIgniter.php(412): CodeIgniter\CodeIgniter->runController(Object(App\Controllers\Memo))
#7 D:\xampp\htdocs\codeigniter4\system\CodeIgniter.php(320): CodeIgniter\CodeIgniter->handleRequest(NULL, Object(Config\Cache), false)
#8 D:\xampp\htdocs\codeigniter4\public\index.php(37): CodeIgniter\CodeIgniter->run()
#9 D:\xampp\htdocs\codeigniter4\system\Commands\Server\rewrite.php(43): require_once('D:\\xampp\\htdocs...')
#10 {main}
CRITICAL - 2022-03-21 22:41:26 --> Undefined variable: row
#0 D:\xampp\htdocs\codeigniter4\app\Views\admin\memo.php(169): CodeIgniter\Debug\Exceptions->errorHandler(8, 'Undefined varia...', 'D:\\xampp\\htdocs...', 169, Array)
#1 D:\xampp\htdocs\codeigniter4\system\View\View.php(210): include('D:\\xampp\\htdocs...')
#2 D:\xampp\htdocs\codeigniter4\system\View\View.php(213): CodeIgniter\View\View->CodeIgniter\View\{closure}()
#3 D:\xampp\htdocs\codeigniter4\system\Common.php(1089): CodeIgniter\View\View->render('admin/memo', Array, true)
#4 D:\xampp\htdocs\codeigniter4\app\Controllers\Memo.php(32): view('admin/memo', Array)
#5 D:\xampp\htdocs\codeigniter4\system\CodeIgniter.php(825): App\Controllers\Memo->index()
#6 D:\xampp\htdocs\codeigniter4\system\CodeIgniter.php(412): CodeIgniter\CodeIgniter->runController(Object(App\Controllers\Memo))
#7 D:\xampp\htdocs\codeigniter4\system\CodeIgniter.php(320): CodeIgniter\CodeIgniter->handleRequest(NULL, Object(Config\Cache), false)
#8 D:\xampp\htdocs\codeigniter4\public\index.php(37): CodeIgniter\CodeIgniter->run()
#9 D:\xampp\htdocs\codeigniter4\system\Commands\Server\rewrite.php(43): require_once('D:\\xampp\\htdocs...')
#10 {main}
CRITICAL - 2022-03-21 22:41:36 --> Undefined variable: row
#0 D:\xampp\htdocs\codeigniter4\app\Views\admin\memo.php(169): CodeIgniter\Debug\Exceptions->errorHandler(8, 'Undefined varia...', 'D:\\xampp\\htdocs...', 169, Array)
#1 D:\xampp\htdocs\codeigniter4\system\View\View.php(210): include('D:\\xampp\\htdocs...')
#2 D:\xampp\htdocs\codeigniter4\system\View\View.php(213): CodeIgniter\View\View->CodeIgniter\View\{closure}()
#3 D:\xampp\htdocs\codeigniter4\system\Common.php(1089): CodeIgniter\View\View->render('admin/memo', Array, true)
#4 D:\xampp\htdocs\codeigniter4\app\Controllers\Memo.php(32): view('admin/memo', Array)
#5 D:\xampp\htdocs\codeigniter4\system\CodeIgniter.php(825): App\Controllers\Memo->index()
#6 D:\xampp\htdocs\codeigniter4\system\CodeIgniter.php(412): CodeIgniter\CodeIgniter->runController(Object(App\Controllers\Memo))
#7 D:\xampp\htdocs\codeigniter4\system\CodeIgniter.php(320): CodeIgniter\CodeIgniter->handleRequest(NULL, Object(Config\Cache), false)
#8 D:\xampp\htdocs\codeigniter4\public\index.php(37): CodeIgniter\CodeIgniter->run()
#9 D:\xampp\htdocs\codeigniter4\system\Commands\Server\rewrite.php(43): require_once('D:\\xampp\\htdocs...')
#10 {main}
CRITICAL - 2022-03-21 22:41:43 --> Undefined variable: row
#0 D:\xampp\htdocs\codeigniter4\app\Views\admin\memo.php(169): CodeIgniter\Debug\Exceptions->errorHandler(8, 'Undefined varia...', 'D:\\xampp\\htdocs...', 169, Array)
#1 D:\xampp\htdocs\codeigniter4\system\View\View.php(210): include('D:\\xampp\\htdocs...')
#2 D:\xampp\htdocs\codeigniter4\system\View\View.php(213): CodeIgniter\View\View->CodeIgniter\View\{closure}()
#3 D:\xampp\htdocs\codeigniter4\system\Common.php(1089): CodeIgniter\View\View->render('admin/memo', Array, true)
#4 D:\xampp\htdocs\codeigniter4\app\Controllers\Memo.php(32): view('admin/memo', Array)
#5 D:\xampp\htdocs\codeigniter4\system\CodeIgniter.php(825): App\Controllers\Memo->index()
#6 D:\xampp\htdocs\codeigniter4\system\CodeIgniter.php(412): CodeIgniter\CodeIgniter->runController(Object(App\Controllers\Memo))
#7 D:\xampp\htdocs\codeigniter4\system\CodeIgniter.php(320): CodeIgniter\CodeIgniter->handleRequest(NULL, Object(Config\Cache), false)
#8 D:\xampp\htdocs\codeigniter4\public\index.php(37): CodeIgniter\CodeIgniter->run()
#9 D:\xampp\htdocs\codeigniter4\system\Commands\Server\rewrite.php(43): require_once('D:\\xampp\\htdocs...')
#10 {main}
CRITICAL - 2022-03-21 22:43:46 --> Undefined variable: row
#0 D:\xampp\htdocs\codeigniter4\app\Views\admin\memo.php(169): CodeIgniter\Debug\Exceptions->errorHandler(8, 'Undefined varia...', 'D:\\xampp\\htdocs...', 169, Array)
#1 D:\xampp\htdocs\codeigniter4\system\View\View.php(210): include('D:\\xampp\\htdocs...')
#2 D:\xampp\htdocs\codeigniter4\system\View\View.php(213): CodeIgniter\View\View->CodeIgniter\View\{closure}()
#3 D:\xampp\htdocs\codeigniter4\system\Common.php(1089): CodeIgniter\View\View->render('admin/memo', Array, true)
#4 D:\xampp\htdocs\codeigniter4\app\Controllers\Memo.php(32): view('admin/memo', Array)
#5 D:\xampp\htdocs\codeigniter4\system\CodeIgniter.php(825): App\Controllers\Memo->index()
#6 D:\xampp\htdocs\codeigniter4\system\CodeIgniter.php(412): CodeIgniter\CodeIgniter->runController(Object(App\Controllers\Memo))
#7 D:\xampp\htdocs\codeigniter4\system\CodeIgniter.php(320): CodeIgniter\CodeIgniter->handleRequest(NULL, Object(Config\Cache), false)
#8 D:\xampp\htdocs\codeigniter4\public\index.php(37): CodeIgniter\CodeIgniter->run()
#9 D:\xampp\htdocs\codeigniter4\system\Commands\Server\rewrite.php(43): require_once('D:\\xampp\\htdocs...')
#10 {main}
CRITICAL - 2022-03-21 22:44:34 --> Call to undefined method App\Models\Memo_Model::getdata
#0 D:\xampp\htdocs\codeigniter4\app\Controllers\Memo.php(63): CodeIgniter\Model->__call('getdata', Array)
#1 D:\xampp\htdocs\codeigniter4\system\CodeIgniter.php(825): App\Controllers\Memo->addmemo()
#2 D:\xampp\htdocs\codeigniter4\system\CodeIgniter.php(412): CodeIgniter\CodeIgniter->runController(Object(App\Controllers\Memo))
#3 D:\xampp\htdocs\codeigniter4\system\CodeIgniter.php(320): CodeIgniter\CodeIgniter->handleRequest(NULL, Object(Config\Cache), false)
#4 D:\xampp\htdocs\codeigniter4\public\index.php(37): CodeIgniter\CodeIgniter->run()
#5 D:\xampp\htdocs\codeigniter4\system\Commands\Server\rewrite.php(43): require_once('D:\\xampp\\htdocs...')
#6 {main}
CRITICAL - 2022-03-21 22:49:44 --> Undefined variable: pager
#0 D:\xampp\htdocs\codeigniter4\app\Views\admin\memo.php(98): CodeIgniter\Debug\Exceptions->errorHandler(8, 'Undefined varia...', 'D:\\xampp\\htdocs...', 98, Array)
#1 D:\xampp\htdocs\codeigniter4\system\View\View.php(210): include('D:\\xampp\\htdocs...')
#2 D:\xampp\htdocs\codeigniter4\system\View\View.php(213): CodeIgniter\View\View->CodeIgniter\View\{closure}()
#3 D:\xampp\htdocs\codeigniter4\system\Common.php(1089): CodeIgniter\View\View->render('admin/memo', Array, true)
#4 D:\xampp\htdocs\codeigniter4\app\Controllers\Memo.php(116): view('admin/memo', Array)
#5 D:\xampp\htdocs\codeigniter4\system\CodeIgniter.php(825): App\Controllers\Memo->ubahmemo()
#6 D:\xampp\htdocs\codeigniter4\system\CodeIgniter.php(412): CodeIgniter\CodeIgniter->runController(Object(App\Controllers\Memo))
#7 D:\xampp\htdocs\codeigniter4\system\CodeIgniter.php(320): CodeIgniter\CodeIgniter->handleRequest(NULL, Object(Config\Cache), false)
#8 D:\xampp\htdocs\codeigniter4\public\index.php(37): CodeIgniter\CodeIgniter->run()
#9 D:\xampp\htdocs\codeigniter4\system\Commands\Server\rewrite.php(43): require_once('D:\\xampp\\htdocs...')
#10 {main}
ERROR - 2022-03-21 22:56:20 --> Table 'sekertariat.memo' doesn't exist
ERROR - 2022-03-21 22:56:20 --> Table 'sekertariat.memo' doesn't exist
CRITICAL - 2022-03-21 22:56:20 --> Call to a member function getResult() on bool
#0 D:\xampp\htdocs\codeigniter4\system\BaseModel.php(584): CodeIgniter\Model->doFindAll(5, 0)
#1 D:\xampp\htdocs\codeigniter4\system\BaseModel.php(1088): CodeIgniter\BaseModel->findAll(5, 0)
#2 D:\xampp\htdocs\codeigniter4\app\Controllers\Memo.php(29): CodeIgniter\BaseModel->paginate(5)
#3 D:\xampp\htdocs\codeigniter4\system\CodeIgniter.php(825): App\Controllers\Memo->index()
#4 D:\xampp\htdocs\codeigniter4\system\CodeIgniter.php(412): CodeIgniter\CodeIgniter->runController(Object(App\Controllers\Memo))
#5 D:\xampp\htdocs\codeigniter4\system\CodeIgniter.php(320): CodeIgniter\CodeIgniter->handleRequest(NULL, Object(Config\Cache), false)
#6 D:\xampp\htdocs\codeigniter4\public\index.php(37): CodeIgniter\CodeIgniter->run()
#7 D:\xampp\htdocs\codeigniter4\system\Commands\Server\rewrite.php(43): require_once('D:\\xampp\\htdocs...')
#8 {main}
CRITICAL - 2022-03-21 22:58:28 --> Undefined variable: row
#0 D:\xampp\htdocs\codeigniter4\app\Views\admin\memo.php(170): CodeIgniter\Debug\Exceptions->errorHandler(8, 'Undefined varia...', 'D:\\xampp\\htdocs...', 170, Array)
#1 D:\xampp\htdocs\codeigniter4\system\View\View.php(210): include('D:\\xampp\\htdocs...')
#2 D:\xampp\htdocs\codeigniter4\system\View\View.php(213): CodeIgniter\View\View->CodeIgniter\View\{closure}()
#3 D:\xampp\htdocs\codeigniter4\system\Common.php(1089): CodeIgniter\View\View->render('admin/memo', Array, true)
#4 D:\xampp\htdocs\codeigniter4\app\Controllers\Memo.php(32): view('admin/memo', Array)
#5 D:\xampp\htdocs\codeigniter4\system\CodeIgniter.php(825): App\Controllers\Memo->index()
#6 D:\xampp\htdocs\codeigniter4\system\CodeIgniter.php(412): CodeIgniter\CodeIgniter->runController(Object(App\Controllers\Memo))
#7 D:\xampp\htdocs\codeigniter4\system\CodeIgniter.php(320): CodeIgniter\CodeIgniter->handleRequest(NULL, Object(Config\Cache), false)
#8 D:\xampp\htdocs\codeigniter4\public\index.php(37): CodeIgniter\CodeIgniter->run()
#9 D:\xampp\htdocs\codeigniter4\system\Commands\Server\rewrite.php(43): require_once('D:\\xampp\\htdocs...')
#10 {main}
CRITICAL - 2022-03-21 23:05:42 --> Undefined variable: row
#0 D:\xampp\htdocs\codeigniter4\app\Views\admin\memo.php(170): CodeIgniter\Debug\Exceptions->errorHandler(8, 'Undefined varia...', 'D:\\xampp\\htdocs...', 170, Array)
#1 D:\xampp\htdocs\codeigniter4\system\View\View.php(210): include('D:\\xampp\\htdocs...')
#2 D:\xampp\htdocs\codeigniter4\system\View\View.php(213): CodeIgniter\View\View->CodeIgniter\View\{closure}()
#3 D:\xampp\htdocs\codeigniter4\system\Common.php(1089): CodeIgniter\View\View->render('admin/memo', Array, true)
#4 D:\xampp\htdocs\codeigniter4\app\Controllers\Memo.php(32): view('admin/memo', Array)
#5 D:\xampp\htdocs\codeigniter4\system\CodeIgniter.php(825): App\Controllers\Memo->index()
#6 D:\xampp\htdocs\codeigniter4\system\CodeIgniter.php(412): CodeIgniter\CodeIgniter->runController(Object(App\Controllers\Memo))
#7 D:\xampp\htdocs\codeigniter4\system\CodeIgniter.php(320): CodeIgniter\CodeIgniter->handleRequest(NULL, Object(Config\Cache), false)
#8 D:\xampp\htdocs\codeigniter4\public\index.php(37): CodeIgniter\CodeIgniter->run()
#9 D:\xampp\htdocs\codeigniter4\system\Commands\Server\rewrite.php(43): require_once('D:\\xampp\\htdocs...')
#10 {main}
CRITICAL - 2022-03-21 23:05:45 --> Undefined variable: row
#0 D:\xampp\htdocs\codeigniter4\app\Views\admin\memo.php(170): CodeIgniter\Debug\Exceptions->errorHandler(8, 'Undefined varia...', 'D:\\xampp\\htdocs...', 170, Array)
#1 D:\xampp\htdocs\codeigniter4\system\View\View.php(210): include('D:\\xampp\\htdocs...')
#2 D:\xampp\htdocs\codeigniter4\system\View\View.php(213): CodeIgniter\View\View->CodeIgniter\View\{closure}()
#3 D:\xampp\htdocs\codeigniter4\system\Common.php(1089): CodeIgniter\View\View->render('admin/memo', Array, true)
#4 D:\xampp\htdocs\codeigniter4\app\Controllers\Memo.php(32): view('admin/memo', Array)
#5 D:\xampp\htdocs\codeigniter4\system\CodeIgniter.php(825): App\Controllers\Memo->index()
#6 D:\xampp\htdocs\codeigniter4\system\CodeIgniter.php(412): CodeIgniter\CodeIgniter->runController(Object(App\Controllers\Memo))
#7 D:\xampp\htdocs\codeigniter4\system\CodeIgniter.php(320): CodeIgniter\CodeIgniter->handleRequest(NULL, Object(Config\Cache), false)
#8 D:\xampp\htdocs\codeigniter4\public\index.php(37): CodeIgniter\CodeIgniter->run()
#9 D:\xampp\htdocs\codeigniter4\system\Commands\Server\rewrite.php(43): require_once('D:\\xampp\\htdocs...')
#10 {main}
CRITICAL - 2022-03-21 23:05:47 --> Undefined variable: row
#0 D:\xampp\htdocs\codeigniter4\app\Views\admin\memo.php(170): CodeIgniter\Debug\Exceptions->errorHandler(8, 'Undefined varia...', 'D:\\xampp\\htdocs...', 170, Array)
#1 D:\xampp\htdocs\codeigniter4\system\View\View.php(210): include('D:\\xampp\\htdocs...')
#2 D:\xampp\htdocs\codeigniter4\system\View\View.php(213): CodeIgniter\View\View->CodeIgniter\View\{closure}()
#3 D:\xampp\htdocs\codeigniter4\system\Common.php(1089): CodeIgniter\View\View->render('admin/memo', Array, true)
#4 D:\xampp\htdocs\codeigniter4\app\Controllers\Memo.php(32): view('admin/memo', Array)
#5 D:\xampp\htdocs\codeigniter4\system\CodeIgniter.php(825): App\Controllers\Memo->index()
#6 D:\xampp\htdocs\codeigniter4\system\CodeIgniter.php(412): CodeIgniter\CodeIgniter->runController(Object(App\Controllers\Memo))
#7 D:\xampp\htdocs\codeigniter4\system\CodeIgniter.php(320): CodeIgniter\CodeIgniter->handleRequest(NULL, Object(Config\Cache), false)
#8 D:\xampp\htdocs\codeigniter4\public\index.php(37): CodeIgniter\CodeIgniter->run()
#9 D:\xampp\htdocs\codeigniter4\system\Commands\Server\rewrite.php(43): require_once('D:\\xampp\\htdocs...')
#10 {main}
CRITICAL - 2022-03-21 23:05:49 --> Undefined variable: row
#0 D:\xampp\htdocs\codeigniter4\app\Views\admin\memo.php(170): CodeIgniter\Debug\Exceptions->errorHandler(8, 'Undefined varia...', 'D:\\xampp\\htdocs...', 170, Array)
#1 D:\xampp\htdocs\codeigniter4\system\View\View.php(210): include('D:\\xampp\\htdocs...')
#2 D:\xampp\htdocs\codeigniter4\system\View\View.php(213): CodeIgniter\View\View->CodeIgniter\View\{closure}()
#3 D:\xampp\htdocs\codeigniter4\system\Common.php(1089): CodeIgniter\View\View->render('admin/memo', Array, true)
#4 D:\xampp\htdocs\codeigniter4\app\Controllers\Memo.php(32): view('admin/memo', Array)
#5 D:\xampp\htdocs\codeigniter4\system\CodeIgniter.php(825): App\Controllers\Memo->index()
#6 D:\xampp\htdocs\codeigniter4\system\CodeIgniter.php(412): CodeIgniter\CodeIgniter->runController(Object(App\Controllers\Memo))
#7 D:\xampp\htdocs\codeigniter4\system\CodeIgniter.php(320): CodeIgniter\CodeIgniter->handleRequest(NULL, Object(Config\Cache), false)
#8 D:\xampp\htdocs\codeigniter4\public\index.php(37): CodeIgniter\CodeIgniter->run()
#9 D:\xampp\htdocs\codeigniter4\system\Commands\Server\rewrite.php(43): require_once('D:\\xampp\\htdocs...')
#10 {main}
CRITICAL - 2022-03-21 23:06:05 --> Undefined variable: row
#0 D:\xampp\htdocs\codeigniter4\app\Views\admin\memoKeluar.php(170): CodeIgniter\Debug\Exceptions->errorHandler(8, 'Undefined varia...', 'D:\\xampp\\htdocs...', 170, Array)
#1 D:\xampp\htdocs\codeigniter4\system\View\View.php(210): include('D:\\xampp\\htdocs...')
#2 D:\xampp\htdocs\codeigniter4\system\View\View.php(213): CodeIgniter\View\View->CodeIgniter\View\{closure}()
#3 D:\xampp\htdocs\codeigniter4\system\Common.php(1089): CodeIgniter\View\View->render('admin/memoKelua...', Array, true)
#4 D:\xampp\htdocs\codeigniter4\app\Controllers\MemoKeluar.php(32): view('admin/memoKelua...', Array)
#5 D:\xampp\htdocs\codeigniter4\system\CodeIgniter.php(825): App\Controllers\MemoKeluar->index()
#6 D:\xampp\htdocs\codeigniter4\system\CodeIgniter.php(412): CodeIgniter\CodeIgniter->runController(Object(App\Controllers\MemoKeluar))
#7 D:\xampp\htdocs\codeigniter4\system\CodeIgniter.php(320): CodeIgniter\CodeIgniter->handleRequest(NULL, Object(Config\Cache), false)
#8 D:\xampp\htdocs\codeigniter4\public\index.php(37): CodeIgniter\CodeIgniter->run()
#9 D:\xampp\htdocs\codeigniter4\system\Commands\Server\rewrite.php(43): require_once('D:\\xampp\\htdocs...')
#10 {main}
CRITICAL - 2022-03-21 23:19:09 --> Undefined variable: row
#0 D:\xampp\htdocs\codeigniter4\app\Views\admin\suratm_view.php(180): CodeIgniter\Debug\Exceptions->errorHandler(8, 'Undefined varia...', 'D:\\xampp\\htdocs...', 180, Array)
#1 D:\xampp\htdocs\codeigniter4\system\View\View.php(210): include('D:\\xampp\\htdocs...')
#2 D:\xampp\htdocs\codeigniter4\system\View\View.php(213): CodeIgniter\View\View->CodeIgniter\View\{closure}()
#3 D:\xampp\htdocs\codeigniter4\system\Common.php(1089): CodeIgniter\View\View->render('admin/suratm_vi...', Array, true)
#4 D:\xampp\htdocs\codeigniter4\app\Controllers\SuratMasuk.php(33): view('admin/suratm_vi...', Array)
#5 D:\xampp\htdocs\codeigniter4\system\CodeIgniter.php(825): App\Controllers\SuratMasuk->index()
#6 D:\xampp\htdocs\codeigniter4\system\CodeIgniter.php(412): CodeIgniter\CodeIgniter->runController(Object(App\Controllers\SuratMasuk))
#7 D:\xampp\htdocs\codeigniter4\system\CodeIgniter.php(320): CodeIgniter\CodeIgniter->handleRequest(NULL, Object(Config\Cache), false)
#8 D:\xampp\htdocs\codeigniter4\public\index.php(37): CodeIgniter\CodeIgniter->run()
#9 D:\xampp\htdocs\codeigniter4\system\Commands\Server\rewrite.php(43): require_once('D:\\xampp\\htdocs...')
#10 {main}
