CRITICAL - 2022-03-31 01:14:51 --> Call to a member function move() on null
#0 D:\xampp\htdocs\codeigniter4\system\CodeIgniter.php(825): App\Controllers\DokumenTender->adddokumentender()
#1 D:\xampp\htdocs\codeigniter4\system\CodeIgniter.php(412): CodeIgniter\CodeIgniter->runController(Object(App\Controllers\DokumenTender))
#2 D:\xampp\htdocs\codeigniter4\system\CodeIgniter.php(320): CodeIgniter\CodeIgniter->handleRequest(NULL, Object(Config\Cache), false)
#3 D:\xampp\htdocs\codeigniter4\public\index.php(37): CodeIgniter\CodeIgniter->run()
#4 D:\xampp\htdocs\codeigniter4\system\Commands\Server\rewrite.php(43): require_once('D:\\xampp\\htdocs...')
#5 {main}
CRITICAL - 2022-03-31 01:16:51 --> Undefined index: file
#0 D:\xampp\htdocs\codeigniter4\app\Views\admin\dokumentender.php(78): CodeIgniter\Debug\Exceptions->errorHandler(8, 'Undefined index...', 'D:\\xampp\\htdocs...', 78, Array)
#1 D:\xampp\htdocs\codeigniter4\system\View\View.php(210): include('D:\\xampp\\htdocs...')
#2 D:\xampp\htdocs\codeigniter4\system\View\View.php(213): CodeIgniter\View\View->CodeIgniter\View\{closure}()
#3 D:\xampp\htdocs\codeigniter4\system\Common.php(1089): CodeIgniter\View\View->render('admin/dokumente...', Array, true)
#4 D:\xampp\htdocs\codeigniter4\app\Controllers\DokumenTender.php(32): view('admin/dokumente...', Array)
#5 D:\xampp\htdocs\codeigniter4\system\CodeIgniter.php(825): App\Controllers\DokumenTender->index()
#6 D:\xampp\htdocs\codeigniter4\system\CodeIgniter.php(412): CodeIgniter\CodeIgniter->runController(Object(App\Controllers\DokumenTender))
#7 D:\xampp\htdocs\codeigniter4\system\CodeIgniter.php(320): CodeIgniter\CodeIgniter->handleRequest(NULL, Object(Config\Cache), false)
#8 D:\xampp\htdocs\codeigniter4\public\index.php(37): CodeIgniter\CodeIgniter->run()
#9 D:\xampp\htdocs\codeigniter4\system\Commands\Server\rewrite.php(43): require_once('D:\\xampp\\htdocs...')
#10 {main}
CRITICAL - 2022-03-31 01:17:15 --> Undefined index: file
#0 D:\xampp\htdocs\codeigniter4\app\Views\admin\dokumentender.php(80): CodeIgniter\Debug\Exceptions->errorHandler(8, 'Undefined index...', 'D:\\xampp\\htdocs...', 80, Array)
#1 D:\xampp\htdocs\codeigniter4\system\View\View.php(210): include('D:\\xampp\\htdocs...')
#2 D:\xampp\htdocs\codeigniter4\system\View\View.php(213): CodeIgniter\View\View->CodeIgniter\View\{closure}()
#3 D:\xampp\htdocs\codeigniter4\system\Common.php(1089): CodeIgniter\View\View->render('admin/dokumente...', Array, true)
#4 D:\xampp\htdocs\codeigniter4\app\Controllers\DokumenTender.php(32): view('admin/dokumente...', Array)
#5 D:\xampp\htdocs\codeigniter4\system\CodeIgniter.php(825): App\Controllers\DokumenTender->index()
#6 D:\xampp\htdocs\codeigniter4\system\CodeIgniter.php(412): CodeIgniter\CodeIgniter->runController(Object(App\Controllers\DokumenTender))
#7 D:\xampp\htdocs\codeigniter4\system\CodeIgniter.php(320): CodeIgniter\CodeIgniter->handleRequest(NULL, Object(Config\Cache), false)
#8 D:\xampp\htdocs\codeigniter4\public\index.php(37): CodeIgniter\CodeIgniter->run()
#9 D:\xampp\htdocs\codeigniter4\system\Commands\Server\rewrite.php(43): require_once('D:\\xampp\\htdocs...')
#10 {main}
CRITICAL - 2022-03-31 01:17:36 --> Undefined index: file
#0 D:\xampp\htdocs\codeigniter4\app\Views\admin\dokumentender.php(153): CodeIgniter\Debug\Exceptions->errorHandler(8, 'Undefined index...', 'D:\\xampp\\htdocs...', 153, Array)
#1 D:\xampp\htdocs\codeigniter4\system\View\View.php(210): include('D:\\xampp\\htdocs...')
#2 D:\xampp\htdocs\codeigniter4\system\View\View.php(213): CodeIgniter\View\View->CodeIgniter\View\{closure}()
#3 D:\xampp\htdocs\codeigniter4\system\Common.php(1089): CodeIgniter\View\View->render('admin/dokumente...', Array, true)
#4 D:\xampp\htdocs\codeigniter4\app\Controllers\DokumenTender.php(32): view('admin/dokumente...', Array)
#5 D:\xampp\htdocs\codeigniter4\system\CodeIgniter.php(825): App\Controllers\DokumenTender->index()
#6 D:\xampp\htdocs\codeigniter4\system\CodeIgniter.php(412): CodeIgniter\CodeIgniter->runController(Object(App\Controllers\DokumenTender))
#7 D:\xampp\htdocs\codeigniter4\system\CodeIgniter.php(320): CodeIgniter\CodeIgniter->handleRequest(NULL, Object(Config\Cache), false)
#8 D:\xampp\htdocs\codeigniter4\public\index.php(37): CodeIgniter\CodeIgniter->run()
#9 D:\xampp\htdocs\codeigniter4\system\Commands\Server\rewrite.php(43): require_once('D:\\xampp\\htdocs...')
#10 {main}
CRITICAL - 2022-03-31 01:30:29 --> Undefined variable: row
#0 D:\xampp\htdocs\codeigniter4\app\Views\admin\dokumentender.php(145): CodeIgniter\Debug\Exceptions->errorHandler(8, 'Undefined varia...', 'D:\\xampp\\htdocs...', 145, Array)
#1 D:\xampp\htdocs\codeigniter4\system\View\View.php(210): include('D:\\xampp\\htdocs...')
#2 D:\xampp\htdocs\codeigniter4\system\View\View.php(213): CodeIgniter\View\View->CodeIgniter\View\{closure}()
#3 D:\xampp\htdocs\codeigniter4\system\Common.php(1089): CodeIgniter\View\View->render('admin/dokumente...', Array, true)
#4 D:\xampp\htdocs\codeigniter4\app\Controllers\DokumenTender.php(32): view('admin/dokumente...', Array)
#5 D:\xampp\htdocs\codeigniter4\system\CodeIgniter.php(825): App\Controllers\DokumenTender->index()
#6 D:\xampp\htdocs\codeigniter4\system\CodeIgniter.php(412): CodeIgniter\CodeIgniter->runController(Object(App\Controllers\DokumenTender))
#7 D:\xampp\htdocs\codeigniter4\system\CodeIgniter.php(320): CodeIgniter\CodeIgniter->handleRequest(NULL, Object(Config\Cache), false)
#8 D:\xampp\htdocs\codeigniter4\public\index.php(37): CodeIgniter\CodeIgniter->run()
#9 D:\xampp\htdocs\codeigniter4\system\Commands\Server\rewrite.php(43): require_once('D:\\xampp\\htdocs...')
#10 {main}
CRITICAL - 2022-03-31 01:36:25 --> Undefined variable: formulir
#0 D:\xampp\htdocs\codeigniter4\app\Views\admin\dokumentender.php(73): CodeIgniter\Debug\Exceptions->errorHandler(8, 'Undefined varia...', 'D:\\xampp\\htdocs...', 73, Array)
#1 D:\xampp\htdocs\codeigniter4\system\View\View.php(210): include('D:\\xampp\\htdocs...')
#2 D:\xampp\htdocs\codeigniter4\system\View\View.php(213): CodeIgniter\View\View->CodeIgniter\View\{closure}()
#3 D:\xampp\htdocs\codeigniter4\system\Common.php(1089): CodeIgniter\View\View->render('admin/dokumente...', Array, true)
#4 D:\xampp\htdocs\codeigniter4\app\Controllers\DokumenTender.php(32): view('admin/dokumente...', Array)
#5 D:\xampp\htdocs\codeigniter4\system\CodeIgniter.php(825): App\Controllers\DokumenTender->index()
#6 D:\xampp\htdocs\codeigniter4\system\CodeIgniter.php(412): CodeIgniter\CodeIgniter->runController(Object(App\Controllers\DokumenTender))
#7 D:\xampp\htdocs\codeigniter4\system\CodeIgniter.php(320): CodeIgniter\CodeIgniter->handleRequest(NULL, Object(Config\Cache), false)
#8 D:\xampp\htdocs\codeigniter4\public\index.php(37): CodeIgniter\CodeIgniter->run()
#9 D:\xampp\htdocs\codeigniter4\system\Commands\Server\rewrite.php(43): require_once('D:\\xampp\\htdocs...')
#10 {main}
CRITICAL - 2022-03-31 01:36:38 --> Undefined variable: row
#0 D:\xampp\htdocs\codeigniter4\app\Views\admin\dokumentender.php(138): CodeIgniter\Debug\Exceptions->errorHandler(8, 'Undefined varia...', 'D:\\xampp\\htdocs...', 138, Array)
#1 D:\xampp\htdocs\codeigniter4\system\View\View.php(210): include('D:\\xampp\\htdocs...')
#2 D:\xampp\htdocs\codeigniter4\system\View\View.php(213): CodeIgniter\View\View->CodeIgniter\View\{closure}()
#3 D:\xampp\htdocs\codeigniter4\system\Common.php(1089): CodeIgniter\View\View->render('admin/dokumente...', Array, true)
#4 D:\xampp\htdocs\codeigniter4\app\Controllers\DokumenTender.php(32): view('admin/dokumente...', Array)
#5 D:\xampp\htdocs\codeigniter4\system\CodeIgniter.php(825): App\Controllers\DokumenTender->index()
#6 D:\xampp\htdocs\codeigniter4\system\CodeIgniter.php(412): CodeIgniter\CodeIgniter->runController(Object(App\Controllers\DokumenTender))
#7 D:\xampp\htdocs\codeigniter4\system\CodeIgniter.php(320): CodeIgniter\CodeIgniter->handleRequest(NULL, Object(Config\Cache), false)
#8 D:\xampp\htdocs\codeigniter4\public\index.php(37): CodeIgniter\CodeIgniter->run()
#9 D:\xampp\htdocs\codeigniter4\system\Commands\Server\rewrite.php(43): require_once('D:\\xampp\\htdocs...')
#10 {main}
CRITICAL - 2022-03-31 02:44:29 --> Undefined index: id
#0 D:\xampp\htdocs\codeigniter4\app\Views\admin\tender.php(80): CodeIgniter\Debug\Exceptions->errorHandler(8, 'Undefined index...', 'D:\\xampp\\htdocs...', 80, Array)
#1 D:\xampp\htdocs\codeigniter4\system\View\View.php(210): include('D:\\xampp\\htdocs...')
#2 D:\xampp\htdocs\codeigniter4\system\View\View.php(213): CodeIgniter\View\View->CodeIgniter\View\{closure}()
#3 D:\xampp\htdocs\codeigniter4\system\Common.php(1089): CodeIgniter\View\View->render('admin/tender', Array, true)
#4 D:\xampp\htdocs\codeigniter4\app\Controllers\Tender.php(32): view('admin/tender', Array)
#5 D:\xampp\htdocs\codeigniter4\system\CodeIgniter.php(825): App\Controllers\Tender->index()
#6 D:\xampp\htdocs\codeigniter4\system\CodeIgniter.php(412): CodeIgniter\CodeIgniter->runController(Object(App\Controllers\Tender))
#7 D:\xampp\htdocs\codeigniter4\system\CodeIgniter.php(320): CodeIgniter\CodeIgniter->handleRequest(NULL, Object(Config\Cache), false)
#8 D:\xampp\htdocs\codeigniter4\public\index.php(37): CodeIgniter\CodeIgniter->run()
#9 D:\xampp\htdocs\codeigniter4\system\Commands\Server\rewrite.php(43): require_once('D:\\xampp\\htdocs...')
#10 {main}
CRITICAL - 2022-03-31 02:44:59 --> Undefined index: dari
#0 D:\xampp\htdocs\codeigniter4\app\Views\admin\tender.php(152): CodeIgniter\Debug\Exceptions->errorHandler(8, 'Undefined index...', 'D:\\xampp\\htdocs...', 152, Array)
#1 D:\xampp\htdocs\codeigniter4\system\View\View.php(210): include('D:\\xampp\\htdocs...')
#2 D:\xampp\htdocs\codeigniter4\system\View\View.php(213): CodeIgniter\View\View->CodeIgniter\View\{closure}()
#3 D:\xampp\htdocs\codeigniter4\system\Common.php(1089): CodeIgniter\View\View->render('admin/tender', Array, true)
#4 D:\xampp\htdocs\codeigniter4\app\Controllers\Tender.php(32): view('admin/tender', Array)
#5 D:\xampp\htdocs\codeigniter4\system\CodeIgniter.php(825): App\Controllers\Tender->index()
#6 D:\xampp\htdocs\codeigniter4\system\CodeIgniter.php(412): CodeIgniter\CodeIgniter->runController(Object(App\Controllers\Tender))
#7 D:\xampp\htdocs\codeigniter4\system\CodeIgniter.php(320): CodeIgniter\CodeIgniter->handleRequest(NULL, Object(Config\Cache), false)
#8 D:\xampp\htdocs\codeigniter4\public\index.php(37): CodeIgniter\CodeIgniter->run()
#9 D:\xampp\htdocs\codeigniter4\system\Commands\Server\rewrite.php(43): require_once('D:\\xampp\\htdocs...')
#10 {main}
CRITICAL - 2022-03-31 02:51:16 --> Undefined variable: row
#0 D:\xampp\htdocs\codeigniter4\app\Views\admin\tender.php(144): CodeIgniter\Debug\Exceptions->errorHandler(8, 'Undefined varia...', 'D:\\xampp\\htdocs...', 144, Array)
#1 D:\xampp\htdocs\codeigniter4\system\View\View.php(210): include('D:\\xampp\\htdocs...')
#2 D:\xampp\htdocs\codeigniter4\system\View\View.php(213): CodeIgniter\View\View->CodeIgniter\View\{closure}()
#3 D:\xampp\htdocs\codeigniter4\system\Common.php(1089): CodeIgniter\View\View->render('admin/tender', Array, true)
#4 D:\xampp\htdocs\codeigniter4\app\Controllers\Tender.php(32): view('admin/tender', Array)
#5 D:\xampp\htdocs\codeigniter4\system\CodeIgniter.php(825): App\Controllers\Tender->index()
#6 D:\xampp\htdocs\codeigniter4\system\CodeIgniter.php(412): CodeIgniter\CodeIgniter->runController(Object(App\Controllers\Tender))
#7 D:\xampp\htdocs\codeigniter4\system\CodeIgniter.php(320): CodeIgniter\CodeIgniter->handleRequest(NULL, Object(Config\Cache), false)
#8 D:\xampp\htdocs\codeigniter4\public\index.php(37): CodeIgniter\CodeIgniter->run()
#9 D:\xampp\htdocs\codeigniter4\system\Commands\Server\rewrite.php(43): require_once('D:\\xampp\\htdocs...')
#10 {main}
CRITICAL - 2022-03-31 21:06:02 --> Undefined variable: tender
#0 D:\xampp\htdocs\codeigniter4\app\Views\admin\penawaran.php(74): CodeIgniter\Debug\Exceptions->errorHandler(8, 'Undefined varia...', 'D:\\xampp\\htdocs...', 74, Array)
#1 D:\xampp\htdocs\codeigniter4\system\View\View.php(210): include('D:\\xampp\\htdocs...')
#2 D:\xampp\htdocs\codeigniter4\system\View\View.php(213): CodeIgniter\View\View->CodeIgniter\View\{closure}()
#3 D:\xampp\htdocs\codeigniter4\system\Common.php(1089): CodeIgniter\View\View->render('admin/penawaran', Array, true)
#4 D:\xampp\htdocs\codeigniter4\app\Controllers\Penawaran.php(32): view('admin/penawaran', Array)
#5 D:\xampp\htdocs\codeigniter4\system\CodeIgniter.php(825): App\Controllers\Penawaran->index()
#6 D:\xampp\htdocs\codeigniter4\system\CodeIgniter.php(412): CodeIgniter\CodeIgniter->runController(Object(App\Controllers\Penawaran))
#7 D:\xampp\htdocs\codeigniter4\system\CodeIgniter.php(320): CodeIgniter\CodeIgniter->handleRequest(NULL, Object(Config\Cache), false)
#8 D:\xampp\htdocs\codeigniter4\public\index.php(37): CodeIgniter\CodeIgniter->run()
#9 D:\xampp\htdocs\codeigniter4\system\Commands\Server\rewrite.php(43): require_once('D:\\xampp\\htdocs...')
#10 {main}
CRITICAL - 2022-03-31 21:32:26 --> Undefined index: id_tender
#0 D:\xampp\htdocs\codeigniter4\app\Views\admin\penawaran.php(82): CodeIgniter\Debug\Exceptions->errorHandler(8, 'Undefined index...', 'D:\\xampp\\htdocs...', 82, Array)
#1 D:\xampp\htdocs\codeigniter4\system\View\View.php(210): include('D:\\xampp\\htdocs...')
#2 D:\xampp\htdocs\codeigniter4\system\View\View.php(213): CodeIgniter\View\View->CodeIgniter\View\{closure}()
#3 D:\xampp\htdocs\codeigniter4\system\Common.php(1089): CodeIgniter\View\View->render('admin/penawaran', Array, true)
#4 D:\xampp\htdocs\codeigniter4\app\Controllers\Penawaran.php(32): view('admin/penawaran', Array)
#5 D:\xampp\htdocs\codeigniter4\system\CodeIgniter.php(825): App\Controllers\Penawaran->index()
#6 D:\xampp\htdocs\codeigniter4\system\CodeIgniter.php(412): CodeIgniter\CodeIgniter->runController(Object(App\Controllers\Penawaran))
#7 D:\xampp\htdocs\codeigniter4\system\CodeIgniter.php(320): CodeIgniter\CodeIgniter->handleRequest(NULL, Object(Config\Cache), false)
#8 D:\xampp\htdocs\codeigniter4\public\index.php(37): CodeIgniter\CodeIgniter->run()
#9 D:\xampp\htdocs\codeigniter4\system\Commands\Server\rewrite.php(43): require_once('D:\\xampp\\htdocs...')
#10 {main}
CRITICAL - 2022-03-31 21:39:24 --> Undefined index: tgl+penawaran
#0 D:\xampp\htdocs\codeigniter4\app\Views\admin\penawaran.php(157): CodeIgniter\Debug\Exceptions->errorHandler(8, 'Undefined index...', 'D:\\xampp\\htdocs...', 157, Array)
#1 D:\xampp\htdocs\codeigniter4\system\View\View.php(210): include('D:\\xampp\\htdocs...')
#2 D:\xampp\htdocs\codeigniter4\system\View\View.php(213): CodeIgniter\View\View->CodeIgniter\View\{closure}()
#3 D:\xampp\htdocs\codeigniter4\system\Common.php(1089): CodeIgniter\View\View->render('admin/penawaran', Array, true)
#4 D:\xampp\htdocs\codeigniter4\app\Controllers\Penawaran.php(32): view('admin/penawaran', Array)
#5 D:\xampp\htdocs\codeigniter4\system\CodeIgniter.php(825): App\Controllers\Penawaran->index()
#6 D:\xampp\htdocs\codeigniter4\system\CodeIgniter.php(412): CodeIgniter\CodeIgniter->runController(Object(App\Controllers\Penawaran))
#7 D:\xampp\htdocs\codeigniter4\system\CodeIgniter.php(320): CodeIgniter\CodeIgniter->handleRequest(NULL, Object(Config\Cache), false)
#8 D:\xampp\htdocs\codeigniter4\public\index.php(37): CodeIgniter\CodeIgniter->run()
#9 D:\xampp\htdocs\codeigniter4\system\Commands\Server\rewrite.php(43): require_once('D:\\xampp\\htdocs...')
#10 {main}
CRITICAL - 2022-03-31 21:54:50 --> Undefined index: kepada
#0 D:\xampp\htdocs\codeigniter4\app\Views\admin\tender.php(144): CodeIgniter\Debug\Exceptions->errorHandler(8, 'Undefined index...', 'D:\\xampp\\htdocs...', 144, Array)
#1 D:\xampp\htdocs\codeigniter4\system\View\View.php(210): include('D:\\xampp\\htdocs...')
#2 D:\xampp\htdocs\codeigniter4\system\View\View.php(213): CodeIgniter\View\View->CodeIgniter\View\{closure}()
#3 D:\xampp\htdocs\codeigniter4\system\Common.php(1089): CodeIgniter\View\View->render('admin/tender', Array, true)
#4 D:\xampp\htdocs\codeigniter4\app\Controllers\Tender.php(32): view('admin/tender', Array)
#5 D:\xampp\htdocs\codeigniter4\system\CodeIgniter.php(825): App\Controllers\Tender->index()
#6 D:\xampp\htdocs\codeigniter4\system\CodeIgniter.php(412): CodeIgniter\CodeIgniter->runController(Object(App\Controllers\Tender))
#7 D:\xampp\htdocs\codeigniter4\system\CodeIgniter.php(320): CodeIgniter\CodeIgniter->handleRequest(NULL, Object(Config\Cache), false)
#8 D:\xampp\htdocs\codeigniter4\public\index.php(37): CodeIgniter\CodeIgniter->run()
#9 D:\xampp\htdocs\codeigniter4\system\Commands\Server\rewrite.php(43): require_once('D:\\xampp\\htdocs...')
#10 {main}
CRITICAL - 2022-03-31 22:02:18 --> Undefined index: id_penawaran
#0 D:\xampp\htdocs\codeigniter4\app\Views\admin\penawaran.php(183): CodeIgniter\Debug\Exceptions->errorHandler(8, 'Undefined index...', 'D:\\xampp\\htdocs...', 183, Array)
#1 D:\xampp\htdocs\codeigniter4\system\View\View.php(210): include('D:\\xampp\\htdocs...')
#2 D:\xampp\htdocs\codeigniter4\system\View\View.php(213): CodeIgniter\View\View->CodeIgniter\View\{closure}()
#3 D:\xampp\htdocs\codeigniter4\system\Common.php(1089): CodeIgniter\View\View->render('admin/penawaran', Array, true)
#4 D:\xampp\htdocs\codeigniter4\app\Controllers\Penawaran.php(32): view('admin/penawaran', Array)
#5 D:\xampp\htdocs\codeigniter4\system\CodeIgniter.php(825): App\Controllers\Penawaran->index()
#6 D:\xampp\htdocs\codeigniter4\system\CodeIgniter.php(412): CodeIgniter\CodeIgniter->runController(Object(App\Controllers\Penawaran))
#7 D:\xampp\htdocs\codeigniter4\system\CodeIgniter.php(320): CodeIgniter\CodeIgniter->handleRequest(NULL, Object(Config\Cache), false)
#8 D:\xampp\htdocs\codeigniter4\public\index.php(37): CodeIgniter\CodeIgniter->run()
#9 D:\xampp\htdocs\codeigniter4\system\Commands\Server\rewrite.php(43): require_once('D:\\xampp\\htdocs...')
#10 {main}
CRITICAL - 2022-03-31 22:10:55 --> Call to undefined method CodeIgniter\Database\MySQLi\Connection::order_by()
#0 D:\xampp\htdocs\codeigniter4\system\CodeIgniter.php(825): App\Controllers\Penawaran->index()
#1 D:\xampp\htdocs\codeigniter4\system\CodeIgniter.php(412): CodeIgniter\CodeIgniter->runController(Object(App\Controllers\Penawaran))
#2 D:\xampp\htdocs\codeigniter4\system\CodeIgniter.php(320): CodeIgniter\CodeIgniter->handleRequest(NULL, Object(Config\Cache), false)
#3 D:\xampp\htdocs\codeigniter4\public\index.php(37): CodeIgniter\CodeIgniter->run()
#4 D:\xampp\htdocs\codeigniter4\system\Commands\Server\rewrite.php(43): require_once('D:\\xampp\\htdocs...')
#5 {main}
ERROR - 2022-03-31 23:26:23 --> Table 'sekertariat.table' doesn't exist
CRITICAL - 2022-03-31 23:27:06 --> Undefined variable: id
#0 D:\xampp\htdocs\codeigniter4\app\Controllers\Penawaran.php(21): CodeIgniter\Debug\Exceptions->errorHandler(8, 'Undefined varia...', 'D:\\xampp\\htdocs...', 21, Array)
#1 D:\xampp\htdocs\codeigniter4\system\CodeIgniter.php(825): App\Controllers\Penawaran->index()
#2 D:\xampp\htdocs\codeigniter4\system\CodeIgniter.php(412): CodeIgniter\CodeIgniter->runController(Object(App\Controllers\Penawaran))
#3 D:\xampp\htdocs\codeigniter4\system\CodeIgniter.php(320): CodeIgniter\CodeIgniter->handleRequest(NULL, Object(Config\Cache), false)
#4 D:\xampp\htdocs\codeigniter4\public\index.php(37): CodeIgniter\CodeIgniter->run()
#5 D:\xampp\htdocs\codeigniter4\system\Commands\Server\rewrite.php(43): require_once('D:\\xampp\\htdocs...')
#6 {main}
ERROR - 2022-03-31 23:30:14 --> Table 'sekertariat.table' doesn't exist
