CRITICAL - 2022-02-23 01:57:54 --> Undefined variable: row
#0 D:\xampp\htdocs\codeigniter4\app\Views\admin\suratk_view.php(161): CodeIgniter\Debug\Exceptions->errorHandler(8, 'Undefined varia...', 'D:\\xampp\\htdocs...', 161, Array)
#1 D:\xampp\htdocs\codeigniter4\system\View\View.php(210): include('D:\\xampp\\htdocs...')
#2 D:\xampp\htdocs\codeigniter4\system\View\View.php(213): CodeIgniter\View\View->CodeIgniter\View\{closure}()
#3 D:\xampp\htdocs\codeigniter4\system\Common.php(1089): CodeIgniter\View\View->render('admin/suratk_vi...', Array, true)
#4 D:\xampp\htdocs\codeigniter4\app\Controllers\SuratKeluar.php(23): view('admin/suratk_vi...', Array)
#5 D:\xampp\htdocs\codeigniter4\system\CodeIgniter.php(825): App\Controllers\SuratKeluar->index()
#6 D:\xampp\htdocs\codeigniter4\system\CodeIgniter.php(412): CodeIgniter\CodeIgniter->runController(Object(App\Controllers\SuratKeluar))
#7 D:\xampp\htdocs\codeigniter4\system\CodeIgniter.php(320): CodeIgniter\CodeIgniter->handleRequest(NULL, Object(Config\Cache), false)
#8 D:\xampp\htdocs\codeigniter4\public\index.php(37): CodeIgniter\CodeIgniter->run()
#9 D:\xampp\htdocs\codeigniter4\system\Commands\Server\rewrite.php(43): require_once('D:\\xampp\\htdocs...')
#10 {main}
CRITICAL - 2022-02-23 02:03:35 --> Undefined index: id
#0 D:\xampp\htdocs\codeigniter4\app\Views\admin\suratk_view.php(88): CodeIgniter\Debug\Exceptions->errorHandler(8, 'Undefined index...', 'D:\\xampp\\htdocs...', 88, Array)
#1 D:\xampp\htdocs\codeigniter4\system\View\View.php(210): include('D:\\xampp\\htdocs...')
#2 D:\xampp\htdocs\codeigniter4\system\View\View.php(213): CodeIgniter\View\View->CodeIgniter\View\{closure}()
#3 D:\xampp\htdocs\codeigniter4\system\Common.php(1089): CodeIgniter\View\View->render('admin/suratk_vi...', Array, true)
#4 D:\xampp\htdocs\codeigniter4\app\Controllers\SuratKeluar.php(23): view('admin/suratk_vi...', Array)
#5 D:\xampp\htdocs\codeigniter4\system\CodeIgniter.php(825): App\Controllers\SuratKeluar->index()
#6 D:\xampp\htdocs\codeigniter4\system\CodeIgniter.php(412): CodeIgniter\CodeIgniter->runController(Object(App\Controllers\SuratKeluar))
#7 D:\xampp\htdocs\codeigniter4\system\CodeIgniter.php(320): CodeIgniter\CodeIgniter->handleRequest(NULL, Object(Config\Cache), false)
#8 D:\xampp\htdocs\codeigniter4\public\index.php(37): CodeIgniter\CodeIgniter->run()
#9 D:\xampp\htdocs\codeigniter4\system\Commands\Server\rewrite.php(43): require_once('D:\\xampp\\htdocs...')
#10 {main}
CRITICAL - 2022-02-23 02:03:57 --> Undefined index: id
#0 D:\xampp\htdocs\codeigniter4\app\Views\admin\suratk_view.php(88): CodeIgniter\Debug\Exceptions->errorHandler(8, 'Undefined index...', 'D:\\xampp\\htdocs...', 88, Array)
#1 D:\xampp\htdocs\codeigniter4\system\View\View.php(210): include('D:\\xampp\\htdocs...')
#2 D:\xampp\htdocs\codeigniter4\system\View\View.php(213): CodeIgniter\View\View->CodeIgniter\View\{closure}()
#3 D:\xampp\htdocs\codeigniter4\system\Common.php(1089): CodeIgniter\View\View->render('admin/suratk_vi...', Array, true)
#4 D:\xampp\htdocs\codeigniter4\app\Controllers\SuratKeluar.php(23): view('admin/suratk_vi...', Array)
#5 D:\xampp\htdocs\codeigniter4\system\CodeIgniter.php(825): App\Controllers\SuratKeluar->index()
#6 D:\xampp\htdocs\codeigniter4\system\CodeIgniter.php(412): CodeIgniter\CodeIgniter->runController(Object(App\Controllers\SuratKeluar))
#7 D:\xampp\htdocs\codeigniter4\system\CodeIgniter.php(320): CodeIgniter\CodeIgniter->handleRequest(NULL, Object(Config\Cache), false)
#8 D:\xampp\htdocs\codeigniter4\public\index.php(37): CodeIgniter\CodeIgniter->run()
#9 D:\xampp\htdocs\codeigniter4\system\Commands\Server\rewrite.php(43): require_once('D:\\xampp\\htdocs...')
#10 {main}
CRITICAL - 2022-02-23 02:14:53 --> Undefined index: id
#0 D:\xampp\htdocs\codeigniter4\app\Views\admin\suratk_view.php(91): CodeIgniter\Debug\Exceptions->errorHandler(8, 'Undefined index...', 'D:\\xampp\\htdocs...', 91, Array)
#1 D:\xampp\htdocs\codeigniter4\system\View\View.php(210): include('D:\\xampp\\htdocs...')
#2 D:\xampp\htdocs\codeigniter4\system\View\View.php(213): CodeIgniter\View\View->CodeIgniter\View\{closure}()
#3 D:\xampp\htdocs\codeigniter4\system\Common.php(1089): CodeIgniter\View\View->render('admin/suratk_vi...', Array, true)
#4 D:\xampp\htdocs\codeigniter4\app\Controllers\SuratKeluar.php(23): view('admin/suratk_vi...', Array)
#5 D:\xampp\htdocs\codeigniter4\system\CodeIgniter.php(825): App\Controllers\SuratKeluar->index()
#6 D:\xampp\htdocs\codeigniter4\system\CodeIgniter.php(412): CodeIgniter\CodeIgniter->runController(Object(App\Controllers\SuratKeluar))
#7 D:\xampp\htdocs\codeigniter4\system\CodeIgniter.php(320): CodeIgniter\CodeIgniter->handleRequest(NULL, Object(Config\Cache), false)
#8 D:\xampp\htdocs\codeigniter4\public\index.php(37): CodeIgniter\CodeIgniter->run()
#9 D:\xampp\htdocs\codeigniter4\system\Commands\Server\rewrite.php(43): require_once('D:\\xampp\\htdocs...')
#10 {main}
CRITICAL - 2022-02-23 02:17:46 --> Undefined index: id
#0 D:\xampp\htdocs\codeigniter4\app\Views\admin\suratk_view.php(91): CodeIgniter\Debug\Exceptions->errorHandler(8, 'Undefined index...', 'D:\\xampp\\htdocs...', 91, Array)
#1 D:\xampp\htdocs\codeigniter4\system\View\View.php(210): include('D:\\xampp\\htdocs...')
#2 D:\xampp\htdocs\codeigniter4\system\View\View.php(213): CodeIgniter\View\View->CodeIgniter\View\{closure}()
#3 D:\xampp\htdocs\codeigniter4\system\Common.php(1089): CodeIgniter\View\View->render('admin/suratk_vi...', Array, true)
#4 D:\xampp\htdocs\codeigniter4\app\Controllers\SuratKeluar.php(23): view('admin/suratk_vi...', Array)
#5 D:\xampp\htdocs\codeigniter4\system\CodeIgniter.php(825): App\Controllers\SuratKeluar->index()
#6 D:\xampp\htdocs\codeigniter4\system\CodeIgniter.php(412): CodeIgniter\CodeIgniter->runController(Object(App\Controllers\SuratKeluar))
#7 D:\xampp\htdocs\codeigniter4\system\CodeIgniter.php(320): CodeIgniter\CodeIgniter->handleRequest(NULL, Object(Config\Cache), false)
#8 D:\xampp\htdocs\codeigniter4\public\index.php(37): CodeIgniter\CodeIgniter->run()
#9 D:\xampp\htdocs\codeigniter4\system\Commands\Server\rewrite.php(43): require_once('D:\\xampp\\htdocs...')
#10 {main}
CRITICAL - 2022-02-23 02:18:38 --> Undefined index: id
#0 D:\xampp\htdocs\codeigniter4\app\Views\admin\suratk_view.php(91): CodeIgniter\Debug\Exceptions->errorHandler(8, 'Undefined index...', 'D:\\xampp\\htdocs...', 91, Array)
#1 D:\xampp\htdocs\codeigniter4\system\View\View.php(210): include('D:\\xampp\\htdocs...')
#2 D:\xampp\htdocs\codeigniter4\system\View\View.php(213): CodeIgniter\View\View->CodeIgniter\View\{closure}()
#3 D:\xampp\htdocs\codeigniter4\system\Common.php(1089): CodeIgniter\View\View->render('admin/suratk_vi...', Array, true)
#4 D:\xampp\htdocs\codeigniter4\app\Controllers\SuratKeluar.php(23): view('admin/suratk_vi...', Array)
#5 D:\xampp\htdocs\codeigniter4\system\CodeIgniter.php(825): App\Controllers\SuratKeluar->index()
#6 D:\xampp\htdocs\codeigniter4\system\CodeIgniter.php(412): CodeIgniter\CodeIgniter->runController(Object(App\Controllers\SuratKeluar))
#7 D:\xampp\htdocs\codeigniter4\system\CodeIgniter.php(320): CodeIgniter\CodeIgniter->handleRequest(NULL, Object(Config\Cache), false)
#8 D:\xampp\htdocs\codeigniter4\public\index.php(37): CodeIgniter\CodeIgniter->run()
#9 D:\xampp\htdocs\codeigniter4\system\Commands\Server\rewrite.php(43): require_once('D:\\xampp\\htdocs...')
#10 {main}
CRITICAL - 2022-02-23 02:18:55 --> Undefined index: perusahaan
#0 D:\xampp\htdocs\codeigniter4\app\Views\admin\suratk_view.php(164): CodeIgniter\Debug\Exceptions->errorHandler(8, 'Undefined index...', 'D:\\xampp\\htdocs...', 164, Array)
#1 D:\xampp\htdocs\codeigniter4\system\View\View.php(210): include('D:\\xampp\\htdocs...')
#2 D:\xampp\htdocs\codeigniter4\system\View\View.php(213): CodeIgniter\View\View->CodeIgniter\View\{closure}()
#3 D:\xampp\htdocs\codeigniter4\system\Common.php(1089): CodeIgniter\View\View->render('admin/suratk_vi...', Array, true)
#4 D:\xampp\htdocs\codeigniter4\app\Controllers\SuratKeluar.php(23): view('admin/suratk_vi...', Array)
#5 D:\xampp\htdocs\codeigniter4\system\CodeIgniter.php(825): App\Controllers\SuratKeluar->index()
#6 D:\xampp\htdocs\codeigniter4\system\CodeIgniter.php(412): CodeIgniter\CodeIgniter->runController(Object(App\Controllers\SuratKeluar))
#7 D:\xampp\htdocs\codeigniter4\system\CodeIgniter.php(320): CodeIgniter\CodeIgniter->handleRequest(NULL, Object(Config\Cache), false)
#8 D:\xampp\htdocs\codeigniter4\public\index.php(37): CodeIgniter\CodeIgniter->run()
#9 D:\xampp\htdocs\codeigniter4\system\Commands\Server\rewrite.php(43): require_once('D:\\xampp\\htdocs...')
#10 {main}
CRITICAL - 2022-02-23 02:22:42 --> Undefined index: alamat
#0 D:\xampp\htdocs\codeigniter4\app\Views\admin\suratk_view.php(176): CodeIgniter\Debug\Exceptions->errorHandler(8, 'Undefined index...', 'D:\\xampp\\htdocs...', 176, Array)
#1 D:\xampp\htdocs\codeigniter4\system\View\View.php(210): include('D:\\xampp\\htdocs...')
#2 D:\xampp\htdocs\codeigniter4\system\View\View.php(213): CodeIgniter\View\View->CodeIgniter\View\{closure}()
#3 D:\xampp\htdocs\codeigniter4\system\Common.php(1089): CodeIgniter\View\View->render('admin/suratk_vi...', Array, true)
#4 D:\xampp\htdocs\codeigniter4\app\Controllers\SuratKeluar.php(23): view('admin/suratk_vi...', Array)
#5 D:\xampp\htdocs\codeigniter4\system\CodeIgniter.php(825): App\Controllers\SuratKeluar->index()
#6 D:\xampp\htdocs\codeigniter4\system\CodeIgniter.php(412): CodeIgniter\CodeIgniter->runController(Object(App\Controllers\SuratKeluar))
#7 D:\xampp\htdocs\codeigniter4\system\CodeIgniter.php(320): CodeIgniter\CodeIgniter->handleRequest(NULL, Object(Config\Cache), false)
#8 D:\xampp\htdocs\codeigniter4\public\index.php(37): CodeIgniter\CodeIgniter->run()
#9 D:\xampp\htdocs\codeigniter4\system\Commands\Server\rewrite.php(43): require_once('D:\\xampp\\htdocs...')
#10 {main}
CRITICAL - 2022-02-23 02:23:06 --> Undefined index: id
#0 D:\xampp\htdocs\codeigniter4\app\Views\admin\suratk_view.php(168): CodeIgniter\Debug\Exceptions->errorHandler(8, 'Undefined index...', 'D:\\xampp\\htdocs...', 168, Array)
#1 D:\xampp\htdocs\codeigniter4\system\View\View.php(210): include('D:\\xampp\\htdocs...')
#2 D:\xampp\htdocs\codeigniter4\system\View\View.php(213): CodeIgniter\View\View->CodeIgniter\View\{closure}()
#3 D:\xampp\htdocs\codeigniter4\system\Common.php(1089): CodeIgniter\View\View->render('admin/suratk_vi...', Array, true)
#4 D:\xampp\htdocs\codeigniter4\app\Controllers\SuratKeluar.php(23): view('admin/suratk_vi...', Array)
#5 D:\xampp\htdocs\codeigniter4\system\CodeIgniter.php(825): App\Controllers\SuratKeluar->index()
#6 D:\xampp\htdocs\codeigniter4\system\CodeIgniter.php(412): CodeIgniter\CodeIgniter->runController(Object(App\Controllers\SuratKeluar))
#7 D:\xampp\htdocs\codeigniter4\system\CodeIgniter.php(320): CodeIgniter\CodeIgniter->handleRequest(NULL, Object(Config\Cache), false)
#8 D:\xampp\htdocs\codeigniter4\public\index.php(37): CodeIgniter\CodeIgniter->run()
#9 D:\xampp\htdocs\codeigniter4\system\Commands\Server\rewrite.php(43): require_once('D:\\xampp\\htdocs...')
#10 {main}
CRITICAL - 2022-02-23 02:24:22 --> Call to undefined method App\Models\SuratMs_Model::getdata
#0 D:\xampp\htdocs\codeigniter4\app\Controllers\SuratMasuk.php(54): CodeIgniter\Model->__call('getdata', Array)
#1 D:\xampp\htdocs\codeigniter4\system\CodeIgniter.php(825): App\Controllers\SuratMasuk->addSurat()
#2 D:\xampp\htdocs\codeigniter4\system\CodeIgniter.php(412): CodeIgniter\CodeIgniter->runController(Object(App\Controllers\SuratMasuk))
#3 D:\xampp\htdocs\codeigniter4\system\CodeIgniter.php(320): CodeIgniter\CodeIgniter->handleRequest(NULL, Object(Config\Cache), false)
#4 D:\xampp\htdocs\codeigniter4\public\index.php(37): CodeIgniter\CodeIgniter->run()
#5 D:\xampp\htdocs\codeigniter4\system\Commands\Server\rewrite.php(43): require_once('D:\\xampp\\htdocs...')
#6 {main}
CRITICAL - 2022-02-23 02:28:12 --> Call to undefined method App\Models\SuratMs_Model::getdata
#0 D:\xampp\htdocs\codeigniter4\app\Controllers\SuratMasuk.php(54): CodeIgniter\Model->__call('getdata', Array)
#1 D:\xampp\htdocs\codeigniter4\system\CodeIgniter.php(825): App\Controllers\SuratMasuk->addSurat()
#2 D:\xampp\htdocs\codeigniter4\system\CodeIgniter.php(412): CodeIgniter\CodeIgniter->runController(Object(App\Controllers\SuratMasuk))
#3 D:\xampp\htdocs\codeigniter4\system\CodeIgniter.php(320): CodeIgniter\CodeIgniter->handleRequest(NULL, Object(Config\Cache), false)
#4 D:\xampp\htdocs\codeigniter4\public\index.php(37): CodeIgniter\CodeIgniter->run()
#5 D:\xampp\htdocs\codeigniter4\system\Commands\Server\rewrite.php(43): require_once('D:\\xampp\\htdocs...')
#6 {main}
CRITICAL - 2022-02-23 02:29:33 --> Call to undefined method App\Models\SuratMs_Model::getdata
#0 D:\xampp\htdocs\codeigniter4\app\Controllers\SuratMasuk.php(54): CodeIgniter\Model->__call('getdata', Array)
#1 D:\xampp\htdocs\codeigniter4\system\CodeIgniter.php(825): App\Controllers\SuratMasuk->addSurat()
#2 D:\xampp\htdocs\codeigniter4\system\CodeIgniter.php(412): CodeIgniter\CodeIgniter->runController(Object(App\Controllers\SuratMasuk))
#3 D:\xampp\htdocs\codeigniter4\system\CodeIgniter.php(320): CodeIgniter\CodeIgniter->handleRequest(NULL, Object(Config\Cache), false)
#4 D:\xampp\htdocs\codeigniter4\public\index.php(37): CodeIgniter\CodeIgniter->run()
#5 D:\xampp\htdocs\codeigniter4\system\Commands\Server\rewrite.php(43): require_once('D:\\xampp\\htdocs...')
#6 {main}
CRITICAL - 2022-02-23 02:35:05 --> Undefined index: perusahaan
#0 D:\xampp\htdocs\codeigniter4\app\Views\admin\suratk_view.php(173): CodeIgniter\Debug\Exceptions->errorHandler(8, 'Undefined index...', 'D:\\xampp\\htdocs...', 173, Array)
#1 D:\xampp\htdocs\codeigniter4\system\View\View.php(210): include('D:\\xampp\\htdocs...')
#2 D:\xampp\htdocs\codeigniter4\system\View\View.php(213): CodeIgniter\View\View->CodeIgniter\View\{closure}()
#3 D:\xampp\htdocs\codeigniter4\system\Common.php(1089): CodeIgniter\View\View->render('admin/suratk_vi...', Array, true)
#4 D:\xampp\htdocs\codeigniter4\app\Controllers\SuratKeluar.php(23): view('admin/suratk_vi...', Array)
#5 D:\xampp\htdocs\codeigniter4\system\CodeIgniter.php(825): App\Controllers\SuratKeluar->index()
#6 D:\xampp\htdocs\codeigniter4\system\CodeIgniter.php(412): CodeIgniter\CodeIgniter->runController(Object(App\Controllers\SuratKeluar))
#7 D:\xampp\htdocs\codeigniter4\system\CodeIgniter.php(320): CodeIgniter\CodeIgniter->handleRequest(NULL, Object(Config\Cache), false)
#8 D:\xampp\htdocs\codeigniter4\public\index.php(37): CodeIgniter\CodeIgniter->run()
#9 D:\xampp\htdocs\codeigniter4\system\Commands\Server\rewrite.php(43): require_once('D:\\xampp\\htdocs...')
#10 {main}
CRITICAL - 2022-02-23 02:37:33 --> Undefined index: id
#0 D:\xampp\htdocs\codeigniter4\app\Views\admin\suratk_view.php(220): CodeIgniter\Debug\Exceptions->errorHandler(8, 'Undefined index...', 'D:\\xampp\\htdocs...', 220, Array)
#1 D:\xampp\htdocs\codeigniter4\system\View\View.php(210): include('D:\\xampp\\htdocs...')
#2 D:\xampp\htdocs\codeigniter4\system\View\View.php(213): CodeIgniter\View\View->CodeIgniter\View\{closure}()
#3 D:\xampp\htdocs\codeigniter4\system\Common.php(1089): CodeIgniter\View\View->render('admin/suratk_vi...', Array, true)
#4 D:\xampp\htdocs\codeigniter4\app\Controllers\SuratKeluar.php(23): view('admin/suratk_vi...', Array)
#5 D:\xampp\htdocs\codeigniter4\system\CodeIgniter.php(825): App\Controllers\SuratKeluar->index()
#6 D:\xampp\htdocs\codeigniter4\system\CodeIgniter.php(412): CodeIgniter\CodeIgniter->runController(Object(App\Controllers\SuratKeluar))
#7 D:\xampp\htdocs\codeigniter4\system\CodeIgniter.php(320): CodeIgniter\CodeIgniter->handleRequest(NULL, Object(Config\Cache), false)
#8 D:\xampp\htdocs\codeigniter4\public\index.php(37): CodeIgniter\CodeIgniter->run()
#9 D:\xampp\htdocs\codeigniter4\system\Commands\Server\rewrite.php(43): require_once('D:\\xampp\\htdocs...')
#10 {main}
CRITICAL - 2022-02-23 02:37:55 --> Undefined index: id
#0 D:\xampp\htdocs\codeigniter4\app\Views\admin\suratk_view.php(220): CodeIgniter\Debug\Exceptions->errorHandler(8, 'Undefined index...', 'D:\\xampp\\htdocs...', 220, Array)
#1 D:\xampp\htdocs\codeigniter4\system\View\View.php(210): include('D:\\xampp\\htdocs...')
#2 D:\xampp\htdocs\codeigniter4\system\View\View.php(213): CodeIgniter\View\View->CodeIgniter\View\{closure}()
#3 D:\xampp\htdocs\codeigniter4\system\Common.php(1089): CodeIgniter\View\View->render('admin/suratk_vi...', Array, true)
#4 D:\xampp\htdocs\codeigniter4\app\Controllers\SuratKeluar.php(23): view('admin/suratk_vi...', Array)
#5 D:\xampp\htdocs\codeigniter4\system\CodeIgniter.php(825): App\Controllers\SuratKeluar->index()
#6 D:\xampp\htdocs\codeigniter4\system\CodeIgniter.php(412): CodeIgniter\CodeIgniter->runController(Object(App\Controllers\SuratKeluar))
#7 D:\xampp\htdocs\codeigniter4\system\CodeIgniter.php(320): CodeIgniter\CodeIgniter->handleRequest(NULL, Object(Config\Cache), false)
#8 D:\xampp\htdocs\codeigniter4\public\index.php(37): CodeIgniter\CodeIgniter->run()
#9 D:\xampp\htdocs\codeigniter4\system\Commands\Server\rewrite.php(43): require_once('D:\\xampp\\htdocs...')
#10 {main}
CRITICAL - 2022-02-23 02:38:33 --> Call to undefined method App\Models\SuratK_Model::getdata
#0 D:\xampp\htdocs\codeigniter4\app\Controllers\SuratKeluar.php(56): CodeIgniter\Model->__call('getdata', Array)
#1 D:\xampp\htdocs\codeigniter4\system\CodeIgniter.php(825): App\Controllers\SuratKeluar->addSuratsk()
#2 D:\xampp\htdocs\codeigniter4\system\CodeIgniter.php(412): CodeIgniter\CodeIgniter->runController(Object(App\Controllers\SuratKeluar))
#3 D:\xampp\htdocs\codeigniter4\system\CodeIgniter.php(320): CodeIgniter\CodeIgniter->handleRequest(NULL, Object(Config\Cache), false)
#4 D:\xampp\htdocs\codeigniter4\public\index.php(37): CodeIgniter\CodeIgniter->run()
#5 D:\xampp\htdocs\codeigniter4\system\Commands\Server\rewrite.php(43): require_once('D:\\xampp\\htdocs...')
#6 {main}
CRITICAL - 2022-02-23 02:42:11 --> Call to undefined method App\Models\SuratK_Model::getdata
#0 D:\xampp\htdocs\codeigniter4\app\Controllers\SuratKeluar.php(56): CodeIgniter\Model->__call('getdata', Array)
#1 D:\xampp\htdocs\codeigniter4\system\CodeIgniter.php(825): App\Controllers\SuratKeluar->addSuratsk()
#2 D:\xampp\htdocs\codeigniter4\system\CodeIgniter.php(412): CodeIgniter\CodeIgniter->runController(Object(App\Controllers\SuratKeluar))
#3 D:\xampp\htdocs\codeigniter4\system\CodeIgniter.php(320): CodeIgniter\CodeIgniter->handleRequest(NULL, Object(Config\Cache), false)
#4 D:\xampp\htdocs\codeigniter4\public\index.php(37): CodeIgniter\CodeIgniter->run()
#5 D:\xampp\htdocs\codeigniter4\system\Commands\Server\rewrite.php(43): require_once('D:\\xampp\\htdocs...')
#6 {main}
CRITICAL - 2022-02-23 02:50:40 --> Call to undefined method App\Models\SuratK_Model::getdata
#0 D:\xampp\htdocs\codeigniter4\app\Controllers\SuratKeluar.php(56): CodeIgniter\Model->__call('getdata', Array)
#1 D:\xampp\htdocs\codeigniter4\system\CodeIgniter.php(825): App\Controllers\SuratKeluar->addSuratsk()
#2 D:\xampp\htdocs\codeigniter4\system\CodeIgniter.php(412): CodeIgniter\CodeIgniter->runController(Object(App\Controllers\SuratKeluar))
#3 D:\xampp\htdocs\codeigniter4\system\CodeIgniter.php(320): CodeIgniter\CodeIgniter->handleRequest(NULL, Object(Config\Cache), false)
#4 D:\xampp\htdocs\codeigniter4\public\index.php(37): CodeIgniter\CodeIgniter->run()
#5 D:\xampp\htdocs\codeigniter4\system\Commands\Server\rewrite.php(43): require_once('D:\\xampp\\htdocs...')
#6 {main}
CRITICAL - 2022-02-23 02:53:36 --> Call to undefined method App\Models\SuratK_Model::getdata
#0 D:\xampp\htdocs\codeigniter4\app\Controllers\SuratKeluar.php(56): CodeIgniter\Model->__call('getdata', Array)
#1 D:\xampp\htdocs\codeigniter4\system\CodeIgniter.php(825): App\Controllers\SuratKeluar->addSuratsk()
#2 D:\xampp\htdocs\codeigniter4\system\CodeIgniter.php(412): CodeIgniter\CodeIgniter->runController(Object(App\Controllers\SuratKeluar))
#3 D:\xampp\htdocs\codeigniter4\system\CodeIgniter.php(320): CodeIgniter\CodeIgniter->handleRequest(NULL, Object(Config\Cache), false)
#4 D:\xampp\htdocs\codeigniter4\public\index.php(37): CodeIgniter\CodeIgniter->run()
#5 D:\xampp\htdocs\codeigniter4\system\Commands\Server\rewrite.php(43): require_once('D:\\xampp\\htdocs...')
#6 {main}
CRITICAL - 2022-02-23 03:04:27 --> Call to undefined method App\Models\SuratK_Model::getdata
#0 D:\xampp\htdocs\codeigniter4\app\Controllers\SuratKeluar.php(56): CodeIgniter\Model->__call('getdata', Array)
#1 D:\xampp\htdocs\codeigniter4\system\CodeIgniter.php(825): App\Controllers\SuratKeluar->addSuratsk()
#2 D:\xampp\htdocs\codeigniter4\system\CodeIgniter.php(412): CodeIgniter\CodeIgniter->runController(Object(App\Controllers\SuratKeluar))
#3 D:\xampp\htdocs\codeigniter4\system\CodeIgniter.php(320): CodeIgniter\CodeIgniter->handleRequest(NULL, Object(Config\Cache), false)
#4 D:\xampp\htdocs\codeigniter4\public\index.php(37): CodeIgniter\CodeIgniter->run()
#5 D:\xampp\htdocs\codeigniter4\system\Commands\Server\rewrite.php(43): require_once('D:\\xampp\\htdocs...')
#6 {main}
CRITICAL - 2022-02-23 03:06:49 --> Call to undefined method App\Models\SuratK_Model::getdata
#0 D:\xampp\htdocs\codeigniter4\app\Controllers\SuratKeluar.php(56): CodeIgniter\Model->__call('getdata', Array)
#1 D:\xampp\htdocs\codeigniter4\system\CodeIgniter.php(825): App\Controllers\SuratKeluar->addSuratsk()
#2 D:\xampp\htdocs\codeigniter4\system\CodeIgniter.php(412): CodeIgniter\CodeIgniter->runController(Object(App\Controllers\SuratKeluar))
#3 D:\xampp\htdocs\codeigniter4\system\CodeIgniter.php(320): CodeIgniter\CodeIgniter->handleRequest(NULL, Object(Config\Cache), false)
#4 D:\xampp\htdocs\codeigniter4\public\index.php(37): CodeIgniter\CodeIgniter->run()
#5 D:\xampp\htdocs\codeigniter4\system\Commands\Server\rewrite.php(43): require_once('D:\\xampp\\htdocs...')
#6 {main}
CRITICAL - 2022-02-23 03:09:04 --> Call to undefined method App\Models\SuratK_Model::getdata
#0 D:\xampp\htdocs\codeigniter4\app\Controllers\SuratKeluar.php(56): CodeIgniter\Model->__call('getdata', Array)
#1 D:\xampp\htdocs\codeigniter4\system\CodeIgniter.php(825): App\Controllers\SuratKeluar->addSuratsk()
#2 D:\xampp\htdocs\codeigniter4\system\CodeIgniter.php(412): CodeIgniter\CodeIgniter->runController(Object(App\Controllers\SuratKeluar))
#3 D:\xampp\htdocs\codeigniter4\system\CodeIgniter.php(320): CodeIgniter\CodeIgniter->handleRequest(NULL, Object(Config\Cache), false)
#4 D:\xampp\htdocs\codeigniter4\public\index.php(37): CodeIgniter\CodeIgniter->run()
#5 D:\xampp\htdocs\codeigniter4\system\Commands\Server\rewrite.php(43): require_once('D:\\xampp\\htdocs...')
#6 {main}
ERROR - 2022-02-23 04:06:11 --> Error connecting to the database: No connection could be made because the target machine actively refused it.

CRITICAL - 2022-02-23 04:06:11 --> Unable to connect to the database.
Main connection [MySQLi]: No connection could be made because the target machine actively refused it.

#0 D:\xampp\htdocs\codeigniter4\system\Database\BaseConnection.php(577): CodeIgniter\Database\BaseConnection->initialize()
#1 D:\xampp\htdocs\codeigniter4\system\Database\BaseBuilder.php(1455): CodeIgniter\Database\BaseConnection->query('SELECT *\nFROM `...', Array, false)
#2 D:\xampp\htdocs\codeigniter4\app\Models\Users_Model.php(46): CodeIgniter\Database\BaseBuilder->get()
#3 D:\xampp\htdocs\codeigniter4\app\Controllers\Login.php(35): App\Models\Users_Model->cekLogin('user', '21232f297a57a5a...')
#4 D:\xampp\htdocs\codeigniter4\system\CodeIgniter.php(825): App\Controllers\login->auth()
#5 D:\xampp\htdocs\codeigniter4\system\CodeIgniter.php(412): CodeIgniter\CodeIgniter->runController(Object(App\Controllers\login))
#6 D:\xampp\htdocs\codeigniter4\system\CodeIgniter.php(320): CodeIgniter\CodeIgniter->handleRequest(NULL, Object(Config\Cache), false)
#7 D:\xampp\htdocs\codeigniter4\public\index.php(37): CodeIgniter\CodeIgniter->run()
#8 D:\xampp\htdocs\codeigniter4\system\Commands\Server\rewrite.php(43): require_once('D:\\xampp\\htdocs...')
#9 {main}
ERROR - 2022-02-23 04:06:16 --> Error connecting to the database: No connection could be made because the target machine actively refused it.

CRITICAL - 2022-02-23 04:06:16 --> Unable to connect to the database.
Main connection [MySQLi]: No connection could be made because the target machine actively refused it.

#0 D:\xampp\htdocs\codeigniter4\system\Database\BaseConnection.php(577): CodeIgniter\Database\BaseConnection->initialize()
#1 D:\xampp\htdocs\codeigniter4\system\Database\BaseBuilder.php(1455): CodeIgniter\Database\BaseConnection->query('SELECT *\nFROM `...', Array, false)
#2 D:\xampp\htdocs\codeigniter4\app\Models\Users_Model.php(46): CodeIgniter\Database\BaseBuilder->get()
#3 D:\xampp\htdocs\codeigniter4\app\Controllers\Login.php(35): App\Models\Users_Model->cekLogin('user', 'ee11cbb19052e40...')
#4 D:\xampp\htdocs\codeigniter4\system\CodeIgniter.php(825): App\Controllers\login->auth()
#5 D:\xampp\htdocs\codeigniter4\system\CodeIgniter.php(412): CodeIgniter\CodeIgniter->runController(Object(App\Controllers\login))
#6 D:\xampp\htdocs\codeigniter4\system\CodeIgniter.php(320): CodeIgniter\CodeIgniter->handleRequest(NULL, Object(Config\Cache), false)
#7 D:\xampp\htdocs\codeigniter4\public\index.php(37): CodeIgniter\CodeIgniter->run()
#8 D:\xampp\htdocs\codeigniter4\system\Commands\Server\rewrite.php(43): require_once('D:\\xampp\\htdocs...')
#9 {main}
CRITICAL - 2022-02-23 04:07:08 --> Call to undefined method App\Models\SuratK_Model::getdata
#0 D:\xampp\htdocs\codeigniter4\app\Controllers\SuratKeluar.php(56): CodeIgniter\Model->__call('getdata', Array)
#1 D:\xampp\htdocs\codeigniter4\system\CodeIgniter.php(825): App\Controllers\SuratKeluar->addSuratsk()
#2 D:\xampp\htdocs\codeigniter4\system\CodeIgniter.php(412): CodeIgniter\CodeIgniter->runController(Object(App\Controllers\SuratKeluar))
#3 D:\xampp\htdocs\codeigniter4\system\CodeIgniter.php(320): CodeIgniter\CodeIgniter->handleRequest(NULL, Object(Config\Cache), false)
#4 D:\xampp\htdocs\codeigniter4\public\index.php(37): CodeIgniter\CodeIgniter->run()
#5 D:\xampp\htdocs\codeigniter4\system\Commands\Server\rewrite.php(43): require_once('D:\\xampp\\htdocs...')
#6 {main}
CRITICAL - 2022-02-23 04:16:28 --> Call to undefined method App\Models\SuratK_Model::getdata
#0 D:\xampp\htdocs\codeigniter4\app\Controllers\SuratKeluar.php(56): CodeIgniter\Model->__call('getdata', Array)
#1 D:\xampp\htdocs\codeigniter4\system\CodeIgniter.php(825): App\Controllers\SuratKeluar->addSuratsk()
#2 D:\xampp\htdocs\codeigniter4\system\CodeIgniter.php(412): CodeIgniter\CodeIgniter->runController(Object(App\Controllers\SuratKeluar))
#3 D:\xampp\htdocs\codeigniter4\system\CodeIgniter.php(320): CodeIgniter\CodeIgniter->handleRequest(NULL, Object(Config\Cache), false)
#4 D:\xampp\htdocs\codeigniter4\public\index.php(37): CodeIgniter\CodeIgniter->run()
#5 D:\xampp\htdocs\codeigniter4\system\Commands\Server\rewrite.php(43): require_once('D:\\xampp\\htdocs...')
#6 {main}
CRITICAL - 2022-02-23 04:27:44 --> Undefined index: id_sk
#0 D:\xampp\htdocs\codeigniter4\app\Views\admin\suratk_view.php(90): CodeIgniter\Debug\Exceptions->errorHandler(8, 'Undefined index...', 'D:\\xampp\\htdocs...', 90, Array)
#1 D:\xampp\htdocs\codeigniter4\system\View\View.php(210): include('D:\\xampp\\htdocs...')
#2 D:\xampp\htdocs\codeigniter4\system\View\View.php(213): CodeIgniter\View\View->CodeIgniter\View\{closure}()
#3 D:\xampp\htdocs\codeigniter4\system\Common.php(1089): CodeIgniter\View\View->render('admin/suratk_vi...', Array, true)
#4 D:\xampp\htdocs\codeigniter4\app\Controllers\SuratKeluar.php(23): view('admin/suratk_vi...', Array)
#5 D:\xampp\htdocs\codeigniter4\system\CodeIgniter.php(825): App\Controllers\SuratKeluar->index()
#6 D:\xampp\htdocs\codeigniter4\system\CodeIgniter.php(412): CodeIgniter\CodeIgniter->runController(Object(App\Controllers\SuratKeluar))
#7 D:\xampp\htdocs\codeigniter4\system\CodeIgniter.php(320): CodeIgniter\CodeIgniter->handleRequest(NULL, Object(Config\Cache), false)
#8 D:\xampp\htdocs\codeigniter4\public\index.php(37): CodeIgniter\CodeIgniter->run()
#9 D:\xampp\htdocs\codeigniter4\system\Commands\Server\rewrite.php(43): require_once('D:\\xampp\\htdocs...')
#10 {main}
CRITICAL - 2022-02-23 04:57:01 --> Undefined index: perusahaan
#0 D:\xampp\htdocs\codeigniter4\app\Views\admin\suratk_view.php(180): CodeIgniter\Debug\Exceptions->errorHandler(8, 'Undefined index...', 'D:\\xampp\\htdocs...', 180, Array)
#1 D:\xampp\htdocs\codeigniter4\system\View\View.php(210): include('D:\\xampp\\htdocs...')
#2 D:\xampp\htdocs\codeigniter4\system\View\View.php(213): CodeIgniter\View\View->CodeIgniter\View\{closure}()
#3 D:\xampp\htdocs\codeigniter4\system\Common.php(1089): CodeIgniter\View\View->render('admin/suratk_vi...', Array, true)
#4 D:\xampp\htdocs\codeigniter4\app\Controllers\SuratKeluar.php(23): view('admin/suratk_vi...', Array)
#5 D:\xampp\htdocs\codeigniter4\system\CodeIgniter.php(825): App\Controllers\SuratKeluar->index()
#6 D:\xampp\htdocs\codeigniter4\system\CodeIgniter.php(412): CodeIgniter\CodeIgniter->runController(Object(App\Controllers\SuratKeluar))
#7 D:\xampp\htdocs\codeigniter4\system\CodeIgniter.php(320): CodeIgniter\CodeIgniter->handleRequest(NULL, Object(Config\Cache), false)
#8 D:\xampp\htdocs\codeigniter4\public\index.php(37): CodeIgniter\CodeIgniter->run()
#9 D:\xampp\htdocs\codeigniter4\system\Commands\Server\rewrite.php(43): require_once('D:\\xampp\\htdocs...')
#10 {main}
CRITICAL - 2022-02-23 21:55:13 --> Call to undefined method App\Models\SuratK_Model::pagination
#0 D:\xampp\htdocs\codeigniter4\app\Controllers\SuratKeluar.php(22): CodeIgniter\Model->__call('pagination', Array)
#1 D:\xampp\htdocs\codeigniter4\system\CodeIgniter.php(825): App\Controllers\SuratKeluar->index()
#2 D:\xampp\htdocs\codeigniter4\system\CodeIgniter.php(412): CodeIgniter\CodeIgniter->runController(Object(App\Controllers\SuratKeluar))
#3 D:\xampp\htdocs\codeigniter4\system\CodeIgniter.php(320): CodeIgniter\CodeIgniter->handleRequest(NULL, Object(Config\Cache), false)
#4 D:\xampp\htdocs\codeigniter4\public\index.php(37): CodeIgniter\CodeIgniter->run()
#5 D:\xampp\htdocs\codeigniter4\system\Commands\Server\rewrite.php(43): require_once('D:\\xampp\\htdocs...')
#6 {main}
CRITICAL - 2022-02-23 21:56:07 --> Call to undefined method App\Models\SuratK_Model::pagination
#0 D:\xampp\htdocs\codeigniter4\app\Controllers\SuratKeluar.php(22): CodeIgniter\Model->__call('pagination', Array)
#1 D:\xampp\htdocs\codeigniter4\system\CodeIgniter.php(825): App\Controllers\SuratKeluar->index()
#2 D:\xampp\htdocs\codeigniter4\system\CodeIgniter.php(412): CodeIgniter\CodeIgniter->runController(Object(App\Controllers\SuratKeluar))
#3 D:\xampp\htdocs\codeigniter4\system\CodeIgniter.php(320): CodeIgniter\CodeIgniter->handleRequest(NULL, Object(Config\Cache), false)
#4 D:\xampp\htdocs\codeigniter4\public\index.php(37): CodeIgniter\CodeIgniter->run()
#5 D:\xampp\htdocs\codeigniter4\system\Commands\Server\rewrite.php(43): require_once('D:\\xampp\\htdocs...')
#6 {main}
CRITICAL - 2022-02-23 21:56:17 --> Call to undefined method App\Models\SuratK_Model::pagination
#0 D:\xampp\htdocs\codeigniter4\app\Controllers\SuratKeluar.php(22): CodeIgniter\Model->__call('pagination', Array)
#1 D:\xampp\htdocs\codeigniter4\system\CodeIgniter.php(825): App\Controllers\SuratKeluar->index()
#2 D:\xampp\htdocs\codeigniter4\system\CodeIgniter.php(412): CodeIgniter\CodeIgniter->runController(Object(App\Controllers\SuratKeluar))
#3 D:\xampp\htdocs\codeigniter4\system\CodeIgniter.php(320): CodeIgniter\CodeIgniter->handleRequest(NULL, Object(Config\Cache), false)
#4 D:\xampp\htdocs\codeigniter4\public\index.php(37): CodeIgniter\CodeIgniter->run()
#5 D:\xampp\htdocs\codeigniter4\system\Commands\Server\rewrite.php(43): require_once('D:\\xampp\\htdocs...')
#6 {main}
CRITICAL - 2022-02-23 21:58:24 --> Call to undefined method App\Models\SuratK_Model::pagination
#0 D:\xampp\htdocs\codeigniter4\app\Controllers\SuratKeluar.php(22): CodeIgniter\Model->__call('pagination', Array)
#1 D:\xampp\htdocs\codeigniter4\system\CodeIgniter.php(825): App\Controllers\SuratKeluar->index()
#2 D:\xampp\htdocs\codeigniter4\system\CodeIgniter.php(412): CodeIgniter\CodeIgniter->runController(Object(App\Controllers\SuratKeluar))
#3 D:\xampp\htdocs\codeigniter4\system\CodeIgniter.php(320): CodeIgniter\CodeIgniter->handleRequest(NULL, Object(Config\Cache), false)
#4 D:\xampp\htdocs\codeigniter4\public\index.php(37): CodeIgniter\CodeIgniter->run()
#5 D:\xampp\htdocs\codeigniter4\system\Commands\Server\rewrite.php(43): require_once('D:\\xampp\\htdocs...')
#6 {main}
CRITICAL - 2022-02-23 21:59:16 --> Undefined property: App\Controllers\SuratKeluar::$SuratK_Model
#0 D:\xampp\htdocs\codeigniter4\app\Controllers\SuratKeluar.php(22): CodeIgniter\Debug\Exceptions->errorHandler(8, 'Undefined prope...', 'D:\\xampp\\htdocs...', 22, Array)
#1 D:\xampp\htdocs\codeigniter4\system\CodeIgniter.php(825): App\Controllers\SuratKeluar->index()
#2 D:\xampp\htdocs\codeigniter4\system\CodeIgniter.php(412): CodeIgniter\CodeIgniter->runController(Object(App\Controllers\SuratKeluar))
#3 D:\xampp\htdocs\codeigniter4\system\CodeIgniter.php(320): CodeIgniter\CodeIgniter->handleRequest(NULL, Object(Config\Cache), false)
#4 D:\xampp\htdocs\codeigniter4\public\index.php(37): CodeIgniter\CodeIgniter->run()
#5 D:\xampp\htdocs\codeigniter4\system\Commands\Server\rewrite.php(43): require_once('D:\\xampp\\htdocs...')
#6 {main}
CRITICAL - 2022-02-23 21:59:20 --> Undefined property: App\Controllers\SuratKeluar::$SuratK_Model
#0 D:\xampp\htdocs\codeigniter4\app\Controllers\SuratKeluar.php(22): CodeIgniter\Debug\Exceptions->errorHandler(8, 'Undefined prope...', 'D:\\xampp\\htdocs...', 22, Array)
#1 D:\xampp\htdocs\codeigniter4\system\CodeIgniter.php(825): App\Controllers\SuratKeluar->index()
#2 D:\xampp\htdocs\codeigniter4\system\CodeIgniter.php(412): CodeIgniter\CodeIgniter->runController(Object(App\Controllers\SuratKeluar))
#3 D:\xampp\htdocs\codeigniter4\system\CodeIgniter.php(320): CodeIgniter\CodeIgniter->handleRequest(NULL, Object(Config\Cache), false)
#4 D:\xampp\htdocs\codeigniter4\public\index.php(37): CodeIgniter\CodeIgniter->run()
#5 D:\xampp\htdocs\codeigniter4\system\Commands\Server\rewrite.php(43): require_once('D:\\xampp\\htdocs...')
#6 {main}
CRITICAL - 2022-02-23 22:00:08 --> Call to undefined method App\Models\SuratK_Model::pagination
#0 D:\xampp\htdocs\codeigniter4\app\Controllers\SuratKeluar.php(22): CodeIgniter\Model->__call('pagination', Array)
#1 D:\xampp\htdocs\codeigniter4\system\CodeIgniter.php(825): App\Controllers\SuratKeluar->index()
#2 D:\xampp\htdocs\codeigniter4\system\CodeIgniter.php(412): CodeIgniter\CodeIgniter->runController(Object(App\Controllers\SuratKeluar))
#3 D:\xampp\htdocs\codeigniter4\system\CodeIgniter.php(320): CodeIgniter\CodeIgniter->handleRequest(NULL, Object(Config\Cache), false)
#4 D:\xampp\htdocs\codeigniter4\public\index.php(37): CodeIgniter\CodeIgniter->run()
#5 D:\xampp\htdocs\codeigniter4\system\Commands\Server\rewrite.php(43): require_once('D:\\xampp\\htdocs...')
#6 {main}
CRITICAL - 2022-02-23 22:07:03 --> Argument 1 passed to CodeIgniter\Database\BaseResult::getResult() must be of the type string, null given, called in D:\xampp\htdocs\codeigniter4\system\Model.php on line 184
#0 D:\xampp\htdocs\codeigniter4\system\Model.php(184): CodeIgniter\Database\BaseResult->getResult(NULL)
#1 D:\xampp\htdocs\codeigniter4\system\BaseModel.php(584): CodeIgniter\Model->doFindAll(5, 0)
#2 D:\xampp\htdocs\codeigniter4\system\BaseModel.php(1088): CodeIgniter\BaseModel->findAll(5, 0)
#3 D:\xampp\htdocs\codeigniter4\app\Controllers\SuratKeluar.php(22): CodeIgniter\BaseModel->paginate(5)
#4 D:\xampp\htdocs\codeigniter4\system\CodeIgniter.php(825): App\Controllers\SuratKeluar->index()
#5 D:\xampp\htdocs\codeigniter4\system\CodeIgniter.php(412): CodeIgniter\CodeIgniter->runController(Object(App\Controllers\SuratKeluar))
#6 D:\xampp\htdocs\codeigniter4\system\CodeIgniter.php(320): CodeIgniter\CodeIgniter->handleRequest(NULL, Object(Config\Cache), false)
#7 D:\xampp\htdocs\codeigniter4\public\index.php(37): CodeIgniter\CodeIgniter->run()
#8 D:\xampp\htdocs\codeigniter4\system\Commands\Server\rewrite.php(43): require_once('D:\\xampp\\htdocs...')
#9 {main}
CRITICAL - 2022-02-23 22:07:37 --> Argument 1 passed to CodeIgniter\Database\BaseResult::getResult() must be of the type string, null given, called in D:\xampp\htdocs\codeigniter4\system\Model.php on line 184
#0 D:\xampp\htdocs\codeigniter4\system\Model.php(184): CodeIgniter\Database\BaseResult->getResult(NULL)
#1 D:\xampp\htdocs\codeigniter4\system\BaseModel.php(584): CodeIgniter\Model->doFindAll(5, 0)
#2 D:\xampp\htdocs\codeigniter4\system\BaseModel.php(1088): CodeIgniter\BaseModel->findAll(5, 0)
#3 D:\xampp\htdocs\codeigniter4\app\Controllers\SuratKeluar.php(22): CodeIgniter\BaseModel->paginate(5)
#4 D:\xampp\htdocs\codeigniter4\system\CodeIgniter.php(825): App\Controllers\SuratKeluar->index()
#5 D:\xampp\htdocs\codeigniter4\system\CodeIgniter.php(412): CodeIgniter\CodeIgniter->runController(Object(App\Controllers\SuratKeluar))
#6 D:\xampp\htdocs\codeigniter4\system\CodeIgniter.php(320): CodeIgniter\CodeIgniter->handleRequest(NULL, Object(Config\Cache), false)
#7 D:\xampp\htdocs\codeigniter4\public\index.php(37): CodeIgniter\CodeIgniter->run()
#8 D:\xampp\htdocs\codeigniter4\system\Commands\Server\rewrite.php(43): require_once('D:\\xampp\\htdocs...')
#9 {main}
CRITICAL - 2022-02-23 22:07:41 --> Argument 1 passed to CodeIgniter\Database\BaseResult::getResult() must be of the type string, null given, called in D:\xampp\htdocs\codeigniter4\system\Model.php on line 184
#0 D:\xampp\htdocs\codeigniter4\system\Model.php(184): CodeIgniter\Database\BaseResult->getResult(NULL)
#1 D:\xampp\htdocs\codeigniter4\system\BaseModel.php(584): CodeIgniter\Model->doFindAll(5, 0)
#2 D:\xampp\htdocs\codeigniter4\system\BaseModel.php(1088): CodeIgniter\BaseModel->findAll(5, 0)
#3 D:\xampp\htdocs\codeigniter4\app\Controllers\SuratKeluar.php(22): CodeIgniter\BaseModel->paginate(5)
#4 D:\xampp\htdocs\codeigniter4\system\CodeIgniter.php(825): App\Controllers\SuratKeluar->index()
#5 D:\xampp\htdocs\codeigniter4\system\CodeIgniter.php(412): CodeIgniter\CodeIgniter->runController(Object(App\Controllers\SuratKeluar))
#6 D:\xampp\htdocs\codeigniter4\system\CodeIgniter.php(320): CodeIgniter\CodeIgniter->handleRequest(NULL, Object(Config\Cache), false)
#7 D:\xampp\htdocs\codeigniter4\public\index.php(37): CodeIgniter\CodeIgniter->run()
#8 D:\xampp\htdocs\codeigniter4\system\Commands\Server\rewrite.php(43): require_once('D:\\xampp\\htdocs...')
#9 {main}
CRITICAL - 2022-02-23 22:07:52 --> Argument 1 passed to CodeIgniter\Database\BaseResult::getResult() must be of the type string, null given, called in D:\xampp\htdocs\codeigniter4\system\Model.php on line 184
#0 D:\xampp\htdocs\codeigniter4\system\Model.php(184): CodeIgniter\Database\BaseResult->getResult(NULL)
#1 D:\xampp\htdocs\codeigniter4\system\BaseModel.php(584): CodeIgniter\Model->doFindAll(5, 0)
#2 D:\xampp\htdocs\codeigniter4\system\BaseModel.php(1088): CodeIgniter\BaseModel->findAll(5, 0)
#3 D:\xampp\htdocs\codeigniter4\app\Controllers\SuratKeluar.php(22): CodeIgniter\BaseModel->paginate(5)
#4 D:\xampp\htdocs\codeigniter4\system\CodeIgniter.php(825): App\Controllers\SuratKeluar->index()
#5 D:\xampp\htdocs\codeigniter4\system\CodeIgniter.php(412): CodeIgniter\CodeIgniter->runController(Object(App\Controllers\SuratKeluar))
#6 D:\xampp\htdocs\codeigniter4\system\CodeIgniter.php(320): CodeIgniter\CodeIgniter->handleRequest(NULL, Object(Config\Cache), false)
#7 D:\xampp\htdocs\codeigniter4\public\index.php(37): CodeIgniter\CodeIgniter->run()
#8 D:\xampp\htdocs\codeigniter4\system\Commands\Server\rewrite.php(43): require_once('D:\\xampp\\htdocs...')
#9 {main}
CRITICAL - 2022-02-23 22:08:10 --> Argument 1 passed to CodeIgniter\Database\BaseResult::getResult() must be of the type string, null given, called in D:\xampp\htdocs\codeigniter4\system\Model.php on line 184
#0 D:\xampp\htdocs\codeigniter4\system\Model.php(184): CodeIgniter\Database\BaseResult->getResult(NULL)
#1 D:\xampp\htdocs\codeigniter4\system\BaseModel.php(584): CodeIgniter\Model->doFindAll(0, 0)
#2 D:\xampp\htdocs\codeigniter4\app\Controllers\SuratKeluar.php(21): CodeIgniter\BaseModel->findAll()
#3 D:\xampp\htdocs\codeigniter4\system\CodeIgniter.php(825): App\Controllers\SuratKeluar->index()
#4 D:\xampp\htdocs\codeigniter4\system\CodeIgniter.php(412): CodeIgniter\CodeIgniter->runController(Object(App\Controllers\SuratKeluar))
#5 D:\xampp\htdocs\codeigniter4\system\CodeIgniter.php(320): CodeIgniter\CodeIgniter->handleRequest(NULL, Object(Config\Cache), false)
#6 D:\xampp\htdocs\codeigniter4\public\index.php(37): CodeIgniter\CodeIgniter->run()
#7 D:\xampp\htdocs\codeigniter4\system\Commands\Server\rewrite.php(43): require_once('D:\\xampp\\htdocs...')
#8 {main}
CRITICAL - 2022-02-23 22:08:46 --> Argument 1 passed to CodeIgniter\Database\BaseResult::getResult() must be of the type string, null given, called in D:\xampp\htdocs\codeigniter4\system\Model.php on line 184
#0 D:\xampp\htdocs\codeigniter4\system\Model.php(184): CodeIgniter\Database\BaseResult->getResult(NULL)
#1 D:\xampp\htdocs\codeigniter4\system\BaseModel.php(584): CodeIgniter\Model->doFindAll(0, 0)
#2 D:\xampp\htdocs\codeigniter4\app\Controllers\SuratKeluar.php(21): CodeIgniter\BaseModel->findAll()
#3 D:\xampp\htdocs\codeigniter4\system\CodeIgniter.php(825): App\Controllers\SuratKeluar->index()
#4 D:\xampp\htdocs\codeigniter4\system\CodeIgniter.php(412): CodeIgniter\CodeIgniter->runController(Object(App\Controllers\SuratKeluar))
#5 D:\xampp\htdocs\codeigniter4\system\CodeIgniter.php(320): CodeIgniter\CodeIgniter->handleRequest(NULL, Object(Config\Cache), false)
#6 D:\xampp\htdocs\codeigniter4\public\index.php(37): CodeIgniter\CodeIgniter->run()
#7 D:\xampp\htdocs\codeigniter4\system\Commands\Server\rewrite.php(43): require_once('D:\\xampp\\htdocs...')
#8 {main}
CRITICAL - 2022-02-23 22:10:34 --> Argument 1 passed to CodeIgniter\Database\BaseResult::getResult() must be of the type string, null given, called in D:\xampp\htdocs\codeigniter4\system\Model.php on line 184
#0 D:\xampp\htdocs\codeigniter4\system\Model.php(184): CodeIgniter\Database\BaseResult->getResult(NULL)
#1 D:\xampp\htdocs\codeigniter4\system\BaseModel.php(584): CodeIgniter\Model->doFindAll(0, 0)
#2 D:\xampp\htdocs\codeigniter4\app\Controllers\SuratKeluar.php(21): CodeIgniter\BaseModel->findAll()
#3 D:\xampp\htdocs\codeigniter4\system\CodeIgniter.php(825): App\Controllers\SuratKeluar->index()
#4 D:\xampp\htdocs\codeigniter4\system\CodeIgniter.php(412): CodeIgniter\CodeIgniter->runController(Object(App\Controllers\SuratKeluar))
#5 D:\xampp\htdocs\codeigniter4\system\CodeIgniter.php(320): CodeIgniter\CodeIgniter->handleRequest(NULL, Object(Config\Cache), false)
#6 D:\xampp\htdocs\codeigniter4\public\index.php(37): CodeIgniter\CodeIgniter->run()
#7 D:\xampp\htdocs\codeigniter4\system\Commands\Server\rewrite.php(43): require_once('D:\\xampp\\htdocs...')
#8 {main}
CRITICAL - 2022-02-23 22:21:00 --> Argument 1 passed to CodeIgniter\Database\BaseResult::getResult() must be of the type string, null given, called in D:\xampp\htdocs\codeigniter4\system\Model.php on line 184
#0 D:\xampp\htdocs\codeigniter4\system\Model.php(184): CodeIgniter\Database\BaseResult->getResult(NULL)
#1 D:\xampp\htdocs\codeigniter4\system\BaseModel.php(584): CodeIgniter\Model->doFindAll(5, 0)
#2 D:\xampp\htdocs\codeigniter4\system\BaseModel.php(1088): CodeIgniter\BaseModel->findAll(5, 0)
#3 D:\xampp\htdocs\codeigniter4\app\Controllers\SuratKeluar.php(21): CodeIgniter\BaseModel->paginate(5)
#4 D:\xampp\htdocs\codeigniter4\system\CodeIgniter.php(825): App\Controllers\SuratKeluar->index()
#5 D:\xampp\htdocs\codeigniter4\system\CodeIgniter.php(412): CodeIgniter\CodeIgniter->runController(Object(App\Controllers\SuratKeluar))
#6 D:\xampp\htdocs\codeigniter4\system\CodeIgniter.php(320): CodeIgniter\CodeIgniter->handleRequest(NULL, Object(Config\Cache), false)
#7 D:\xampp\htdocs\codeigniter4\public\index.php(37): CodeIgniter\CodeIgniter->run()
#8 D:\xampp\htdocs\codeigniter4\system\Commands\Server\rewrite.php(43): require_once('D:\\xampp\\htdocs...')
#9 {main}
CRITICAL - 2022-02-23 22:24:44 --> Argument 1 passed to CodeIgniter\Database\BaseResult::getResult() must be of the type string, null given, called in D:\xampp\htdocs\codeigniter4\system\Model.php on line 184
#0 D:\xampp\htdocs\codeigniter4\system\Model.php(184): CodeIgniter\Database\BaseResult->getResult(NULL)
#1 D:\xampp\htdocs\codeigniter4\system\BaseModel.php(584): CodeIgniter\Model->doFindAll(5, 0)
#2 D:\xampp\htdocs\codeigniter4\system\BaseModel.php(1088): CodeIgniter\BaseModel->findAll(5, 0)
#3 D:\xampp\htdocs\codeigniter4\app\Controllers\SuratKeluar.php(19): CodeIgniter\BaseModel->paginate(5)
#4 D:\xampp\htdocs\codeigniter4\system\CodeIgniter.php(825): App\Controllers\SuratKeluar->index()
#5 D:\xampp\htdocs\codeigniter4\system\CodeIgniter.php(412): CodeIgniter\CodeIgniter->runController(Object(App\Controllers\SuratKeluar))
#6 D:\xampp\htdocs\codeigniter4\system\CodeIgniter.php(320): CodeIgniter\CodeIgniter->handleRequest(NULL, Object(Config\Cache), false)
#7 D:\xampp\htdocs\codeigniter4\public\index.php(37): CodeIgniter\CodeIgniter->run()
#8 D:\xampp\htdocs\codeigniter4\system\Commands\Server\rewrite.php(43): require_once('D:\\xampp\\htdocs...')
#9 {main}
CRITICAL - 2022-02-23 22:25:39 --> Undefined property: App\Controllers\SuratKeluar::$model
#0 D:\xampp\htdocs\codeigniter4\app\Controllers\SuratKeluar.php(20): CodeIgniter\Debug\Exceptions->errorHandler(8, 'Undefined prope...', 'D:\\xampp\\htdocs...', 20, Array)
#1 D:\xampp\htdocs\codeigniter4\system\CodeIgniter.php(825): App\Controllers\SuratKeluar->index()
#2 D:\xampp\htdocs\codeigniter4\system\CodeIgniter.php(412): CodeIgniter\CodeIgniter->runController(Object(App\Controllers\SuratKeluar))
#3 D:\xampp\htdocs\codeigniter4\system\CodeIgniter.php(320): CodeIgniter\CodeIgniter->handleRequest(NULL, Object(Config\Cache), false)
#4 D:\xampp\htdocs\codeigniter4\public\index.php(37): CodeIgniter\CodeIgniter->run()
#5 D:\xampp\htdocs\codeigniter4\system\Commands\Server\rewrite.php(43): require_once('D:\\xampp\\htdocs...')
#6 {main}
CRITICAL - 2022-02-23 22:25:43 --> Undefined property: App\Controllers\SuratKeluar::$model
#0 D:\xampp\htdocs\codeigniter4\app\Controllers\SuratKeluar.php(20): CodeIgniter\Debug\Exceptions->errorHandler(8, 'Undefined prope...', 'D:\\xampp\\htdocs...', 20, Array)
#1 D:\xampp\htdocs\codeigniter4\system\CodeIgniter.php(825): App\Controllers\SuratKeluar->index()
#2 D:\xampp\htdocs\codeigniter4\system\CodeIgniter.php(412): CodeIgniter\CodeIgniter->runController(Object(App\Controllers\SuratKeluar))
#3 D:\xampp\htdocs\codeigniter4\system\CodeIgniter.php(320): CodeIgniter\CodeIgniter->handleRequest(NULL, Object(Config\Cache), false)
#4 D:\xampp\htdocs\codeigniter4\public\index.php(37): CodeIgniter\CodeIgniter->run()
#5 D:\xampp\htdocs\codeigniter4\system\Commands\Server\rewrite.php(43): require_once('D:\\xampp\\htdocs...')
#6 {main}
CRITICAL - 2022-02-23 22:25:44 --> Undefined property: App\Controllers\SuratKeluar::$model
#0 D:\xampp\htdocs\codeigniter4\app\Controllers\SuratKeluar.php(20): CodeIgniter\Debug\Exceptions->errorHandler(8, 'Undefined prope...', 'D:\\xampp\\htdocs...', 20, Array)
#1 D:\xampp\htdocs\codeigniter4\system\CodeIgniter.php(825): App\Controllers\SuratKeluar->index()
#2 D:\xampp\htdocs\codeigniter4\system\CodeIgniter.php(412): CodeIgniter\CodeIgniter->runController(Object(App\Controllers\SuratKeluar))
#3 D:\xampp\htdocs\codeigniter4\system\CodeIgniter.php(320): CodeIgniter\CodeIgniter->handleRequest(NULL, Object(Config\Cache), false)
#4 D:\xampp\htdocs\codeigniter4\public\index.php(37): CodeIgniter\CodeIgniter->run()
#5 D:\xampp\htdocs\codeigniter4\system\Commands\Server\rewrite.php(43): require_once('D:\\xampp\\htdocs...')
#6 {main}
CRITICAL - 2022-02-23 22:25:58 --> Undefined property: App\Controllers\SuratKeluar::$model
#0 D:\xampp\htdocs\codeigniter4\app\Controllers\SuratKeluar.php(20): CodeIgniter\Debug\Exceptions->errorHandler(8, 'Undefined prope...', 'D:\\xampp\\htdocs...', 20, Array)
#1 D:\xampp\htdocs\codeigniter4\system\CodeIgniter.php(825): App\Controllers\SuratKeluar->index()
#2 D:\xampp\htdocs\codeigniter4\system\CodeIgniter.php(412): CodeIgniter\CodeIgniter->runController(Object(App\Controllers\SuratKeluar))
#3 D:\xampp\htdocs\codeigniter4\system\CodeIgniter.php(320): CodeIgniter\CodeIgniter->handleRequest(NULL, Object(Config\Cache), false)
#4 D:\xampp\htdocs\codeigniter4\public\index.php(37): CodeIgniter\CodeIgniter->run()
#5 D:\xampp\htdocs\codeigniter4\system\Commands\Server\rewrite.php(43): require_once('D:\\xampp\\htdocs...')
#6 {main}
CRITICAL - 2022-02-23 22:26:13 --> Undefined property: App\Controllers\SuratKeluar::$model
#0 D:\xampp\htdocs\codeigniter4\app\Controllers\SuratKeluar.php(20): CodeIgniter\Debug\Exceptions->errorHandler(8, 'Undefined prope...', 'D:\\xampp\\htdocs...', 20, Array)
#1 D:\xampp\htdocs\codeigniter4\system\CodeIgniter.php(825): App\Controllers\SuratKeluar->index()
#2 D:\xampp\htdocs\codeigniter4\system\CodeIgniter.php(412): CodeIgniter\CodeIgniter->runController(Object(App\Controllers\SuratKeluar))
#3 D:\xampp\htdocs\codeigniter4\system\CodeIgniter.php(320): CodeIgniter\CodeIgniter->handleRequest(NULL, Object(Config\Cache), false)
#4 D:\xampp\htdocs\codeigniter4\public\index.php(37): CodeIgniter\CodeIgniter->run()
#5 D:\xampp\htdocs\codeigniter4\system\Commands\Server\rewrite.php(43): require_once('D:\\xampp\\htdocs...')
#6 {main}
CRITICAL - 2022-02-23 22:26:15 --> Undefined property: App\Controllers\SuratKeluar::$model
#0 D:\xampp\htdocs\codeigniter4\app\Controllers\SuratKeluar.php(20): CodeIgniter\Debug\Exceptions->errorHandler(8, 'Undefined prope...', 'D:\\xampp\\htdocs...', 20, Array)
#1 D:\xampp\htdocs\codeigniter4\system\CodeIgniter.php(825): App\Controllers\SuratKeluar->index()
#2 D:\xampp\htdocs\codeigniter4\system\CodeIgniter.php(412): CodeIgniter\CodeIgniter->runController(Object(App\Controllers\SuratKeluar))
#3 D:\xampp\htdocs\codeigniter4\system\CodeIgniter.php(320): CodeIgniter\CodeIgniter->handleRequest(NULL, Object(Config\Cache), false)
#4 D:\xampp\htdocs\codeigniter4\public\index.php(37): CodeIgniter\CodeIgniter->run()
#5 D:\xampp\htdocs\codeigniter4\system\Commands\Server\rewrite.php(43): require_once('D:\\xampp\\htdocs...')
#6 {main}
CRITICAL - 2022-02-23 22:26:55 --> Call to a member function simpleLinks() on null
#0 D:\xampp\htdocs\codeigniter4\system\View\View.php(210): include()
#1 D:\xampp\htdocs\codeigniter4\system\View\View.php(213): CodeIgniter\View\View->CodeIgniter\View\{closure}()
#2 D:\xampp\htdocs\codeigniter4\system\Common.php(1089): CodeIgniter\View\View->render('admin/suratk_vi...', Array, true)
#3 D:\xampp\htdocs\codeigniter4\app\Controllers\SuratKeluar.php(25): view('admin/suratk_vi...', Array)
#4 D:\xampp\htdocs\codeigniter4\system\CodeIgniter.php(825): App\Controllers\SuratKeluar->index()
#5 D:\xampp\htdocs\codeigniter4\system\CodeIgniter.php(412): CodeIgniter\CodeIgniter->runController(Object(App\Controllers\SuratKeluar))
#6 D:\xampp\htdocs\codeigniter4\system\CodeIgniter.php(320): CodeIgniter\CodeIgniter->handleRequest(NULL, Object(Config\Cache), false)
#7 D:\xampp\htdocs\codeigniter4\public\index.php(37): CodeIgniter\CodeIgniter->run()
#8 D:\xampp\htdocs\codeigniter4\system\Commands\Server\rewrite.php(43): require_once('D:\\xampp\\htdocs...')
#9 {main}
CRITICAL - 2022-02-23 22:31:24 --> Call to a member function simpleLinks() on null
#0 D:\xampp\htdocs\codeigniter4\system\View\View.php(210): include()
#1 D:\xampp\htdocs\codeigniter4\system\View\View.php(213): CodeIgniter\View\View->CodeIgniter\View\{closure}()
#2 D:\xampp\htdocs\codeigniter4\system\Common.php(1089): CodeIgniter\View\View->render('admin/suratk_vi...', Array, true)
#3 D:\xampp\htdocs\codeigniter4\app\Controllers\SuratKeluar.php(25): view('admin/suratk_vi...', Array)
#4 D:\xampp\htdocs\codeigniter4\system\CodeIgniter.php(825): App\Controllers\SuratKeluar->index()
#5 D:\xampp\htdocs\codeigniter4\system\CodeIgniter.php(412): CodeIgniter\CodeIgniter->runController(Object(App\Controllers\SuratKeluar))
#6 D:\xampp\htdocs\codeigniter4\system\CodeIgniter.php(320): CodeIgniter\CodeIgniter->handleRequest(NULL, Object(Config\Cache), false)
#7 D:\xampp\htdocs\codeigniter4\public\index.php(37): CodeIgniter\CodeIgniter->run()
#8 D:\xampp\htdocs\codeigniter4\system\Commands\Server\rewrite.php(43): require_once('D:\\xampp\\htdocs...')
#9 {main}
CRITICAL - 2022-02-23 22:32:12 --> Call to a member function Links() on null
#0 D:\xampp\htdocs\codeigniter4\system\View\View.php(210): include()
#1 D:\xampp\htdocs\codeigniter4\system\View\View.php(213): CodeIgniter\View\View->CodeIgniter\View\{closure}()
#2 D:\xampp\htdocs\codeigniter4\system\Common.php(1089): CodeIgniter\View\View->render('admin/suratk_vi...', Array, true)
#3 D:\xampp\htdocs\codeigniter4\app\Controllers\SuratKeluar.php(25): view('admin/suratk_vi...', Array)
#4 D:\xampp\htdocs\codeigniter4\system\CodeIgniter.php(825): App\Controllers\SuratKeluar->index()
#5 D:\xampp\htdocs\codeigniter4\system\CodeIgniter.php(412): CodeIgniter\CodeIgniter->runController(Object(App\Controllers\SuratKeluar))
#6 D:\xampp\htdocs\codeigniter4\system\CodeIgniter.php(320): CodeIgniter\CodeIgniter->handleRequest(NULL, Object(Config\Cache), false)
#7 D:\xampp\htdocs\codeigniter4\public\index.php(37): CodeIgniter\CodeIgniter->run()
#8 D:\xampp\htdocs\codeigniter4\system\Commands\Server\rewrite.php(43): require_once('D:\\xampp\\htdocs...')
#9 {main}
CRITICAL - 2022-02-23 22:33:09 --> Argument 1 passed to CodeIgniter\Database\BaseResult::getResult() must be of the type string, null given, called in D:\xampp\htdocs\codeigniter4\system\Model.php on line 184
#0 D:\xampp\htdocs\codeigniter4\system\Model.php(184): CodeIgniter\Database\BaseResult->getResult(NULL)
#1 D:\xampp\htdocs\codeigniter4\system\BaseModel.php(584): CodeIgniter\Model->doFindAll(5, 0)
#2 D:\xampp\htdocs\codeigniter4\system\BaseModel.php(1088): CodeIgniter\BaseModel->findAll(5, 0)
#3 D:\xampp\htdocs\codeigniter4\app\Controllers\SuratKeluar.php(22): CodeIgniter\BaseModel->paginate(5)
#4 D:\xampp\htdocs\codeigniter4\system\CodeIgniter.php(825): App\Controllers\SuratKeluar->index()
#5 D:\xampp\htdocs\codeigniter4\system\CodeIgniter.php(412): CodeIgniter\CodeIgniter->runController(Object(App\Controllers\SuratKeluar))
#6 D:\xampp\htdocs\codeigniter4\system\CodeIgniter.php(320): CodeIgniter\CodeIgniter->handleRequest(NULL, Object(Config\Cache), false)
#7 D:\xampp\htdocs\codeigniter4\public\index.php(37): CodeIgniter\CodeIgniter->run()
#8 D:\xampp\htdocs\codeigniter4\system\Commands\Server\rewrite.php(43): require_once('D:\\xampp\\htdocs...')
#9 {main}
CRITICAL - 2022-02-23 22:41:40 --> Call to a member function get() on null
#0 D:\xampp\htdocs\codeigniter4\app\Controllers\SuratKeluar.php(22): App\Models\SuratK_Model->getAllData()
#1 D:\xampp\htdocs\codeigniter4\system\CodeIgniter.php(825): App\Controllers\SuratKeluar->index()
#2 D:\xampp\htdocs\codeigniter4\system\CodeIgniter.php(412): CodeIgniter\CodeIgniter->runController(Object(App\Controllers\SuratKeluar))
#3 D:\xampp\htdocs\codeigniter4\system\CodeIgniter.php(320): CodeIgniter\CodeIgniter->handleRequest(NULL, Object(Config\Cache), false)
#4 D:\xampp\htdocs\codeigniter4\public\index.php(37): CodeIgniter\CodeIgniter->run()
#5 D:\xampp\htdocs\codeigniter4\system\Commands\Server\rewrite.php(43): require_once('D:\\xampp\\htdocs...')
#6 {main}
CRITICAL - 2022-02-23 22:46:17 --> Call to a member function getResultArray() on array
#0 D:\xampp\htdocs\codeigniter4\system\View\View.php(210): include()
#1 D:\xampp\htdocs\codeigniter4\system\View\View.php(213): CodeIgniter\View\View->CodeIgniter\View\{closure}()
#2 D:\xampp\htdocs\codeigniter4\system\Common.php(1089): CodeIgniter\View\View->render('admin/suratk_vi...', Array, true)
#3 D:\xampp\htdocs\codeigniter4\app\Controllers\SuratKeluar.php(26): view('admin/suratk_vi...', Array)
#4 D:\xampp\htdocs\codeigniter4\system\CodeIgniter.php(825): App\Controllers\SuratKeluar->index()
#5 D:\xampp\htdocs\codeigniter4\system\CodeIgniter.php(412): CodeIgniter\CodeIgniter->runController(Object(App\Controllers\SuratKeluar))
#6 D:\xampp\htdocs\codeigniter4\system\CodeIgniter.php(320): CodeIgniter\CodeIgniter->handleRequest(NULL, Object(Config\Cache), false)
#7 D:\xampp\htdocs\codeigniter4\public\index.php(37): CodeIgniter\CodeIgniter->run()
#8 D:\xampp\htdocs\codeigniter4\system\Commands\Server\rewrite.php(43): require_once('D:\\xampp\\htdocs...')
#9 {main}
CRITICAL - 2022-02-23 22:47:36 --> Undefined variable: data
#0 D:\xampp\htdocs\codeigniter4\app\Views\admin\suratk_view.php(76): CodeIgniter\Debug\Exceptions->errorHandler(8, 'Undefined varia...', 'D:\\xampp\\htdocs...', 76, Array)
#1 D:\xampp\htdocs\codeigniter4\system\View\View.php(210): include('D:\\xampp\\htdocs...')
#2 D:\xampp\htdocs\codeigniter4\system\View\View.php(213): CodeIgniter\View\View->CodeIgniter\View\{closure}()
#3 D:\xampp\htdocs\codeigniter4\system\Common.php(1089): CodeIgniter\View\View->render('admin/suratk_vi...', Array, true)
#4 D:\xampp\htdocs\codeigniter4\app\Controllers\SuratKeluar.php(26): view('admin/suratk_vi...', Array)
#5 D:\xampp\htdocs\codeigniter4\system\CodeIgniter.php(825): App\Controllers\SuratKeluar->index()
#6 D:\xampp\htdocs\codeigniter4\system\CodeIgniter.php(412): CodeIgniter\CodeIgniter->runController(Object(App\Controllers\SuratKeluar))
#7 D:\xampp\htdocs\codeigniter4\system\CodeIgniter.php(320): CodeIgniter\CodeIgniter->handleRequest(NULL, Object(Config\Cache), false)
#8 D:\xampp\htdocs\codeigniter4\public\index.php(37): CodeIgniter\CodeIgniter->run()
#9 D:\xampp\htdocs\codeigniter4\system\Commands\Server\rewrite.php(43): require_once('D:\\xampp\\htdocs...')
#10 {main}
CRITICAL - 2022-02-23 22:48:54 --> Call to a member function getResultArray() on array
#0 D:\xampp\htdocs\codeigniter4\system\View\View.php(210): include()
#1 D:\xampp\htdocs\codeigniter4\system\View\View.php(213): CodeIgniter\View\View->CodeIgniter\View\{closure}()
#2 D:\xampp\htdocs\codeigniter4\system\Common.php(1089): CodeIgniter\View\View->render('admin/suratk_vi...', Array, true)
#3 D:\xampp\htdocs\codeigniter4\app\Controllers\SuratKeluar.php(26): view('admin/suratk_vi...', Array)
#4 D:\xampp\htdocs\codeigniter4\system\CodeIgniter.php(825): App\Controllers\SuratKeluar->index()
#5 D:\xampp\htdocs\codeigniter4\system\CodeIgniter.php(412): CodeIgniter\CodeIgniter->runController(Object(App\Controllers\SuratKeluar))
#6 D:\xampp\htdocs\codeigniter4\system\CodeIgniter.php(320): CodeIgniter\CodeIgniter->handleRequest(NULL, Object(Config\Cache), false)
#7 D:\xampp\htdocs\codeigniter4\public\index.php(37): CodeIgniter\CodeIgniter->run()
#8 D:\xampp\htdocs\codeigniter4\system\Commands\Server\rewrite.php(43): require_once('D:\\xampp\\htdocs...')
#9 {main}
ERROR - 2022-02-23 22:49:38 --> Table 'sekertariat.proyek' doesn't exist
CRITICAL - 2022-02-23 22:49:38 --> Call to a member function getResultArray() on bool
#0 D:\xampp\htdocs\codeigniter4\app\Controllers\SuratKeluar.php(22): App\Models\SuratK_Model->getAllData()
#1 D:\xampp\htdocs\codeigniter4\system\CodeIgniter.php(825): App\Controllers\SuratKeluar->index()
#2 D:\xampp\htdocs\codeigniter4\system\CodeIgniter.php(412): CodeIgniter\CodeIgniter->runController(Object(App\Controllers\SuratKeluar))
#3 D:\xampp\htdocs\codeigniter4\system\CodeIgniter.php(320): CodeIgniter\CodeIgniter->handleRequest(NULL, Object(Config\Cache), false)
#4 D:\xampp\htdocs\codeigniter4\public\index.php(37): CodeIgniter\CodeIgniter->run()
#5 D:\xampp\htdocs\codeigniter4\system\Commands\Server\rewrite.php(43): require_once('D:\\xampp\\htdocs...')
#6 {main}
CRITICAL - 2022-02-23 22:49:58 --> Call to a member function get() on null
#0 D:\xampp\htdocs\codeigniter4\app\Controllers\SuratKeluar.php(22): App\Models\SuratK_Model->getAllData()
#1 D:\xampp\htdocs\codeigniter4\system\CodeIgniter.php(825): App\Controllers\SuratKeluar->index()
#2 D:\xampp\htdocs\codeigniter4\system\CodeIgniter.php(412): CodeIgniter\CodeIgniter->runController(Object(App\Controllers\SuratKeluar))
#3 D:\xampp\htdocs\codeigniter4\system\CodeIgniter.php(320): CodeIgniter\CodeIgniter->handleRequest(NULL, Object(Config\Cache), false)
#4 D:\xampp\htdocs\codeigniter4\public\index.php(37): CodeIgniter\CodeIgniter->run()
#5 D:\xampp\htdocs\codeigniter4\system\Commands\Server\rewrite.php(43): require_once('D:\\xampp\\htdocs...')
#6 {main}
CRITICAL - 2022-02-23 22:50:27 --> Call to a member function getResultArray() on array
#0 D:\xampp\htdocs\codeigniter4\system\View\View.php(210): include()
#1 D:\xampp\htdocs\codeigniter4\system\View\View.php(213): CodeIgniter\View\View->CodeIgniter\View\{closure}()
#2 D:\xampp\htdocs\codeigniter4\system\Common.php(1089): CodeIgniter\View\View->render('admin/suratk_vi...', Array, true)
#3 D:\xampp\htdocs\codeigniter4\app\Controllers\SuratKeluar.php(26): view('admin/suratk_vi...', Array)
#4 D:\xampp\htdocs\codeigniter4\system\CodeIgniter.php(825): App\Controllers\SuratKeluar->index()
#5 D:\xampp\htdocs\codeigniter4\system\CodeIgniter.php(412): CodeIgniter\CodeIgniter->runController(Object(App\Controllers\SuratKeluar))
#6 D:\xampp\htdocs\codeigniter4\system\CodeIgniter.php(320): CodeIgniter\CodeIgniter->handleRequest(NULL, Object(Config\Cache), false)
#7 D:\xampp\htdocs\codeigniter4\public\index.php(37): CodeIgniter\CodeIgniter->run()
#8 D:\xampp\htdocs\codeigniter4\system\Commands\Server\rewrite.php(43): require_once('D:\\xampp\\htdocs...')
#9 {main}
CRITICAL - 2022-02-23 22:50:51 --> Call to a member function getResultArray() on array
#0 D:\xampp\htdocs\codeigniter4\system\View\View.php(210): include()
#1 D:\xampp\htdocs\codeigniter4\system\View\View.php(213): CodeIgniter\View\View->CodeIgniter\View\{closure}()
#2 D:\xampp\htdocs\codeigniter4\system\Common.php(1089): CodeIgniter\View\View->render('admin/suratk_vi...', Array, true)
#3 D:\xampp\htdocs\codeigniter4\app\Controllers\SuratKeluar.php(26): view('admin/suratk_vi...', Array)
#4 D:\xampp\htdocs\codeigniter4\system\CodeIgniter.php(825): App\Controllers\SuratKeluar->index()
#5 D:\xampp\htdocs\codeigniter4\system\CodeIgniter.php(412): CodeIgniter\CodeIgniter->runController(Object(App\Controllers\SuratKeluar))
#6 D:\xampp\htdocs\codeigniter4\system\CodeIgniter.php(320): CodeIgniter\CodeIgniter->handleRequest(NULL, Object(Config\Cache), false)
#7 D:\xampp\htdocs\codeigniter4\public\index.php(37): CodeIgniter\CodeIgniter->run()
#8 D:\xampp\htdocs\codeigniter4\system\Commands\Server\rewrite.php(43): require_once('D:\\xampp\\htdocs...')
#9 {main}
CRITICAL - 2022-02-23 22:53:38 --> Call to a member function insert() on null
#0 D:\xampp\htdocs\codeigniter4\app\Controllers\SuratKeluar.php(82): App\Models\SuratK_Model->addSuratsk(Array)
#1 D:\xampp\htdocs\codeigniter4\system\CodeIgniter.php(825): App\Controllers\SuratKeluar->addSuratsk()
#2 D:\xampp\htdocs\codeigniter4\system\CodeIgniter.php(412): CodeIgniter\CodeIgniter->runController(Object(App\Controllers\SuratKeluar))
#3 D:\xampp\htdocs\codeigniter4\system\CodeIgniter.php(320): CodeIgniter\CodeIgniter->handleRequest(NULL, Object(Config\Cache), false)
#4 D:\xampp\htdocs\codeigniter4\public\index.php(37): CodeIgniter\CodeIgniter->run()
#5 D:\xampp\htdocs\codeigniter4\system\Commands\Server\rewrite.php(43): require_once('D:\\xampp\\htdocs...')
#6 {main}
CRITICAL - 2022-02-23 22:54:42 --> Argument 1 passed to CodeIgniter\Database\BaseResult::getResult() must be of the type string, null given, called in D:\xampp\htdocs\codeigniter4\system\Model.php on line 184
#0 D:\xampp\htdocs\codeigniter4\system\Model.php(184): CodeIgniter\Database\BaseResult->getResult(NULL)
#1 D:\xampp\htdocs\codeigniter4\system\BaseModel.php(584): CodeIgniter\Model->doFindAll(9, 0)
#2 D:\xampp\htdocs\codeigniter4\system\BaseModel.php(1088): CodeIgniter\BaseModel->findAll(9, 0)
#3 D:\xampp\htdocs\codeigniter4\app\Controllers\SuratKeluar.php(23): CodeIgniter\BaseModel->paginate(9, 'proyek')
#4 D:\xampp\htdocs\codeigniter4\system\CodeIgniter.php(825): App\Controllers\SuratKeluar->index()
#5 D:\xampp\htdocs\codeigniter4\system\CodeIgniter.php(412): CodeIgniter\CodeIgniter->runController(Object(App\Controllers\SuratKeluar))
#6 D:\xampp\htdocs\codeigniter4\system\CodeIgniter.php(320): CodeIgniter\CodeIgniter->handleRequest(NULL, Object(Config\Cache), false)
#7 D:\xampp\htdocs\codeigniter4\public\index.php(37): CodeIgniter\CodeIgniter->run()
#8 D:\xampp\htdocs\codeigniter4\system\Commands\Server\rewrite.php(43): require_once('D:\\xampp\\htdocs...')
#9 {main}
CRITICAL - 2022-02-23 22:54:44 --> Argument 1 passed to CodeIgniter\Database\BaseResult::getResult() must be of the type string, null given, called in D:\xampp\htdocs\codeigniter4\system\Model.php on line 184
#0 D:\xampp\htdocs\codeigniter4\system\Model.php(184): CodeIgniter\Database\BaseResult->getResult(NULL)
#1 D:\xampp\htdocs\codeigniter4\system\BaseModel.php(584): CodeIgniter\Model->doFindAll(9, 0)
#2 D:\xampp\htdocs\codeigniter4\system\BaseModel.php(1088): CodeIgniter\BaseModel->findAll(9, 0)
#3 D:\xampp\htdocs\codeigniter4\app\Controllers\SuratKeluar.php(23): CodeIgniter\BaseModel->paginate(9, 'proyek')
#4 D:\xampp\htdocs\codeigniter4\system\CodeIgniter.php(825): App\Controllers\SuratKeluar->index()
#5 D:\xampp\htdocs\codeigniter4\system\CodeIgniter.php(412): CodeIgniter\CodeIgniter->runController(Object(App\Controllers\SuratKeluar))
#6 D:\xampp\htdocs\codeigniter4\system\CodeIgniter.php(320): CodeIgniter\CodeIgniter->handleRequest(NULL, Object(Config\Cache), false)
#7 D:\xampp\htdocs\codeigniter4\public\index.php(37): CodeIgniter\CodeIgniter->run()
#8 D:\xampp\htdocs\codeigniter4\system\Commands\Server\rewrite.php(43): require_once('D:\\xampp\\htdocs...')
#9 {main}
